#
# There is insufficient memory for the Java Runtime Environment to continue.
# Native memory allocation (malloc) failed to allocate 1717600 bytes for Chunk::new
# Possible reasons:
#   The system is out of physical RAM or swap space
#   The process is running with CompressedOops enabled, and the Java Heap may be blocking the growth of the native heap
# Possible solutions:
#   Reduce memory load on the system
#   Increase physical memory or swap space
#   Check if swap backing store is full
#   Decrease Java heap size (-Xmx/-Xms)
#   Decrease number of Java threads
#   Decrease Java thread stack sizes (-Xss)
#   Set larger code cache with -XX:ReservedCodeCacheSize=
#   JVM is running with Unscaled Compressed Oops mode in which the Java heap is
#     placed in the first 4GB address space. The Java Heap base address is the
#     maximum limit for the native heap growth. Please use -XX:HeapBaseMinAddress
#     to set the Java Heap base and to place the Java Heap above 4GB virtual address.
# This output file may be truncated or incomplete.
#
#  Out of Memory Error (arena.cpp:191), pid=17612, tid=16532
#
# JRE version: OpenJDK Runtime Environment Temurin-17.0.10+7 (17.0.10+7) (build 17.0.10+7)
# Java VM: OpenJDK 64-Bit Server VM Temurin-17.0.10+7 (17.0.10+7, mixed mode, tiered, compressed oops, compressed class ptrs, parallel gc, windows-amd64)
# No core dump will be written. Minidumps are not enabled by default on client versions of Windows
#

---------------  S U M M A R Y ------------

Command Line: --add-modules=ALL-SYSTEM --add-opens=java.base/java.util=ALL-UNNAMED --add-opens=java.base/java.lang=ALL-UNNAMED --add-opens=java.base/sun.nio.fs=ALL-UNNAMED -Declipse.application=org.eclipse.jdt.ls.core.id1 -Dosgi.bundles.defaultStartLevel=4 -Declipse.product=org.eclipse.jdt.ls.core.product -Djava.import.generatesMetadataFilesAtProjectRoot=false -DDetectVMInstallationsJob.disabled=true -Dfile.encoding=utf8 -XX:+UseParallelGC -XX:GCTimeRatio=4 -XX:AdaptiveSizePolicyWeight=90 -Dsun.zip.disableMemoryMapping=true -Xmx1G -Xms100m -Xlog:disable -javaagent:c:\Users\ferna\.vscode\extensions\redhat.java-1.29.0-win32-x64\lombok\lombok-1.18.32.jar c:\Users\ferna\.vscode\extensions\redhat.java-1.29.0-win32-x64\server\plugins\org.eclipse.equinox.launcher_1.6.800.v20240304-1850.jar -configuration c:\Users\ferna\AppData\Roaming\Code\User\globalStorage\redhat.java\1.29.0\config_ss_win -data c:\Users\ferna\AppData\Roaming\Code\User\workspaceStorage\62be571db2466fc7fa80bd9412ada204\redhat.java\ss_ws --stdio

Host: AMD Ryzen 5 5500U with Radeon Graphics         , 12 cores, 7G,  Windows 11 , 64 bit Build 22621 (10.0.22621.3374)
Time: Wed Apr 24 22:48:31 2024 Hora estándar, América Central elapsed time: 2.882119 seconds (0d 0h 0m 2s)

---------------  T H R E A D  ---------------

Current thread (0x000001986a81d260):  JavaThread "C2 CompilerThread0" daemon [_thread_in_native, id=16532, stack(0x00000097f2400000,0x00000097f2500000)]


Current CompileTask:
C2:   2882 2281       4       org.lombokweb.asm.ClassReader::readMethod (1066 bytes)

Stack: [0x00000097f2400000,0x00000097f2500000]
Native frames: (J=compiled Java code, j=interpreted, Vv=VM code, C=native code)
V  [jvm.dll+0x67d2c9]
V  [jvm.dll+0x834afa]
V  [jvm.dll+0x8365be]
V  [jvm.dll+0x836c23]
V  [jvm.dll+0x2477ff]
V  [jvm.dll+0xac514]
V  [jvm.dll+0xacb5c]
V  [jvm.dll+0x3667d7]
V  [jvm.dll+0x330bfa]
V  [jvm.dll+0x33009a]
V  [jvm.dll+0x219ef1]
V  [jvm.dll+0x219311]
V  [jvm.dll+0x1a502d]
V  [jvm.dll+0x2290de]
V  [jvm.dll+0x2272ac]
V  [jvm.dll+0x7e9bb7]
V  [jvm.dll+0x7e3fba]
V  [jvm.dll+0x67c1b5]
C  [ucrtbase.dll+0x29333]
C  [KERNEL32.DLL+0x1257d]
C  [ntdll.dll+0x5aa48]


---------------  P R O C E S S  ---------------

Threads class SMR info:
_java_thread_list=0x000001986d81db00, length=21, elements={
0x000001984f8f3ac0, 0x00000198656c8260, 0x00000198656c95c0, 0x00000198656cc330,
0x00000198656ccef0, 0x00000198656cdab0, 0x000001986a81bec0, 0x000001986a81d260,
0x000001986a821fb0, 0x000001986a8289d0, 0x000001986a946370, 0x000001986c09f550,
0x000001986c61fda0, 0x000001986c539f10, 0x000001986c5c15f0, 0x000001986c668f50,
0x000001986c66a390, 0x000001986c66b2c0, 0x000001986c66a8a0, 0x000001986c669970,
0x000001986c66adb0
}

Java Threads: ( => current thread )
  0x000001984f8f3ac0 JavaThread "main" [_thread_blocked, id=20220, stack(0x00000097f1b00000,0x00000097f1c00000)]
  0x00000198656c8260 JavaThread "Reference Handler" daemon [_thread_blocked, id=17108, stack(0x00000097f1e00000,0x00000097f1f00000)]
  0x00000198656c95c0 JavaThread "Finalizer" daemon [_thread_blocked, id=19940, stack(0x00000097f1f00000,0x00000097f2000000)]
  0x00000198656cc330 JavaThread "Signal Dispatcher" daemon [_thread_blocked, id=1952, stack(0x00000097f2000000,0x00000097f2100000)]
  0x00000198656ccef0 JavaThread "Attach Listener" daemon [_thread_blocked, id=3452, stack(0x00000097f2100000,0x00000097f2200000)]
  0x00000198656cdab0 JavaThread "Service Thread" daemon [_thread_blocked, id=22432, stack(0x00000097f2200000,0x00000097f2300000)]
  0x000001986a81bec0 JavaThread "Monitor Deflation Thread" daemon [_thread_blocked, id=17996, stack(0x00000097f2300000,0x00000097f2400000)]
=>0x000001986a81d260 JavaThread "C2 CompilerThread0" daemon [_thread_in_native, id=16532, stack(0x00000097f2400000,0x00000097f2500000)]
  0x000001986a821fb0 JavaThread "C1 CompilerThread0" daemon [_thread_blocked, id=5776, stack(0x00000097f2500000,0x00000097f2600000)]
  0x000001986a8289d0 JavaThread "Sweeper thread" daemon [_thread_blocked, id=7588, stack(0x00000097f2600000,0x00000097f2700000)]
  0x000001986a946370 JavaThread "Common-Cleaner" daemon [_thread_blocked, id=18044, stack(0x00000097f2700000,0x00000097f2800000)]
  0x000001986c09f550 JavaThread "Notification Thread" daemon [_thread_blocked, id=22464, stack(0x00000097f2800000,0x00000097f2900000)]
  0x000001986c61fda0 JavaThread "Active Thread: Equinox Container: 96b491c8-333e-4d15-b189-95d09815ec85" [_thread_blocked, id=11912, stack(0x00000097f3000000,0x00000097f3100000)]
  0x000001986c539f10 JavaThread "Framework Event Dispatcher: Equinox Container: 96b491c8-333e-4d15-b189-95d09815ec85" daemon [_thread_blocked, id=2864, stack(0x00000097f3100000,0x00000097f3200000)]
  0x000001986c5c15f0 JavaThread "Start Level: Equinox Container: 96b491c8-333e-4d15-b189-95d09815ec85" daemon [_thread_in_native, id=12120, stack(0x00000097f3200000,0x00000097f3300000)]
  0x000001986c668f50 JavaThread "SCR Component Actor" daemon [_thread_blocked, id=9336, stack(0x00000097f3300000,0x00000097f3400000)]
  0x000001986c66a390 JavaThread "SCR Component Registry" daemon [_thread_blocked, id=20272, stack(0x00000097f3500000,0x00000097f3600000)]
  0x000001986c66b2c0 JavaThread "Worker-JM" [_thread_blocked, id=7288, stack(0x00000097f3600000,0x00000097f3700000)]
  0x000001986c66a8a0 JavaThread "Worker-0" [_thread_blocked, id=6324, stack(0x00000097f3900000,0x00000097f3a00000)]
  0x000001986c669970 JavaThread "Worker-1" [_thread_blocked, id=20688, stack(0x00000097f3a00000,0x00000097f3b00000)]
  0x000001986c66adb0 JavaThread "Java indexing" daemon [_thread_blocked, id=17324, stack(0x00000097f3b00000,0x00000097f3c00000)]

Other Threads:
  0x00000198656b11e0 VMThread "VM Thread" [stack: 0x00000097f1d00000,0x00000097f1e00000] [id=2360]
  0x000001986ab283d0 WatcherThread [stack: 0x00000097f2900000,0x00000097f2a00000] [id=4640]
  0x000001984f90c530 GCTaskThread "GC Thread#0" [stack: 0x00000097f1c00000,0x00000097f1d00000] [id=3436]
  0x000001986c75d9f0 GCTaskThread "GC Thread#1" [stack: 0x00000097f2a00000,0x00000097f2b00000] [id=13564]
  0x000001986c75e4d0 GCTaskThread "GC Thread#2" [stack: 0x00000097f2b00000,0x00000097f2c00000] [id=19376]
  0x000001986c2c4860 GCTaskThread "GC Thread#3" [stack: 0x00000097f2c00000,0x00000097f2d00000] [id=22500]
  0x000001986c2c4b20 GCTaskThread "GC Thread#4" [stack: 0x00000097f2d00000,0x00000097f2e00000] [id=6332]
  0x000001986c2c4de0 GCTaskThread "GC Thread#5" [stack: 0x00000097f2e00000,0x00000097f2f00000] [id=2208]
  0x000001986c2c50a0 GCTaskThread "GC Thread#6" [stack: 0x00000097f2f00000,0x00000097f3000000] [id=10552]
  0x000001986cb360d0 GCTaskThread "GC Thread#7" [stack: 0x00000097f3400000,0x00000097f3500000] [id=15748]
  0x000001986cc7f080 GCTaskThread "GC Thread#8" [stack: 0x00000097f3700000,0x00000097f3800000] [id=17204]
  0x000001986c970660 GCTaskThread "GC Thread#9" [stack: 0x00000097f3800000,0x00000097f3900000] [id=11976]

Threads with active compile tasks:
C2 CompilerThread0     2911 2281       4       org.lombokweb.asm.ClassReader::readMethod (1066 bytes)

VM state: not at safepoint (normal execution)

VM Mutex/Monitor currently owned by a thread: None

Heap address: 0x00000000c0000000, size: 1024 MB, Compressed Oops mode: 32-bit

CDS archive(s) not mapped
Compressed class space mapped at: 0x0000000100000000-0x0000000140000000, reserved size: 1073741824
Narrow klass base: 0x0000000000000000, Narrow klass shift: 3, Narrow klass range: 0x140000000

GC Precious Log:
 CPUs: 12 total, 12 available
 Memory: 7502M
 Large Page Support: Disabled
 NUMA Support: Disabled
 Compressed Oops: Enabled (32-bit)
 Alignments: Space 512K, Generation 512K, Heap 2M
 Heap Min Capacity: 100M
 Heap Initial Capacity: 100M
 Heap Max Capacity: 1G
 Pre-touch: Disabled
 Parallel Workers: 10

Heap:
 PSYoungGen      total 26624K, used 13171K [0x00000000eab00000, 0x00000000ec800000, 0x0000000100000000)
  eden space 24576K, 45% used [0x00000000eab00000,0x00000000eb606b48,0x00000000ec300000)
  from space 2048K, 91% used [0x00000000ec600000,0x00000000ec7d6270,0x00000000ec800000)
  to   space 2560K, 0% used [0x00000000ec300000,0x00000000ec300000,0x00000000ec580000)
 ParOldGen       total 68608K, used 7611K [0x00000000c0000000, 0x00000000c4300000, 0x00000000eab00000)
  object space 68608K, 11% used [0x00000000c0000000,0x00000000c076ed40,0x00000000c4300000)
 Metaspace       used 27823K, committed 28224K, reserved 1114112K
  class space    used 2689K, committed 2880K, reserved 1048576K

Card table byte_map: [0x0000019862f40000,0x0000019863150000] _byte_map_base: 0x0000019862940000

Marking Bits: (ParMarkBitMap*) 0x00007fffa190d7d0
 Begin Bits: [0x00000198632b0000, 0x00000198642b0000)
 End Bits:   [0x00000198642b0000, 0x00000198652b0000)

Polling page: 0x0000019853d30000

Metaspace:

Usage:
  Non-class:     24.55 MB used.
      Class:      2.63 MB used.
       Both:     27.17 MB used.

Virtual space:
  Non-class space:       64.00 MB reserved,      24.81 MB ( 39%) committed,  1 nodes.
      Class space:        1.00 GB reserved,       2.81 MB ( <1%) committed,  1 nodes.
             Both:        1.06 GB reserved,      27.62 MB (  3%) committed. 

Chunk freelists:
   Non-Class:  7.00 MB
       Class:  13.01 MB
        Both:  20.01 MB

MaxMetaspaceSize: unlimited
CompressedClassSpaceSize: 1.00 GB
Initial GC threshold: 21.00 MB
Current GC threshold: 35.00 MB
CDS: off
MetaspaceReclaimPolicy: balanced
 - commit_granule_bytes: 65536.
 - commit_granule_words: 8192.
 - virtual_space_node_default_size: 8388608.
 - enlarge_chunks_in_place: 1.
 - new_chunks_are_fully_committed: 0.
 - uncommit_free_chunks: 1.
 - use_allocation_guard: 0.
 - handle_deallocations: 1.


Internal statistics:

num_allocs_failed_limit: 3.
num_arena_births: 274.
num_arena_deaths: 14.
num_vsnodes_births: 2.
num_vsnodes_deaths: 0.
num_space_committed: 442.
num_space_uncommitted: 0.
num_chunks_returned_to_freelist: 17.
num_chunks_taken_from_freelist: 1021.
num_chunk_merges: 5.
num_chunk_splits: 663.
num_chunks_enlarged: 467.
num_inconsistent_stats: 0.

CodeHeap 'non-profiled nmethods': size=120000Kb used=890Kb max_used=890Kb free=119109Kb
 bounds [0x000001985b820000, 0x000001985ba90000, 0x0000019862d50000]
CodeHeap 'profiled nmethods': size=120000Kb used=4937Kb max_used=4937Kb free=115062Kb
 bounds [0x0000019853d50000, 0x0000019854230000, 0x000001985b280000]
CodeHeap 'non-nmethods': size=5760Kb used=1236Kb max_used=1239Kb free=4523Kb
 bounds [0x000001985b280000, 0x000001985b4f0000, 0x000001985b820000]
 total_blobs=2989 nmethods=2441 adapters=462
 compilation: enabled
              stopped_count=0, restarted_count=0
 full_count=0

Compilation events (20 events):
Event: 2.872 Thread 0x000001986a821fb0 nmethod 2392 0x000001985b8fd210 code [0x000001985b8fd3a0, 0x000001985b8fd478]
Event: 2.872 Thread 0x000001986a821fb0 2394       1       sun.util.locale.StringTokenIterator::currentEnd (5 bytes)
Event: 2.872 Thread 0x000001986a821fb0 nmethod 2394 0x000001985b8fd510 code [0x000001985b8fd6a0, 0x000001985b8fd778]
Event: 2.872 Thread 0x000001986a821fb0 2395       1       sun.util.locale.BaseLocale$Key::hashCode (5 bytes)
Event: 2.872 Thread 0x000001986a821fb0 nmethod 2395 0x000001985b8fd810 code [0x000001985b8fd9a0, 0x000001985b8fda78]
Event: 2.872 Thread 0x000001986a821fb0 2396   !   3       java.util.concurrent.ConcurrentHashMap::transfer (850 bytes)
Event: 2.874 Thread 0x000001986a821fb0 nmethod 2396 0x00000198541f9f10 code [0x00000198541fa320, 0x00000198541fc678]
Event: 2.875 Thread 0x000001986a821fb0 2400       3       sun.util.locale.LocaleUtils::toLowerString (95 bytes)
Event: 2.876 Thread 0x000001986a821fb0 nmethod 2400 0x00000198541fdd10 code [0x00000198541fdfe0, 0x00000198541ff188]
Event: 2.876 Thread 0x000001986a821fb0 2407       3       sun.util.locale.StringTokenIterator::nextDelimiter (116 bytes)
Event: 2.877 Thread 0x000001986a821fb0 nmethod 2407 0x00000198541ff890 code [0x00000198541ffbc0, 0x0000019854201018]
Event: 2.877 Thread 0x000001986a821fb0 2410       3       sun.util.locale.LocaleUtils::isAlphaString (33 bytes)
Event: 2.878 Thread 0x000001986a821fb0 nmethod 2410 0x0000019854201910 code [0x0000019854201b40, 0x0000019854202438]
Event: 2.878 Thread 0x000001986a821fb0 2397       3       sun.util.locale.LocaleUtils::isLower (18 bytes)
Event: 2.878 Thread 0x000001986a821fb0 nmethod 2397 0x0000019854202810 code [0x00000198542029a0, 0x0000019854202b18]
Event: 2.878 Thread 0x000001986a821fb0 2398       3       sun.util.locale.ParseStatus::isError (13 bytes)
Event: 2.878 Thread 0x000001986a821fb0 nmethod 2398 0x0000019854202b90 code [0x0000019854202d20, 0x0000019854202e98]
Event: 2.878 Thread 0x000001986a821fb0 2399       3       sun.util.locale.BaseLocale::hashCode (67 bytes)
Event: 2.878 Thread 0x000001986a821fb0 nmethod 2399 0x0000019854202f10 code [0x00000198542030e0, 0x00000198542033b8]
Event: 2.878 Thread 0x000001986a821fb0 2413       3       sun.util.locale.BaseLocale$Key::hashCode (178 bytes)

GC Heap History (14 events):
Event: 1.050 GC heap before
{Heap before GC invocations=1 (full 0):
 PSYoungGen      total 29696K, used 25600K [0x00000000eab00000, 0x00000000ecc00000, 0x0000000100000000)
  eden space 25600K, 100% used [0x00000000eab00000,0x00000000ec400000,0x00000000ec400000)
  from space 4096K, 0% used [0x00000000ec800000,0x00000000ec800000,0x00000000ecc00000)
  to   space 4096K, 0% used [0x00000000ec400000,0x00000000ec400000,0x00000000ec800000)
 ParOldGen       total 68608K, used 0K [0x00000000c0000000, 0x00000000c4300000, 0x00000000eab00000)
  object space 68608K, 0% used [0x00000000c0000000,0x00000000c0000000,0x00000000c4300000)
 Metaspace       used 11012K, committed 11200K, reserved 1114112K
  class space    used 1098K, committed 1216K, reserved 1048576K
}
Event: 1.058 GC heap after
{Heap after GC invocations=1 (full 0):
 PSYoungGen      total 29696K, used 3172K [0x00000000eab00000, 0x00000000ecc00000, 0x0000000100000000)
  eden space 25600K, 0% used [0x00000000eab00000,0x00000000eab00000,0x00000000ec400000)
  from space 4096K, 77% used [0x00000000ec400000,0x00000000ec719288,0x00000000ec800000)
  to   space 4096K, 0% used [0x00000000ec800000,0x00000000ec800000,0x00000000ecc00000)
 ParOldGen       total 68608K, used 16K [0x00000000c0000000, 0x00000000c4300000, 0x00000000eab00000)
  object space 68608K, 0% used [0x00000000c0000000,0x00000000c0004000,0x00000000c4300000)
 Metaspace       used 11012K, committed 11200K, reserved 1114112K
  class space    used 1098K, committed 1216K, reserved 1048576K
}
Event: 1.715 GC heap before
{Heap before GC invocations=2 (full 0):
 PSYoungGen      total 29696K, used 28772K [0x00000000eab00000, 0x00000000ecc00000, 0x0000000100000000)
  eden space 25600K, 100% used [0x00000000eab00000,0x00000000ec400000,0x00000000ec400000)
  from space 4096K, 77% used [0x00000000ec400000,0x00000000ec719288,0x00000000ec800000)
  to   space 4096K, 0% used [0x00000000ec800000,0x00000000ec800000,0x00000000ecc00000)
 ParOldGen       total 68608K, used 16K [0x00000000c0000000, 0x00000000c4300000, 0x00000000eab00000)
  object space 68608K, 0% used [0x00000000c0000000,0x00000000c0004000,0x00000000c4300000)
 Metaspace       used 14676K, committed 14912K, reserved 1114112K
  class space    used 1486K, committed 1600K, reserved 1048576K
}
Event: 1.720 GC heap after
{Heap after GC invocations=2 (full 0):
 PSYoungGen      total 29696K, used 4090K [0x00000000eab00000, 0x00000000ecc00000, 0x0000000100000000)
  eden space 25600K, 0% used [0x00000000eab00000,0x00000000eab00000,0x00000000ec400000)
  from space 4096K, 99% used [0x00000000ec800000,0x00000000ecbfeac8,0x00000000ecc00000)
  to   space 4096K, 0% used [0x00000000ec400000,0x00000000ec400000,0x00000000ec800000)
 ParOldGen       total 68608K, used 716K [0x00000000c0000000, 0x00000000c4300000, 0x00000000eab00000)
  object space 68608K, 1% used [0x00000000c0000000,0x00000000c00b3020,0x00000000c4300000)
 Metaspace       used 14676K, committed 14912K, reserved 1114112K
  class space    used 1486K, committed 1600K, reserved 1048576K
}
Event: 2.239 GC heap before
{Heap before GC invocations=3 (full 0):
 PSYoungGen      total 29696K, used 29690K [0x00000000eab00000, 0x00000000ecc00000, 0x0000000100000000)
  eden space 25600K, 100% used [0x00000000eab00000,0x00000000ec400000,0x00000000ec400000)
  from space 4096K, 99% used [0x00000000ec800000,0x00000000ecbfeac8,0x00000000ecc00000)
  to   space 4096K, 0% used [0x00000000ec400000,0x00000000ec400000,0x00000000ec800000)
 ParOldGen       total 68608K, used 716K [0x00000000c0000000, 0x00000000c4300000, 0x00000000eab00000)
  object space 68608K, 1% used [0x00000000c0000000,0x00000000c00b3020,0x00000000c4300000)
 Metaspace       used 19749K, committed 20160K, reserved 1114112K
  class space    used 2032K, committed 2240K, reserved 1048576K
}
Event: 2.244 GC heap after
{Heap after GC invocations=3 (full 0):
 PSYoungGen      total 29696K, used 4073K [0x00000000eab00000, 0x00000000ecc00000, 0x0000000100000000)
  eden space 25600K, 0% used [0x00000000eab00000,0x00000000eab00000,0x00000000ec400000)
  from space 4096K, 99% used [0x00000000ec400000,0x00000000ec7fa778,0x00000000ec800000)
  to   space 4096K, 0% used [0x00000000ec800000,0x00000000ec800000,0x00000000ecc00000)
 ParOldGen       total 68608K, used 2467K [0x00000000c0000000, 0x00000000c4300000, 0x00000000eab00000)
  object space 68608K, 3% used [0x00000000c0000000,0x00000000c0268c18,0x00000000c4300000)
 Metaspace       used 19749K, committed 20160K, reserved 1114112K
  class space    used 2032K, committed 2240K, reserved 1048576K
}
Event: 2.329 GC heap before
{Heap before GC invocations=4 (full 0):
 PSYoungGen      total 29696K, used 11434K [0x00000000eab00000, 0x00000000ecc00000, 0x0000000100000000)
  eden space 25600K, 28% used [0x00000000eab00000,0x00000000eb230350,0x00000000ec400000)
  from space 4096K, 99% used [0x00000000ec400000,0x00000000ec7fa778,0x00000000ec800000)
  to   space 4096K, 0% used [0x00000000ec800000,0x00000000ec800000,0x00000000ecc00000)
 ParOldGen       total 68608K, used 2467K [0x00000000c0000000, 0x00000000c4300000, 0x00000000eab00000)
  object space 68608K, 3% used [0x00000000c0000000,0x00000000c0268c18,0x00000000c4300000)
 Metaspace       used 21118K, committed 21504K, reserved 1114112K
  class space    used 2184K, committed 2368K, reserved 1048576K
}
Event: 2.331 GC heap after
{Heap after GC invocations=4 (full 0):
 PSYoungGen      total 29696K, used 4064K [0x00000000eab00000, 0x00000000ecc00000, 0x0000000100000000)
  eden space 25600K, 0% used [0x00000000eab00000,0x00000000eab00000,0x00000000ec400000)
  from space 4096K, 99% used [0x00000000ec800000,0x00000000ecbf8340,0x00000000ecc00000)
  to   space 4096K, 0% used [0x00000000ec400000,0x00000000ec400000,0x00000000ec800000)
 ParOldGen       total 68608K, used 2957K [0x00000000c0000000, 0x00000000c4300000, 0x00000000eab00000)
  object space 68608K, 4% used [0x00000000c0000000,0x00000000c02e37d8,0x00000000c4300000)
 Metaspace       used 21118K, committed 21504K, reserved 1114112K
  class space    used 2184K, committed 2368K, reserved 1048576K
}
Event: 2.331 GC heap before
{Heap before GC invocations=5 (full 1):
 PSYoungGen      total 29696K, used 4064K [0x00000000eab00000, 0x00000000ecc00000, 0x0000000100000000)
  eden space 25600K, 0% used [0x00000000eab00000,0x00000000eab00000,0x00000000ec400000)
  from space 4096K, 99% used [0x00000000ec800000,0x00000000ecbf8340,0x00000000ecc00000)
  to   space 4096K, 0% used [0x00000000ec400000,0x00000000ec400000,0x00000000ec800000)
 ParOldGen       total 68608K, used 2957K [0x00000000c0000000, 0x00000000c4300000, 0x00000000eab00000)
  object space 68608K, 4% used [0x00000000c0000000,0x00000000c02e37d8,0x00000000c4300000)
 Metaspace       used 21118K, committed 21504K, reserved 1114112K
  class space    used 2184K, committed 2368K, reserved 1048576K
}
Event: 2.347 GC heap after
{Heap after GC invocations=5 (full 1):
 PSYoungGen      total 29696K, used 0K [0x00000000eab00000, 0x00000000ecc00000, 0x0000000100000000)
  eden space 25600K, 0% used [0x00000000eab00000,0x00000000eab00000,0x00000000ec400000)
  from space 4096K, 0% used [0x00000000ec800000,0x00000000ec800000,0x00000000ecc00000)
  to   space 4096K, 0% used [0x00000000ec400000,0x00000000ec400000,0x00000000ec800000)
 ParOldGen       total 68608K, used 6822K [0x00000000c0000000, 0x00000000c4300000, 0x00000000eab00000)
  object space 68608K, 9% used [0x00000000c0000000,0x00000000c06a9830,0x00000000c4300000)
 Metaspace       used 21105K, committed 21504K, reserved 1114112K
  class space    used 2180K, committed 2368K, reserved 1048576K
}
Event: 2.588 GC heap before
{Heap before GC invocations=6 (full 1):
 PSYoungGen      total 29696K, used 25600K [0x00000000eab00000, 0x00000000ecc00000, 0x0000000100000000)
  eden space 25600K, 100% used [0x00000000eab00000,0x00000000ec400000,0x00000000ec400000)
  from space 4096K, 0% used [0x00000000ec800000,0x00000000ec800000,0x00000000ecc00000)
  to   space 4096K, 0% used [0x00000000ec400000,0x00000000ec400000,0x00000000ec800000)
 ParOldGen       total 68608K, used 6822K [0x00000000c0000000, 0x00000000c4300000, 0x00000000eab00000)
  object space 68608K, 9% used [0x00000000c0000000,0x00000000c06a9830,0x00000000c4300000)
 Metaspace       used 24174K, committed 24640K, reserved 1114112K
  class space    used 2396K, committed 2624K, reserved 1048576K
}
Event: 2.589 GC heap after
{Heap after GC invocations=6 (full 1):
 PSYoungGen      total 26112K, used 824K [0x00000000eab00000, 0x00000000ec880000, 0x0000000100000000)
  eden space 25088K, 0% used [0x00000000eab00000,0x00000000eab00000,0x00000000ec380000)
  from space 1024K, 80% used [0x00000000ec400000,0x00000000ec4ce200,0x00000000ec500000)
  to   space 2560K, 0% used [0x00000000ec600000,0x00000000ec600000,0x00000000ec880000)
 ParOldGen       total 68608K, used 6822K [0x00000000c0000000, 0x00000000c4300000, 0x00000000eab00000)
  object space 68608K, 9% used [0x00000000c0000000,0x00000000c06a9830,0x00000000c4300000)
 Metaspace       used 24174K, committed 24640K, reserved 1114112K
  class space    used 2396K, committed 2624K, reserved 1048576K
}
Event: 2.750 GC heap before
{Heap before GC invocations=7 (full 1):
 PSYoungGen      total 26112K, used 25912K [0x00000000eab00000, 0x00000000ec880000, 0x0000000100000000)
  eden space 25088K, 100% used [0x00000000eab00000,0x00000000ec380000,0x00000000ec380000)
  from space 1024K, 80% used [0x00000000ec400000,0x00000000ec4ce200,0x00000000ec500000)
  to   space 2560K, 0% used [0x00000000ec600000,0x00000000ec600000,0x00000000ec880000)
 ParOldGen       total 68608K, used 6822K [0x00000000c0000000, 0x00000000c4300000, 0x00000000eab00000)
  object space 68608K, 9% used [0x00000000c0000000,0x00000000c06a9830,0x00000000c4300000)
 Metaspace       used 26901K, committed 27328K, reserved 1114112K
  class space    used 2613K, committed 2816K, reserved 1048576K
}
Event: 2.752 GC heap after
{Heap after GC invocations=7 (full 1):
 PSYoungGen      total 26624K, used 1880K [0x00000000eab00000, 0x00000000ec800000, 0x0000000100000000)
  eden space 24576K, 0% used [0x00000000eab00000,0x00000000eab00000,0x00000000ec300000)
  from space 2048K, 91% used [0x00000000ec600000,0x00000000ec7d6270,0x00000000ec800000)
  to   space 2560K, 0% used [0x00000000ec300000,0x00000000ec300000,0x00000000ec580000)
 ParOldGen       total 68608K, used 7611K [0x00000000c0000000, 0x00000000c4300000, 0x00000000eab00000)
  object space 68608K, 11% used [0x00000000c0000000,0x00000000c076ed40,0x00000000c4300000)
 Metaspace       used 26901K, committed 27328K, reserved 1114112K
  class space    used 2613K, committed 2816K, reserved 1048576K
}

Dll operation events (11 events):
Event: 0.016 Loaded shared library c:\Users\ferna\.vscode\extensions\redhat.java-1.29.0-win32-x64\jre\17.0.10-win32-x86_64\bin\java.dll
Event: 0.183 Loaded shared library c:\Users\ferna\.vscode\extensions\redhat.java-1.29.0-win32-x64\jre\17.0.10-win32-x86_64\bin\zip.dll
Event: 0.187 Loaded shared library C:\Users\ferna\.vscode\extensions\redhat.java-1.29.0-win32-x64\jre\17.0.10-win32-x86_64\bin\instrument.dll
Event: 0.203 Loaded shared library C:\Users\ferna\.vscode\extensions\redhat.java-1.29.0-win32-x64\jre\17.0.10-win32-x86_64\bin\net.dll
Event: 0.206 Loaded shared library C:\Users\ferna\.vscode\extensions\redhat.java-1.29.0-win32-x64\jre\17.0.10-win32-x86_64\bin\nio.dll
Event: 0.214 Loaded shared library C:\Users\ferna\.vscode\extensions\redhat.java-1.29.0-win32-x64\jre\17.0.10-win32-x86_64\bin\zip.dll
Event: 0.231 Loaded shared library C:\Users\ferna\.vscode\extensions\redhat.java-1.29.0-win32-x64\jre\17.0.10-win32-x86_64\bin\jimage.dll
Event: 0.309 Loaded shared library c:\Users\ferna\.vscode\extensions\redhat.java-1.29.0-win32-x64\jre\17.0.10-win32-x86_64\bin\verify.dll
Event: 1.611 Loaded shared library C:\Users\ferna\AppData\Roaming\Code\User\globalStorage\redhat.java\1.29.0\config_ss_win\org.eclipse.equinox.launcher\org.eclipse.equinox.launcher.win32.win32.x86_64_1.2.900.v20240213-1244\eclipse_11900.dll
Event: 2.207 Loaded shared library C:\Users\ferna\.vscode\extensions\redhat.java-1.29.0-win32-x64\jre\17.0.10-win32-x86_64\bin\management.dll
Event: 2.211 Loaded shared library C:\Users\ferna\.vscode\extensions\redhat.java-1.29.0-win32-x64\jre\17.0.10-win32-x86_64\bin\management_ext.dll

Deoptimization events (20 events):
Event: 2.229 Thread 0x000001986c5c15f0 DEOPT PACKING pc=0x000001985b8d470c sp=0x00000097f32f7ad0
Event: 2.229 Thread 0x000001986c5c15f0 DEOPT UNPACKING pc=0x000001985b2d66a3 sp=0x00000097f32f7ab0 mode 2
Event: 2.300 Thread 0x000001986c5c15f0 Uncommon trap: trap_request=0xffffff45 fr.pc=0x000001985b85b2f4 relative=0x0000000000000074
Event: 2.300 Thread 0x000001986c5c15f0 Uncommon trap: reason=unstable_if action=reinterpret pc=0x000001985b85b2f4 method=jdk.internal.misc.Unsafe.convEndian(ZJ)J @ 4 c2
Event: 2.300 Thread 0x000001986c5c15f0 DEOPT PACKING pc=0x000001985b85b2f4 sp=0x00000097f32f7b10
Event: 2.300 Thread 0x000001986c5c15f0 DEOPT UNPACKING pc=0x000001985b2d66a3 sp=0x00000097f32f7a38 mode 2
Event: 2.311 Thread 0x000001986c5c15f0 Uncommon trap: trap_request=0xffffff45 fr.pc=0x000001985b84b748 relative=0x0000000000000048
Event: 2.311 Thread 0x000001986c5c15f0 Uncommon trap: reason=unstable_if action=reinterpret pc=0x000001985b84b748 method=java.lang.CharacterData.of(I)Ljava/lang/CharacterData; @ 4 c2
Event: 2.311 Thread 0x000001986c5c15f0 DEOPT PACKING pc=0x000001985b84b748 sp=0x00000097f32f8a80
Event: 2.311 Thread 0x000001986c5c15f0 DEOPT UNPACKING pc=0x000001985b2d66a3 sp=0x00000097f32f8a18 mode 2
Event: 2.664 Thread 0x000001986c5c15f0 Uncommon trap: trap_request=0xffffff45 fr.pc=0x000001985b8f7114 relative=0x00000000000001f4
Event: 2.664 Thread 0x000001986c5c15f0 Uncommon trap: reason=unstable_if action=reinterpret pc=0x000001985b8f7114 method=org.lombokweb.asm.Label.resolve([BLorg/lombokweb/asm/ByteVector;I)Z @ 81 c2
Event: 2.664 Thread 0x000001986c5c15f0 DEOPT PACKING pc=0x000001985b8f7114 sp=0x00000097f32f2830
Event: 2.664 Thread 0x000001986c5c15f0 DEOPT UNPACKING pc=0x000001985b2d66a3 sp=0x00000097f32f27a0 mode 2
Event: 2.843 Thread 0x000001986c5c15f0 DEOPT PACKING pc=0x0000019853e3c59e sp=0x00000097f32f7e30
Event: 2.843 Thread 0x000001986c5c15f0 DEOPT UNPACKING pc=0x000001985b2d6e43 sp=0x00000097f32f7328 mode 0
Event: 2.844 Thread 0x000001986c5c15f0 DEOPT PACKING pc=0x0000019853e3c59e sp=0x00000097f32f7e30
Event: 2.844 Thread 0x000001986c5c15f0 DEOPT UNPACKING pc=0x000001985b2d6e43 sp=0x00000097f32f7328 mode 0
Event: 2.845 Thread 0x000001986c5c15f0 DEOPT PACKING pc=0x0000019853e3c59e sp=0x00000097f32f7e30
Event: 2.845 Thread 0x000001986c5c15f0 DEOPT UNPACKING pc=0x000001985b2d6e43 sp=0x00000097f32f7328 mode 0

Classes unloaded (7 events):
Event: 2.334 Thread 0x00000198656b11e0 Unloading class 0x000000010021a400 'java/lang/invoke/LambdaForm$MH+0x000000010021a400'
Event: 2.334 Thread 0x00000198656b11e0 Unloading class 0x000000010021a000 'java/lang/invoke/LambdaForm$MH+0x000000010021a000'
Event: 2.334 Thread 0x00000198656b11e0 Unloading class 0x0000000100219c00 'java/lang/invoke/LambdaForm$MH+0x0000000100219c00'
Event: 2.334 Thread 0x00000198656b11e0 Unloading class 0x0000000100219800 'java/lang/invoke/LambdaForm$MH+0x0000000100219800'
Event: 2.334 Thread 0x00000198656b11e0 Unloading class 0x0000000100219400 'java/lang/invoke/LambdaForm$BMH+0x0000000100219400'
Event: 2.334 Thread 0x00000198656b11e0 Unloading class 0x0000000100219000 'java/lang/invoke/LambdaForm$DMH+0x0000000100219000'
Event: 2.334 Thread 0x00000198656b11e0 Unloading class 0x0000000100214400 'java/lang/invoke/LambdaForm$DMH+0x0000000100214400'

Classes redefined (0 events):
No events

Internal exceptions (20 events):
Event: 2.277 Thread 0x000001986c5c15f0 Exception <a 'java/lang/NoSuchMethodError'{0x00000000eacff730}: 'java.lang.Object java.lang.invoke.DirectMethodHandle$Holder.newInvokeSpecial(java.lang.Object, java.lang.Object, java.lang.Object, java.lang.Object, java.lang.Object)'> (0x00000000eacff730) 
thrown [s\src\hotspot\share\interpreter\linkResolver.cpp, line 759]
Event: 2.288 Thread 0x000001986c5c15f0 Exception <a 'java/lang/NoSuchMethodError'{0x00000000eaddea38}: 'java.lang.Object java.lang.invoke.DirectMethodHandle$Holder.invokeSpecial(java.lang.Object, java.lang.Object, java.lang.Object, long, java.lang.Object)'> (0x00000000eaddea38) 
thrown [s\src\hotspot\share\interpreter\linkResolver.cpp, line 759]
Event: 2.289 Thread 0x000001986c5c15f0 Exception <a 'java/lang/NoSuchMethodError'{0x00000000eade6bf0}: 'java.lang.Object java.lang.invoke.DirectMethodHandle$Holder.newInvokeSpecial(java.lang.Object, java.lang.Object, java.lang.Object, long)'> (0x00000000eade6bf0) 
thrown [s\src\hotspot\share\interpreter\linkResolver.cpp, line 759]
Event: 2.289 Thread 0x000001986c5c15f0 Exception <a 'java/lang/NoSuchMethodError'{0x00000000eadeb4d8}: 'java.lang.Object java.lang.invoke.DirectMethodHandle$Holder.invokeSpecial(java.lang.Object, java.lang.Object, java.lang.Object, java.lang.Object, long)'> (0x00000000eadeb4d8) 
thrown [s\src\hotspot\share\interpreter\linkResolver.cpp, line 759]
Event: 2.289 Thread 0x000001986c5c15f0 Exception <a 'java/lang/NoSuchMethodError'{0x00000000eadef350}: 'java.lang.Object java.lang.invoke.Invokers$Holder.linkToTargetMethod(java.lang.Object, java.lang.Object, long, java.lang.Object)'> (0x00000000eadef350) 
thrown [s\src\hotspot\share\interpreter\linkResolver.cpp, line 759]
Event: 2.319 Thread 0x000001986c5c15f0 Exception <a 'java/lang/IncompatibleClassChangeError'{0x00000000eb0eeff0}: Found class java.lang.Object, but interface was expected> (0x00000000eb0eeff0) 
thrown [s\src\hotspot\share\interpreter\linkResolver.cpp, line 826]
Event: 2.320 Thread 0x000001986c5c15f0 Exception <a 'java/lang/NoSuchMethodError'{0x00000000eb0f2e90}: 'java.lang.Object java.lang.invoke.DirectMethodHandle$Holder.invokeSpecial(java.lang.Object, java.lang.Object, java.lang.Object, int, java.lang.Object, java.lang.Object)'> (0x00000000eb0f2e90) 
thrown [s\src\hotspot\share\interpreter\linkResolver.cpp, line 759]
Event: 2.321 Thread 0x000001986c5c15f0 Exception <a 'java/lang/NoSuchMethodError'{0x00000000eb0fb618}: 'java.lang.Object java.lang.invoke.DirectMethodHandle$Holder.newInvokeSpecial(java.lang.Object, java.lang.Object, java.lang.Object, int, java.lang.Object)'> (0x00000000eb0fb618) 
thrown [s\src\hotspot\share\interpreter\linkResolver.cpp, line 759]
Event: 2.321 Thread 0x000001986c5c15f0 Exception <a 'java/lang/NoSuchMethodError'{0x00000000eb0ffa70}: 'java.lang.Object java.lang.invoke.DirectMethodHandle$Holder.invokeSpecial(java.lang.Object, java.lang.Object, java.lang.Object, java.lang.Object, int, java.lang.Object)'> (0x00000000eb0ffa70) 
thrown [s\src\hotspot\share\interpreter\linkResolver.cpp, line 759]
Event: 2.322 Thread 0x000001986c66a8a0 Exception <a 'java/lang/NoSuchMethodError'{0x00000000eae31fb0}: 'java.lang.Object java.lang.invoke.DirectMethodHandle$Holder.invokeSpecial(java.lang.Object, java.lang.Object, int, java.lang.Object, java.lang.Object)'> (0x00000000eae31fb0) 
thrown [s\src\hotspot\share\interpreter\linkResolver.cpp, line 759]
Event: 2.323 Thread 0x000001986c66a8a0 Exception <a 'java/lang/NoSuchMethodError'{0x00000000eae39680}: 'java.lang.Object java.lang.invoke.DirectMethodHandle$Holder.newInvokeSpecial(java.lang.Object, java.lang.Object, int, java.lang.Object)'> (0x00000000eae39680) 
thrown [s\src\hotspot\share\interpreter\linkResolver.cpp, line 759]
Event: 2.323 Thread 0x000001986c66a8a0 Exception <a 'java/lang/NoSuchMethodError'{0x00000000eae3d190}: 'java.lang.Object java.lang.invoke.DirectMethodHandle$Holder.invokeSpecial(java.lang.Object, java.lang.Object, java.lang.Object, int, java.lang.Object)'> (0x00000000eae3d190) 
thrown [s\src\hotspot\share\interpreter\linkResolver.cpp, line 759]
Event: 2.517 Thread 0x000001986c5c15f0 Exception <a 'java/io/FileNotFoundException'{0x00000000ebe45c60}> (0x00000000ebe45c60) 
thrown [s\src\hotspot\share\prims\jni.cpp, line 516]
Event: 2.518 Thread 0x000001986c5c15f0 Exception <a 'java/io/FileNotFoundException'{0x00000000ebe46ab8}> (0x00000000ebe46ab8) 
thrown [s\src\hotspot\share\prims\jni.cpp, line 516]
Event: 2.518 Thread 0x000001986c5c15f0 Exception <a 'java/io/FileNotFoundException'{0x00000000ebe47a50}> (0x00000000ebe47a50) 
thrown [s\src\hotspot\share\prims\jni.cpp, line 516]
Event: 2.632 Thread 0x000001986c5c15f0 Exception <a 'java/lang/NoSuchMethodError'{0x00000000eaeb5480}: 'int java.lang.invoke.DirectMethodHandle$Holder.invokeStaticInit(java.lang.Object, java.lang.Object, java.lang.Object)'> (0x00000000eaeb5480) 
thrown [s\src\hotspot\share\interpreter\linkResolver.cpp, line 759]
Event: 2.725 Thread 0x000001986c5c15f0 Exception <a 'java/io/FileNotFoundException'{0x00000000eb9dfd98}> (0x00000000eb9dfd98) 
thrown [s\src\hotspot\share\prims\jni.cpp, line 516]
Event: 2.727 Thread 0x000001986c5c15f0 Exception <a 'java/lang/NoSuchMethodError'{0x00000000eb9e7f18}: 'java.lang.Object java.lang.invoke.DirectMethodHandle$Holder.newInvokeSpecial(java.lang.Object, int, java.lang.Object, java.lang.Object)'> (0x00000000eb9e7f18) 
thrown [s\src\hotspot\share\interpreter\linkResolver.cpp, line 759]
Event: 2.756 Thread 0x000001986c5c15f0 Exception <a 'java/io/FileNotFoundException'{0x00000000ead19358}> (0x00000000ead19358) 
thrown [s\src\hotspot\share\prims\jni.cpp, line 516]
Event: 2.857 Thread 0x000001986c5c15f0 Exception <a 'java/io/FileNotFoundException'{0x00000000eb3d1d60}> (0x00000000eb3d1d60) 
thrown [s\src\hotspot\share\prims\jni.cpp, line 516]

VM Operations (20 events):
Event: 1.996 Executing VM operation: HandshakeAllThreads
Event: 1.996 Executing VM operation: HandshakeAllThreads done
Event: 2.146 Executing VM operation: HandshakeAllThreads
Event: 2.146 Executing VM operation: HandshakeAllThreads done
Event: 2.238 Executing VM operation: ParallelGCFailedAllocation
Event: 2.244 Executing VM operation: ParallelGCFailedAllocation done
Event: 2.300 Executing VM operation: HandshakeAllThreads
Event: 2.300 Executing VM operation: HandshakeAllThreads done
Event: 2.311 Executing VM operation: HandshakeAllThreads
Event: 2.311 Executing VM operation: HandshakeAllThreads done
Event: 2.329 Executing VM operation: CollectForMetadataAllocation
Event: 2.347 Executing VM operation: CollectForMetadataAllocation done
Event: 2.350 Executing VM operation: HandshakeAllThreads
Event: 2.350 Executing VM operation: HandshakeAllThreads done
Event: 2.588 Executing VM operation: ParallelGCFailedAllocation
Event: 2.590 Executing VM operation: ParallelGCFailedAllocation done
Event: 2.750 Executing VM operation: ParallelGCFailedAllocation
Event: 2.752 Executing VM operation: ParallelGCFailedAllocation done
Event: 2.838 Executing VM operation: HandshakeAllThreads
Event: 2.838 Executing VM operation: HandshakeAllThreads done

Events (20 events):
Event: 2.867 loading class java/text/spi/DateFormatSymbolsProvider
Event: 2.867 loading class java/text/spi/DateFormatSymbolsProvider done
Event: 2.867 loading class java/text/spi/NumberFormatProvider
Event: 2.867 loading class java/text/spi/NumberFormatProvider done
Event: 2.867 loading class java/util/spi/CurrencyNameProvider
Event: 2.867 loading class java/util/spi/CurrencyNameProvider done
Event: 2.867 loading class java/util/spi/LocaleNameProvider
Event: 2.867 loading class java/util/spi/LocaleNameProvider done
Event: 2.867 loading class java/util/spi/TimeZoneNameProvider
Event: 2.867 loading class java/util/spi/TimeZoneNameProvider done
Event: 2.867 loading class sun/util/locale/provider/CalendarDataUtility$CalendarWeekParameterGetter
Event: 2.867 loading class sun/util/locale/provider/LocaleServiceProviderPool$LocalizedObjectGetter
Event: 2.867 loading class sun/util/locale/provider/LocaleServiceProviderPool$LocalizedObjectGetter done
Event: 2.867 loading class sun/util/locale/provider/CalendarDataUtility$CalendarWeekParameterGetter done
Event: 2.868 loading class java/lang/invoke/MethodHandle$1
Event: 2.868 loading class java/lang/invoke/MethodHandle$1 done
Event: 2.869 loading class sun/util/cldr/CLDRCalendarDataProviderImpl
Event: 2.869 loading class sun/util/locale/provider/CalendarDataProviderImpl
Event: 2.869 loading class sun/util/locale/provider/CalendarDataProviderImpl done
Event: 2.869 loading class sun/util/cldr/CLDRCalendarDataProviderImpl done


Dynamic libraries:
0x00007ff6b9f50000 - 0x00007ff6b9f5e000 	c:\Users\ferna\.vscode\extensions\redhat.java-1.29.0-win32-x64\jre\17.0.10-win32-x86_64\bin\java.exe
0x00007ff8290b0000 - 0x00007ff8292c6000 	C:\WINDOWS\SYSTEM32\ntdll.dll
0x00007ff828ab0000 - 0x00007ff828b74000 	C:\WINDOWS\System32\KERNEL32.DLL
0x00007ff826820000 - 0x00007ff826bc7000 	C:\WINDOWS\System32\KERNELBASE.dll
0x00007ff826660000 - 0x00007ff826771000 	C:\WINDOWS\System32\ucrtbase.dll
0x00007ff80f5e0000 - 0x00007ff80f5f7000 	c:\Users\ferna\.vscode\extensions\redhat.java-1.29.0-win32-x64\jre\17.0.10-win32-x86_64\bin\jli.dll
0x00007ff80f570000 - 0x00007ff80f58b000 	c:\Users\ferna\.vscode\extensions\redhat.java-1.29.0-win32-x64\jre\17.0.10-win32-x86_64\bin\VCRUNTIME140.dll
0x00007ff8276a0000 - 0x00007ff82784e000 	C:\WINDOWS\System32\USER32.dll
0x00007ff826bd0000 - 0x00007ff826bf6000 	C:\WINDOWS\System32\win32u.dll
0x00007ff827850000 - 0x00007ff827879000 	C:\WINDOWS\System32\GDI32.dll
0x00007ff826c00000 - 0x00007ff826d19000 	C:\WINDOWS\System32\gdi32full.dll
0x00007ff809fb0000 - 0x00007ff80a243000 	C:\WINDOWS\WinSxS\amd64_microsoft.windows.common-controls_6595b64144ccf1df_6.0.22621.3235_none_270f74e173860f98\COMCTL32.dll
0x00007ff826450000 - 0x00007ff8264ea000 	C:\WINDOWS\System32\msvcp_win.dll
0x00007ff8285c0000 - 0x00007ff828667000 	C:\WINDOWS\System32\msvcrt.dll
0x00007ff827cc0000 - 0x00007ff827cf1000 	C:\WINDOWS\System32\IMM32.DLL
0x00007ff821940000 - 0x00007ff82194c000 	c:\Users\ferna\.vscode\extensions\redhat.java-1.29.0-win32-x64\jre\17.0.10-win32-x86_64\bin\vcruntime140_1.dll
0x00007ffff8130000 - 0x00007ffff81bd000 	c:\Users\ferna\.vscode\extensions\redhat.java-1.29.0-win32-x64\jre\17.0.10-win32-x86_64\bin\msvcp140.dll
0x00007fffa0d70000 - 0x00007fffa19d2000 	c:\Users\ferna\.vscode\extensions\redhat.java-1.29.0-win32-x64\jre\17.0.10-win32-x86_64\bin\server\jvm.dll
0x00007ff827ae0000 - 0x00007ff827b92000 	C:\WINDOWS\System32\ADVAPI32.dll
0x00007ff828740000 - 0x00007ff8287e8000 	C:\WINDOWS\System32\sechost.dll
0x00007ff8267f0000 - 0x00007ff826818000 	C:\WINDOWS\System32\bcrypt.dll
0x00007ff828cf0000 - 0x00007ff828e05000 	C:\WINDOWS\System32\RPCRT4.dll
0x00007ff808f40000 - 0x00007ff808f49000 	C:\WINDOWS\SYSTEM32\WSOCK32.dll
0x00007ff825c80000 - 0x00007ff825ccd000 	C:\WINDOWS\SYSTEM32\POWRPROF.dll
0x00007ff81e840000 - 0x00007ff81e874000 	C:\WINDOWS\SYSTEM32\WINMM.dll
0x00007ff827890000 - 0x00007ff827901000 	C:\WINDOWS\System32\WS2_32.dll
0x00007ff81ca60000 - 0x00007ff81ca6a000 	C:\WINDOWS\SYSTEM32\VERSION.dll
0x00007ff825c60000 - 0x00007ff825c73000 	C:\WINDOWS\SYSTEM32\UMPDC.dll
0x00007ff825410000 - 0x00007ff825428000 	C:\WINDOWS\SYSTEM32\kernel.appcore.dll
0x00007ff8218e0000 - 0x00007ff8218ea000 	c:\Users\ferna\.vscode\extensions\redhat.java-1.29.0-win32-x64\jre\17.0.10-win32-x86_64\bin\jimage.dll
0x00007ff81cc30000 - 0x00007ff81ce63000 	C:\WINDOWS\SYSTEM32\DBGHELP.DLL
0x00007ff826e70000 - 0x00007ff8271f8000 	C:\WINDOWS\System32\combase.dll
0x00007ff828c10000 - 0x00007ff828ce7000 	C:\WINDOWS\System32\OLEAUT32.dll
0x00007ff80a2d0000 - 0x00007ff80a302000 	C:\WINDOWS\SYSTEM32\dbgcore.DLL
0x00007ff8263d0000 - 0x00007ff826449000 	C:\WINDOWS\System32\bcryptPrimitives.dll
0x00007ff8112f0000 - 0x00007ff8112fe000 	c:\Users\ferna\.vscode\extensions\redhat.java-1.29.0-win32-x64\jre\17.0.10-win32-x86_64\bin\instrument.dll
0x00007ffffeca0000 - 0x00007ffffecc5000 	c:\Users\ferna\.vscode\extensions\redhat.java-1.29.0-win32-x64\jre\17.0.10-win32-x86_64\bin\java.dll
0x00007ff80ef30000 - 0x00007ff80ef48000 	c:\Users\ferna\.vscode\extensions\redhat.java-1.29.0-win32-x64\jre\17.0.10-win32-x86_64\bin\zip.dll
0x00007ff827d00000 - 0x00007ff82855c000 	C:\WINDOWS\System32\SHELL32.dll
0x00007ff824330000 - 0x00007ff824c29000 	C:\WINDOWS\SYSTEM32\windows.storage.dll
0x00007ff8241f0000 - 0x00007ff82432e000 	C:\WINDOWS\SYSTEM32\wintypes.dll
0x00007ff8289b0000 - 0x00007ff828aa3000 	C:\WINDOWS\System32\SHCORE.dll
0x00007ff827c50000 - 0x00007ff827cae000 	C:\WINDOWS\System32\shlwapi.dll
0x00007ff826300000 - 0x00007ff826321000 	C:\WINDOWS\SYSTEM32\profapi.dll
0x00007ff808500000 - 0x00007ff808519000 	C:\Users\ferna\.vscode\extensions\redhat.java-1.29.0-win32-x64\jre\17.0.10-win32-x86_64\bin\net.dll
0x00007ff820b30000 - 0x00007ff820c66000 	C:\WINDOWS\SYSTEM32\WINHTTP.dll
0x00007ff825880000 - 0x00007ff8258e9000 	C:\WINDOWS\system32\mswsock.dll
0x00007ff807650000 - 0x00007ff807666000 	C:\Users\ferna\.vscode\extensions\redhat.java-1.29.0-win32-x64\jre\17.0.10-win32-x86_64\bin\nio.dll
0x00007ff811170000 - 0x00007ff811180000 	c:\Users\ferna\.vscode\extensions\redhat.java-1.29.0-win32-x64\jre\17.0.10-win32-x86_64\bin\verify.dll
0x00007ffff97c0000 - 0x00007ffff97fe000 	C:\Users\ferna\AppData\Roaming\Code\User\globalStorage\redhat.java\1.29.0\config_ss_win\org.eclipse.equinox.launcher\org.eclipse.equinox.launcher.win32.win32.x86_64_1.2.900.v20240213-1244\eclipse_11900.dll
0x00007ff827910000 - 0x00007ff827ab5000 	C:\WINDOWS\System32\ole32.dll
0x00007ff8219a0000 - 0x00007ff8219a9000 	C:\Users\ferna\.vscode\extensions\redhat.java-1.29.0-win32-x64\jre\17.0.10-win32-x86_64\bin\management.dll
0x00007ff80f610000 - 0x00007ff80f61b000 	C:\Users\ferna\.vscode\extensions\redhat.java-1.29.0-win32-x64\jre\17.0.10-win32-x86_64\bin\management_ext.dll
0x00007ff828b80000 - 0x00007ff828b88000 	C:\WINDOWS\System32\PSAPI.DLL

dbghelp: loaded successfully - version: 4.0.5 - missing functions: none
symbol engine: initialized successfully - sym options: 0x614 - pdb path: .;c:\Users\ferna\.vscode\extensions\redhat.java-1.29.0-win32-x64\jre\17.0.10-win32-x86_64\bin;C:\WINDOWS\SYSTEM32;C:\WINDOWS\WinSxS\amd64_microsoft.windows.common-controls_6595b64144ccf1df_6.0.22621.3235_none_270f74e173860f98;c:\Users\ferna\.vscode\extensions\redhat.java-1.29.0-win32-x64\jre\17.0.10-win32-x86_64\bin\server;C:\Users\ferna\AppData\Roaming\Code\User\globalStorage\redhat.java\1.29.0\config_ss_win\org.eclipse.equinox.launcher\org.eclipse.equinox.launcher.win32.win32.x86_64_1.2.900.v20240213-1244

VM Arguments:
jvm_args: --add-modules=ALL-SYSTEM --add-opens=java.base/java.util=ALL-UNNAMED --add-opens=java.base/java.lang=ALL-UNNAMED --add-opens=java.base/sun.nio.fs=ALL-UNNAMED -Declipse.application=org.eclipse.jdt.ls.core.id1 -Dosgi.bundles.defaultStartLevel=4 -Declipse.product=org.eclipse.jdt.ls.core.product -Djava.import.generatesMetadataFilesAtProjectRoot=false -DDetectVMInstallationsJob.disabled=true -Dfile.encoding=utf8 -XX:+UseParallelGC -XX:GCTimeRatio=4 -XX:AdaptiveSizePolicyWeight=90 -Dsun.zip.disableMemoryMapping=true -Xmx1G -Xms100m -Xlog:disable -javaagent:c:\Users\ferna\.vscode\extensions\redhat.java-1.29.0-win32-x64\lombok\lombok-1.18.32.jar 
java_command: c:\Users\ferna\.vscode\extensions\redhat.java-1.29.0-win32-x64\server\plugins\org.eclipse.equinox.launcher_1.6.800.v20240304-1850.jar -configuration c:\Users\ferna\AppData\Roaming\Code\User\globalStorage\redhat.java\1.29.0\config_ss_win -data c:\Users\ferna\AppData\Roaming\Code\User\workspaceStorage\62be571db2466fc7fa80bd9412ada204\redhat.java\ss_ws --stdio
java_class_path (initial): c:\Users\ferna\.vscode\extensions\redhat.java-1.29.0-win32-x64\server\plugins\org.eclipse.equinox.launcher_1.6.800.v20240304-1850.jar
Launcher Type: SUN_STANDARD

[Global flags]
    uintx AdaptiveSizePolicyWeight                 = 90                                        {product} {command line}
     intx CICompilerCount                          = 4                                         {product} {ergonomic}
    uintx GCTimeRatio                              = 4                                         {product} {command line}
   size_t InitialHeapSize                          = 104857600                                 {product} {command line}
   size_t MaxHeapSize                              = 1073741824                                {product} {command line}
   size_t MaxNewSize                               = 357564416                                 {product} {ergonomic}
   size_t MinHeapDeltaBytes                        = 524288                                    {product} {ergonomic}
   size_t MinHeapSize                              = 104857600                                 {product} {command line}
   size_t NewSize                                  = 34603008                                  {product} {ergonomic}
    uintx NonNMethodCodeHeapSize                   = 5839372                                {pd product} {ergonomic}
    uintx NonProfiledCodeHeapSize                  = 122909434                              {pd product} {ergonomic}
   size_t OldSize                                  = 70254592                                  {product} {ergonomic}
    uintx ProfiledCodeHeapSize                     = 122909434                              {pd product} {ergonomic}
    uintx ReservedCodeCacheSize                    = 251658240                              {pd product} {ergonomic}
     bool SegmentedCodeCache                       = true                                      {product} {ergonomic}
   size_t SoftMaxHeapSize                          = 1073741824                             {manageable} {ergonomic}
     bool UseCompressedClassPointers               = true                           {product lp64_product} {ergonomic}
     bool UseCompressedOops                        = true                           {product lp64_product} {ergonomic}
     bool UseLargePagesIndividualAllocation        = false                                  {pd product} {ergonomic}
     bool UseParallelGC                            = true                                      {product} {command line}

Logging:
Log output configuration:
 #0: stdout all=off uptime,level,tags
 #1: stderr all=off uptime,level,tags

Environment Variables:
JAVA_HOME=C:\Program Files\Java\jdk-21
PATH=C:\Program Files\MySQL\MySQL Shell 8.0\bin\;C:\Users\ferna\AppData\Local\Programs\Python\Python310\Scripts\;C:\Users\ferna\AppData\Local\Microsoft\WindowsApps;C:\Program Files\JetBrains\PyCharm 2021.3.1\bin;C:\Program Files\JetBrains\PyCharm Community Edition 2021.3.1\bin;C:\Users\ferna\AppData\Local\Programs\Microsoft VS Code\bin;C:\Users\ferna\.dotnet\tools;C:\MinGW\bin;C:\Program Files\Azure Data Studio\bin;C:\Program Files\Java\jdk-21\bin;C:\Program Files\Maven\apache-maven-3.9.4\bin;C:\WINDOWS\system32;C:\WINDOWS;C:\Program Files\nodejs\;C:\Program Files\HP\HP One Agent;C:\Program Files\Microsoft SQL Server\Client SDK\ODBC\170\Tools\Binn\;C:\Program Files\Microsoft SQL Server\160\DTS\Binn\;C:\Program Files (x86)\Microsoft SQL Server\150\Tools\Binn\;C:\Program Files\Microsoft SQL Server\150\Tools\Binn\;C:\Program Files (x86)\Microsoft SQL Server\150\DTS\Binn\;C:\Program Files\Microsoft SQL Server\150\DTS\Binn\;C:\Program Files\MySQL\MySQL Shell 8.0\bin\;C:\Users\ferna\AppData\Local\Programs\Python\Python310\Scripts\;C:\Users\ferna\AppData\Local\Programs\Python\Python310\;C:\Users\ferna\AppData\Local\Microsoft\WindowsApps;C:\Program Files\JetBrains\PyCharm 2021.3.1\bin;C:\Program Files\JetBrains\PyCharm Community Edition 2021.3.1\bin;C:\Users\ferna\AppData\Local\Programs\Microsoft VS Code\bin;C:\Users\ferna\.dotnet\tools;C:\MinGW\bin;C:\Program Files\Azure Data Studio\bin;C:\Users\ferna\AppData\Roaming\npm;C:\Users\ferna\AppData\Local\GitHubDesktop\bin
USERNAME=ferna
OS=Windows_NT
PROCESSOR_IDENTIFIER=AMD64 Family 23 Model 104 Stepping 1, AuthenticAMD
TMP=C:\Users\ferna\AppData\Local\Temp
TEMP=C:\Users\ferna\AppData\Local\Temp



Periodic native trim disabled


---------------  S Y S T E M  ---------------

OS:
 Windows 11 , 64 bit Build 22621 (10.0.22621.3374)
OS uptime: 0 days 2:51 hours

CPU: total 12 (initial active 12) (12 cores per cpu, 2 threads per core) family 23 model 104 stepping 1 microcode 0x0, cx8, cmov, fxsr, ht, mmx, 3dnowpref, sse, sse2, sse3, ssse3, sse4a, sse4.1, sse4.2, popcnt, lzcnt, tsc, tscinvbit, avx, avx2, aes, clmul, bmi1, bmi2, adx, sha, fma, vzeroupper, clflush, clflushopt
Processor Information for all 12 processors :
  Max Mhz: 2100, Current Mhz: 2100, Mhz Limit: 2100

Memory: 4k page, system-wide physical 7502M (272M free)
TotalPageFile size 13563M (AvailPageFile size 4M)
current process WorkingSet (physical memory assigned to process): 126M, peak: 126M
current process commit charge ("private bytes"): 241M, peak: 243M

vm_info: OpenJDK 64-Bit Server VM (17.0.10+7) for windows-amd64 JRE (17.0.10+7), built on Jan 16 2024 23:25:11 by "admin" with MS VC++ 16.10 / 16.11 (VS2019)

END.
