#
# There is insufficient memory for the Java Runtime Environment to continue.
# Native memory allocation (malloc) failed to allocate 682896 bytes for Chunk::new
# Possible reasons:
#   The system is out of physical RAM or swap space
#   The process is running with CompressedOops enabled, and the Java Heap may be blocking the growth of the native heap
# Possible solutions:
#   Reduce memory load on the system
#   Increase physical memory or swap space
#   Check if swap backing store is full
#   Decrease Java heap size (-Xmx/-Xms)
#   Decrease number of Java threads
#   Decrease Java thread stack sizes (-Xss)
#   Set larger code cache with -XX:ReservedCodeCacheSize=
#   JVM is running with Unscaled Compressed Oops mode in which the Java heap is
#     placed in the first 4GB address space. The Java Heap base address is the
#     maximum limit for the native heap growth. Please use -XX:HeapBaseMinAddress
#     to set the Java Heap base and to place the Java Heap above 4GB virtual address.
# This output file may be truncated or incomplete.
#
#  Out of Memory Error (arena.cpp:191), pid=22160, tid=20364
#
# JRE version: OpenJDK Runtime Environment Temurin-17.0.10+7 (17.0.10+7) (build 17.0.10+7)
# Java VM: OpenJDK 64-Bit Server VM Temurin-17.0.10+7 (17.0.10+7, mixed mode, tiered, compressed oops, compressed class ptrs, parallel gc, windows-amd64)
# No core dump will be written. Minidumps are not enabled by default on client versions of Windows
#

---------------  S U M M A R Y ------------

Command Line: --add-modules=ALL-SYSTEM --add-opens=java.base/java.util=ALL-UNNAMED --add-opens=java.base/java.lang=ALL-UNNAMED --add-opens=java.base/sun.nio.fs=ALL-UNNAMED -Declipse.application=org.eclipse.jdt.ls.core.id1 -Dosgi.bundles.defaultStartLevel=4 -Declipse.product=org.eclipse.jdt.ls.core.product -Djava.import.generatesMetadataFilesAtProjectRoot=false -DDetectVMInstallationsJob.disabled=true -Dfile.encoding=utf8 -XX:+UseParallelGC -XX:GCTimeRatio=4 -XX:AdaptiveSizePolicyWeight=90 -Dsun.zip.disableMemoryMapping=true -Xmx1G -Xms100m -Xlog:disable -javaagent:c:\Users\ferna\.vscode\extensions\redhat.java-1.29.0-win32-x64\lombok\lombok-1.18.32.jar -XX:+HeapDumpOnOutOfMemoryError -XX:HeapDumpPath=c:\Users\ferna\AppData\Roaming\Code\User\workspaceStorage\62be571db2466fc7fa80bd9412ada204\redhat.java -Daether.dependencyCollector.impl=bf c:\Users\ferna\.vscode\extensions\redhat.java-1.29.0-win32-x64\server\plugins\org.eclipse.equinox.launcher_1.6.800.v20240304-1850.jar -configuration c:\Users\ferna\AppData\Roaming\Code\User\globalStorage\redhat.java\1.29.0\config_win -data c:\Users\ferna\AppData\Roaming\Code\User\workspaceStorage\62be571db2466fc7fa80bd9412ada204\redhat.java\jdt_ws --stdio

Host: AMD Ryzen 5 5500U with Radeon Graphics         , 12 cores, 7G,  Windows 11 , 64 bit Build 22621 (10.0.22621.3374)
Time: Wed Apr 24 22:48:33 2024 Hora estándar, América Central elapsed time: 0.590308 seconds (0d 0h 0m 0s)

---------------  T H R E A D  ---------------

Current thread (0x000001dec7e89590):  JavaThread "C2 CompilerThread0" daemon [_thread_in_native, id=20364, stack(0x00000081ee100000,0x00000081ee200000)]


Current CompileTask:
C2:    590  765   !   4       java.util.jar.Attributes::read (498 bytes)

Stack: [0x00000081ee100000,0x00000081ee200000]
Native frames: (J=compiled Java code, j=interpreted, Vv=VM code, C=native code)
V  [jvm.dll+0x67d2c9]
V  [jvm.dll+0x834afa]
V  [jvm.dll+0x8365be]
V  [jvm.dll+0x836c23]
V  [jvm.dll+0x2477ff]
V  [jvm.dll+0xac514]
V  [jvm.dll+0xacb5c]
V  [jvm.dll+0x3667d7]
V  [jvm.dll+0x330bfa]
V  [jvm.dll+0x33009a]
V  [jvm.dll+0x219ef1]
V  [jvm.dll+0x219311]
V  [jvm.dll+0x1a502d]
V  [jvm.dll+0x2290de]
V  [jvm.dll+0x2272ac]
V  [jvm.dll+0x7e9bb7]
V  [jvm.dll+0x7e3fba]
V  [jvm.dll+0x67c1b5]
C  [ucrtbase.dll+0x29333]
C  [KERNEL32.DLL+0x1257d]
C  [ntdll.dll+0x5aa48]


---------------  P R O C E S S  ---------------

Threads class SMR info:
_java_thread_list=0x000001dec81bb6d0, length=12, elements={
0x000001deaeec64a0, 0x000001dec2d44260, 0x000001dec2d48580, 0x000001dec7e78670,
0x000001dec7e794f0, 0x000001dec7e7b320, 0x000001dec7e7c680, 0x000001dec7e89590,
0x000001dec7e8d370, 0x000001dec7e8fb30, 0x000001dec7fc63f0, 0x000001dec81bf420
}

Java Threads: ( => current thread )
  0x000001deaeec64a0 JavaThread "main" [_thread_in_vm, id=20620, stack(0x00000081ed800000,0x00000081ed900000)]
  0x000001dec2d44260 JavaThread "Reference Handler" daemon [_thread_blocked, id=19420, stack(0x00000081edb00000,0x00000081edc00000)]
  0x000001dec2d48580 JavaThread "Finalizer" daemon [_thread_blocked, id=16064, stack(0x00000081edc00000,0x00000081edd00000)]
  0x000001dec7e78670 JavaThread "Signal Dispatcher" daemon [_thread_blocked, id=4164, stack(0x00000081edd00000,0x00000081ede00000)]
  0x000001dec7e794f0 JavaThread "Attach Listener" daemon [_thread_blocked, id=21696, stack(0x00000081ede00000,0x00000081edf00000)]
  0x000001dec7e7b320 JavaThread "Service Thread" daemon [_thread_blocked, id=7096, stack(0x00000081edf00000,0x00000081ee000000)]
  0x000001dec7e7c680 JavaThread "Monitor Deflation Thread" daemon [_thread_blocked, id=20472, stack(0x00000081ee000000,0x00000081ee100000)]
=>0x000001dec7e89590 JavaThread "C2 CompilerThread0" daemon [_thread_in_native, id=20364, stack(0x00000081ee100000,0x00000081ee200000)]
  0x000001dec7e8d370 JavaThread "C1 CompilerThread0" daemon [_thread_in_native, id=19996, stack(0x00000081ee200000,0x00000081ee300000)]
  0x000001dec7e8fb30 JavaThread "Sweeper thread" daemon [_thread_blocked, id=18000, stack(0x00000081ee300000,0x00000081ee400000)]
  0x000001dec7fc63f0 JavaThread "Common-Cleaner" daemon [_thread_blocked, id=3600, stack(0x00000081ee400000,0x00000081ee500000)]
  0x000001dec81bf420 JavaThread "Notification Thread" daemon [_thread_blocked, id=13984, stack(0x00000081ee500000,0x00000081ee600000)]

Other Threads:
  0x000001deaef6ea50 VMThread "VM Thread" [stack: 0x00000081eda00000,0x00000081edb00000] [id=11724]
  0x000001dec9640090 WatcherThread [stack: 0x00000081ee600000,0x00000081ee700000] [id=17936]
  0x000001deaeed9b70 GCTaskThread "GC Thread#0" [stack: 0x00000081ed900000,0x00000081eda00000] [id=2264]

Threads with active compile tasks:
C2 CompilerThread0      603  765   !   4       java.util.jar.Attributes::read (498 bytes)

VM state: not at safepoint (normal execution)

VM Mutex/Monitor currently owned by a thread: None

Heap address: 0x00000000c0000000, size: 1024 MB, Compressed Oops mode: 32-bit

CDS archive(s) not mapped
Compressed class space mapped at: 0x0000000100000000-0x0000000140000000, reserved size: 1073741824
Narrow klass base: 0x0000000000000000, Narrow klass shift: 3, Narrow klass range: 0x140000000

GC Precious Log:
 CPUs: 12 total, 12 available
 Memory: 7502M
 Large Page Support: Disabled
 NUMA Support: Disabled
 Compressed Oops: Enabled (32-bit)
 Alignments: Space 512K, Generation 512K, Heap 2M
 Heap Min Capacity: 100M
 Heap Initial Capacity: 100M
 Heap Max Capacity: 1G
 Pre-touch: Disabled
 Parallel Workers: 10

Heap:
 PSYoungGen      total 29696K, used 23395K [0x00000000eab00000, 0x00000000ecc00000, 0x0000000100000000)
  eden space 25600K, 91% used [0x00000000eab00000,0x00000000ec1d8e08,0x00000000ec400000)
  from space 4096K, 0% used [0x00000000ec800000,0x00000000ec800000,0x00000000ecc00000)
  to   space 4096K, 0% used [0x00000000ec400000,0x00000000ec400000,0x00000000ec800000)
 ParOldGen       total 68608K, used 0K [0x00000000c0000000, 0x00000000c4300000, 0x00000000eab00000)
  object space 68608K, 0% used [0x00000000c0000000,0x00000000c0000000,0x00000000c4300000)
 Metaspace       used 10431K, committed 10560K, reserved 1114112K
  class space    used 1037K, committed 1088K, reserved 1048576K

Card table byte_map: [0x000001deae850000,0x000001deaea60000] _byte_map_base: 0x000001deae250000

Marking Bits: (ParMarkBitMap*) 0x00007fffa190d7d0
 Begin Bits: [0x000001dec0b50000, 0x000001dec1b50000)
 End Bits:   [0x000001dec1b50000, 0x000001dec2b50000)

Polling page: 0x000001deacd10000

Metaspace:

Usage:
  Non-class:      9.18 MB used.
      Class:      1.01 MB used.
       Both:     10.19 MB used.

Virtual space:
  Non-class space:       64.00 MB reserved,       9.25 MB ( 14%) committed,  1 nodes.
      Class space:        1.00 GB reserved,       1.06 MB ( <1%) committed,  1 nodes.
             Both:        1.06 GB reserved,      10.31 MB ( <1%) committed. 

Chunk freelists:
   Non-Class:  6.47 MB
       Class:  14.97 MB
        Both:  21.44 MB

MaxMetaspaceSize: unlimited
CompressedClassSpaceSize: 1.00 GB
Initial GC threshold: 21.00 MB
Current GC threshold: 21.00 MB
CDS: off
MetaspaceReclaimPolicy: balanced
 - commit_granule_bytes: 65536.
 - commit_granule_words: 8192.
 - virtual_space_node_default_size: 8388608.
 - enlarge_chunks_in_place: 1.
 - new_chunks_are_fully_committed: 0.
 - uncommit_free_chunks: 1.
 - use_allocation_guard: 0.
 - handle_deallocations: 1.


Internal statistics:

num_allocs_failed_limit: 0.
num_arena_births: 14.
num_arena_deaths: 0.
num_vsnodes_births: 2.
num_vsnodes_deaths: 0.
num_space_committed: 165.
num_space_uncommitted: 0.
num_chunks_returned_to_freelist: 0.
num_chunks_taken_from_freelist: 75.
num_chunk_merges: 0.
num_chunk_splits: 47.
num_chunks_enlarged: 41.
num_inconsistent_stats: 0.

CodeHeap 'non-profiled nmethods': size=120000Kb used=273Kb max_used=273Kb free=119727Kb
 bounds [0x000001deb9620000, 0x000001deb9890000, 0x000001dec0b50000]
CodeHeap 'profiled nmethods': size=120000Kb used=1393Kb max_used=1393Kb free=118606Kb
 bounds [0x000001deb1b50000, 0x000001deb1dc0000, 0x000001deb9080000]
CodeHeap 'non-nmethods': size=5760Kb used=1138Kb max_used=1150Kb free=4621Kb
 bounds [0x000001deb9080000, 0x000001deb92f0000, 0x000001deb9620000]
 total_blobs=1265 nmethods=836 adapters=344
 compilation: enabled
              stopped_count=0, restarted_count=0
 full_count=0

Compilation events (20 events):
Event: 0.578 Thread 0x000001dec7e8d370  817       3       java.util.ArrayList::toArray (57 bytes)
Event: 0.579 Thread 0x000001dec7e8d370 nmethod 817 0x000001deb1c9dd10 code [0x000001deb1c9dee0, 0x000001deb1c9e3d8]
Event: 0.583 Thread 0x000001dec7e8d370  820   !   3       jdk.internal.loader.BuiltinClassLoader::loadClassOrNull (143 bytes)
Event: 0.585 Thread 0x000001dec7e8d370 nmethod 820 0x000001deb1c9e510 code [0x000001deb1c9e840, 0x000001deb1c9fd38]
Event: 0.585 Thread 0x000001dec7e8d370  821       1       java.util.zip.ZipEntry::getSize (5 bytes)
Event: 0.585 Thread 0x000001dec7e8d370 nmethod 821 0x000001deb9663210 code [0x000001deb96633a0, 0x000001deb9663478]
Event: 0.586 Thread 0x000001dec7e8d370  822       3       java.lang.StringConcatHelper::stringOf (20 bytes)
Event: 0.586 Thread 0x000001dec7e8d370 nmethod 822 0x000001deb1ca0590 code [0x000001deb1ca0740, 0x000001deb1ca0968]
Event: 0.586 Thread 0x000001dec7e8d370  823       3       java.lang.StringConcatHelper::mix (27 bytes)
Event: 0.586 Thread 0x000001dec7e8d370 nmethod 823 0x000001deb1ca0a10 code [0x000001deb1ca0be0, 0x000001deb1ca0fe8]
Event: 0.586 Thread 0x000001dec7e8d370  824       3       java.lang.StringConcatHelper::checkOverflow (17 bytes)
Event: 0.586 Thread 0x000001dec7e8d370 nmethod 824 0x000001deb1ca1190 code [0x000001deb1ca1340, 0x000001deb1ca1528]
Event: 0.586 Thread 0x000001dec7e8d370  825       3       java.lang.StringConcatHelper::prepend (37 bytes)
Event: 0.586 Thread 0x000001dec7e8d370 nmethod 825 0x000001deb1ca1610 code [0x000001deb1ca17e0, 0x000001deb1ca1ab8]
Event: 0.587 Thread 0x000001dec7e8d370  826       1       java.nio.HeapByteBuffer::isDirect (2 bytes)
Event: 0.587 Thread 0x000001dec7e8d370 nmethod 826 0x000001deb9663510 code [0x000001deb96636a0, 0x000001deb9663778]
Event: 0.587 Thread 0x000001dec7e8d370  827   !   3       java.util.zip.ZipFile$ZipFileInputStream::close (59 bytes)
Event: 0.588 Thread 0x000001dec7e8d370 nmethod 827 0x000001deb1ca1c10 code [0x000001deb1ca1dc0, 0x000001deb1ca2128]
Event: 0.588 Thread 0x000001dec7e8d370  828       3       java.util.Collections$SetFromMap::remove (19 bytes)
Event: 0.588 Thread 0x000001dec7e8d370 nmethod 828 0x000001deb1ca2310 code [0x000001deb1ca24c0, 0x000001deb1ca26e8]

GC Heap History (0 events):
No events

Dll operation events (8 events):
Event: 0.007 Loaded shared library c:\Users\ferna\.vscode\extensions\redhat.java-1.29.0-win32-x64\jre\17.0.10-win32-x86_64\bin\java.dll
Event: 0.144 Loaded shared library c:\Users\ferna\.vscode\extensions\redhat.java-1.29.0-win32-x64\jre\17.0.10-win32-x86_64\bin\zip.dll
Event: 0.147 Loaded shared library C:\Users\ferna\.vscode\extensions\redhat.java-1.29.0-win32-x64\jre\17.0.10-win32-x86_64\bin\instrument.dll
Event: 0.161 Loaded shared library C:\Users\ferna\.vscode\extensions\redhat.java-1.29.0-win32-x64\jre\17.0.10-win32-x86_64\bin\net.dll
Event: 0.163 Loaded shared library C:\Users\ferna\.vscode\extensions\redhat.java-1.29.0-win32-x64\jre\17.0.10-win32-x86_64\bin\nio.dll
Event: 0.171 Loaded shared library C:\Users\ferna\.vscode\extensions\redhat.java-1.29.0-win32-x64\jre\17.0.10-win32-x86_64\bin\zip.dll
Event: 0.188 Loaded shared library C:\Users\ferna\.vscode\extensions\redhat.java-1.29.0-win32-x64\jre\17.0.10-win32-x86_64\bin\jimage.dll
Event: 0.258 Loaded shared library c:\Users\ferna\.vscode\extensions\redhat.java-1.29.0-win32-x64\jre\17.0.10-win32-x86_64\bin\verify.dll

Deoptimization events (20 events):
Event: 0.511 Thread 0x000001deaeec64a0 DEOPT PACKING pc=0x000001deb1c23432 sp=0x00000081ed8f8fd0
Event: 0.511 Thread 0x000001deaeec64a0 DEOPT UNPACKING pc=0x000001deb90d6e43 sp=0x00000081ed8f8428 mode 0
Event: 0.513 Thread 0x000001deaeec64a0 DEOPT PACKING pc=0x000001deb1c23432 sp=0x00000081ed8fdf60
Event: 0.513 Thread 0x000001deaeec64a0 DEOPT UNPACKING pc=0x000001deb90d6e43 sp=0x00000081ed8fd3b8 mode 0
Event: 0.553 Thread 0x000001deaeec64a0 Uncommon trap: trap_request=0xffffff45 fr.pc=0x000001deb9658f28 relative=0x0000000000000108
Event: 0.553 Thread 0x000001deaeec64a0 Uncommon trap: reason=unstable_if action=reinterpret pc=0x000001deb9658f28 method=java.lang.invoke.VarHandle.checkExactAccessMode(Ljava/lang/invoke/VarHandle$AccessDescriptor;)V @ 4 c2
Event: 0.553 Thread 0x000001deaeec64a0 DEOPT PACKING pc=0x000001deb9658f28 sp=0x00000081ed8fd740
Event: 0.553 Thread 0x000001deaeec64a0 DEOPT UNPACKING pc=0x000001deb90d66a3 sp=0x00000081ed8fd700 mode 2
Event: 0.583 Thread 0x000001deaeec64a0 Uncommon trap: trap_request=0xffffffde fr.pc=0x000001deb9651e10 relative=0x0000000000000530
Event: 0.583 Thread 0x000001deaeec64a0 Uncommon trap: reason=class_check action=maybe_recompile pc=0x000001deb9651e10 method=java.util.Collections$UnmodifiableCollection$1.<init>(Ljava/util/Collections$UnmodifiableCollection;)V @ 17 c2
Event: 0.583 Thread 0x000001deaeec64a0 DEOPT PACKING pc=0x000001deb9651e10 sp=0x00000081ed8fe7b0
Event: 0.583 Thread 0x000001deaeec64a0 DEOPT UNPACKING pc=0x000001deb90d66a3 sp=0x00000081ed8fe6f8 mode 2
Event: 0.583 Thread 0x000001deaeec64a0 Uncommon trap: trap_request=0xffffffc6 fr.pc=0x000001deb964a69c relative=0x000000000000027c
Event: 0.583 Thread 0x000001deaeec64a0 Uncommon trap: reason=bimorphic_or_optimized_type_check action=maybe_recompile pc=0x000001deb964a69c method=java.util.Collections$UnmodifiableCollection$1.next()Ljava/lang/Object; @ 4 c2
Event: 0.583 Thread 0x000001deaeec64a0 DEOPT PACKING pc=0x000001deb964a69c sp=0x00000081ed8fe7c0
Event: 0.583 Thread 0x000001deaeec64a0 DEOPT UNPACKING pc=0x000001deb90d66a3 sp=0x00000081ed8fe770 mode 2
Event: 0.583 Thread 0x000001deaeec64a0 Uncommon trap: trap_request=0xffffffc6 fr.pc=0x000001deb964a69c relative=0x000000000000027c
Event: 0.583 Thread 0x000001deaeec64a0 Uncommon trap: reason=bimorphic_or_optimized_type_check action=maybe_recompile pc=0x000001deb964a69c method=java.util.Collections$UnmodifiableCollection$1.next()Ljava/lang/Object; @ 4 c2
Event: 0.583 Thread 0x000001deaeec64a0 DEOPT PACKING pc=0x000001deb964a69c sp=0x00000081ed8fe7c0
Event: 0.583 Thread 0x000001deaeec64a0 DEOPT UNPACKING pc=0x000001deb90d66a3 sp=0x00000081ed8fe770 mode 2

Classes unloaded (0 events):
No events

Classes redefined (0 events):
No events

Internal exceptions (13 events):
Event: 0.122 Thread 0x000001deaeec64a0 Exception <a 'java/lang/NoSuchMethodError'{0x00000000eacb5268}: 'void java.lang.invoke.DirectMethodHandle$Holder.invokeStatic(java.lang.Object, java.lang.Object, java.lang.Object)'> (0x00000000eacb5268) 
thrown [s\src\hotspot\share\interpreter\linkResolver.cpp, line 759]
Event: 0.281 Thread 0x000001deaeec64a0 Exception <a 'java/lang/reflect/InvocationTargetException'{0x00000000eafe9b68}> (0x00000000eafe9b68) 
thrown [s\src\hotspot\share\runtime\reflection.cpp, line 1121]
Event: 0.435 Thread 0x000001deaeec64a0 Exception <a 'java/lang/ClassNotFoundException'{0x00000000eb869a10}: sun/net/www/protocol/c/Handler> (0x00000000eb869a10) 
thrown [s\src\hotspot\share\classfile\systemDictionary.cpp, line 256]
Event: 0.438 Thread 0x000001deaeec64a0 Exception <a 'java/io/FileNotFoundException'{0x00000000eb885218}> (0x00000000eb885218) 
thrown [s\src\hotspot\share\prims\jni.cpp, line 516]
Event: 0.438 Thread 0x000001deaeec64a0 Exception <a 'java/io/FileNotFoundException'{0x00000000eb885f60}> (0x00000000eb885f60) 
thrown [s\src\hotspot\share\prims\jni.cpp, line 516]
Event: 0.439 Thread 0x000001deaeec64a0 Exception <a 'java/io/FileNotFoundException'{0x00000000eb886c88}> (0x00000000eb886c88) 
thrown [s\src\hotspot\share\prims\jni.cpp, line 516]
Event: 0.439 Thread 0x000001deaeec64a0 Exception <a 'java/io/FileNotFoundException'{0x00000000eb887980}> (0x00000000eb887980) 
thrown [s\src\hotspot\share\prims\jni.cpp, line 516]
Event: 0.441 Thread 0x000001deaeec64a0 Implicit null exception at 0x000001deb9641872 to 0x000001deb9641d90
Event: 0.443 Thread 0x000001deaeec64a0 Exception <a 'java/io/FileNotFoundException'{0x00000000eb8c2288}> (0x00000000eb8c2288) 
thrown [s\src\hotspot\share\prims\jni.cpp, line 516]
Event: 0.576 Thread 0x000001deaeec64a0 Exception <a 'java/lang/ClassNotFoundException'{0x00000000ec0cc0b0}: sun/net/www/protocol/c/Handler> (0x00000000ec0cc0b0) 
thrown [s\src\hotspot\share\classfile\systemDictionary.cpp, line 256]
Event: 0.576 Thread 0x000001deaeec64a0 Exception <a 'java/lang/ClassNotFoundException'{0x00000000ec0cd588}: sun/net/www/protocol/c/Handler> (0x00000000ec0cd588) 
thrown [s\src\hotspot\share\classfile\systemDictionary.cpp, line 256]
Event: 0.576 Thread 0x000001deaeec64a0 Exception <a 'java/lang/ClassNotFoundException'{0x00000000ec0ce9a8}: sun/net/www/protocol/c/Handler> (0x00000000ec0ce9a8) 
thrown [s\src\hotspot\share\classfile\systemDictionary.cpp, line 256]
Event: 0.583 Thread 0x000001deaeec64a0 Exception <a 'java/io/FileNotFoundException'{0x00000000ec0f6030}> (0x00000000ec0f6030) 
thrown [s\src\hotspot\share\prims\jni.cpp, line 516]

VM Operations (10 events):
Event: 0.127 Executing VM operation: HandshakeAllThreads
Event: 0.127 Executing VM operation: HandshakeAllThreads done
Event: 0.205 Executing VM operation: HandshakeAllThreads
Event: 0.205 Executing VM operation: HandshakeAllThreads done
Event: 0.421 Executing VM operation: HandshakeAllThreads
Event: 0.421 Executing VM operation: HandshakeAllThreads done
Event: 0.432 Executing VM operation: HandshakeAllThreads
Event: 0.432 Executing VM operation: HandshakeAllThreads done
Event: 0.585 Executing VM operation: ICBufferFull
Event: 0.585 Executing VM operation: ICBufferFull done

Events (20 events):
Event: 0.563 loading class sun/nio/cs/StreamDecoder
Event: 0.563 loading class sun/nio/cs/StreamDecoder done
Event: 0.563 loading class sun/nio/cs/UTF_8$Decoder
Event: 0.563 loading class sun/nio/cs/UTF_8$Decoder done
Event: 0.563 loading class java/nio/charset/CoderResult
Event: 0.563 loading class java/nio/charset/CoderResult done
Event: 0.571 loading class java/util/Random
Event: 0.571 loading class java/util/random/RandomGenerator
Event: 0.571 loading class java/util/random/RandomGenerator done
Event: 0.571 loading class java/util/Random done
Event: 0.572 loading class java/util/UUID
Event: 0.572 loading class java/util/UUID done
Event: 0.572 loading class java/util/concurrent/atomic/AtomicBoolean
Event: 0.572 loading class java/util/concurrent/atomic/AtomicBoolean done
Event: 0.572 loading class java/lang/invoke/VarHandleInts$FieldInstanceReadWrite
Event: 0.572 loading class java/lang/invoke/VarHandleInts$FieldInstanceReadOnly
Event: 0.572 loading class java/lang/invoke/VarHandleInts$FieldInstanceReadOnly done
Event: 0.572 loading class java/lang/invoke/VarHandleInts$FieldInstanceReadWrite done
Event: 0.579 loading class java/nio/file/FileVisitor
Event: 0.579 loading class java/nio/file/FileVisitor done


Dynamic libraries:
0x00007ff6b9f50000 - 0x00007ff6b9f5e000 	c:\Users\ferna\.vscode\extensions\redhat.java-1.29.0-win32-x64\jre\17.0.10-win32-x86_64\bin\java.exe
0x00007ff8290b0000 - 0x00007ff8292c6000 	C:\WINDOWS\SYSTEM32\ntdll.dll
0x00007ff828ab0000 - 0x00007ff828b74000 	C:\WINDOWS\System32\KERNEL32.DLL
0x00007ff826820000 - 0x00007ff826bc7000 	C:\WINDOWS\System32\KERNELBASE.dll
0x00007ff826660000 - 0x00007ff826771000 	C:\WINDOWS\System32\ucrtbase.dll
0x00007ff80f5e0000 - 0x00007ff80f5f7000 	c:\Users\ferna\.vscode\extensions\redhat.java-1.29.0-win32-x64\jre\17.0.10-win32-x86_64\bin\jli.dll
0x00007ff80f570000 - 0x00007ff80f58b000 	c:\Users\ferna\.vscode\extensions\redhat.java-1.29.0-win32-x64\jre\17.0.10-win32-x86_64\bin\VCRUNTIME140.dll
0x00007ff8276a0000 - 0x00007ff82784e000 	C:\WINDOWS\System32\USER32.dll
0x00007ff826bd0000 - 0x00007ff826bf6000 	C:\WINDOWS\System32\win32u.dll
0x00007ff827850000 - 0x00007ff827879000 	C:\WINDOWS\System32\GDI32.dll
0x00007ff809fb0000 - 0x00007ff80a243000 	C:\WINDOWS\WinSxS\amd64_microsoft.windows.common-controls_6595b64144ccf1df_6.0.22621.3235_none_270f74e173860f98\COMCTL32.dll
0x00007ff826c00000 - 0x00007ff826d19000 	C:\WINDOWS\System32\gdi32full.dll
0x00007ff8285c0000 - 0x00007ff828667000 	C:\WINDOWS\System32\msvcrt.dll
0x00007ff826450000 - 0x00007ff8264ea000 	C:\WINDOWS\System32\msvcp_win.dll
0x00007ff827cc0000 - 0x00007ff827cf1000 	C:\WINDOWS\System32\IMM32.DLL
0x00007ff821940000 - 0x00007ff82194c000 	c:\Users\ferna\.vscode\extensions\redhat.java-1.29.0-win32-x64\jre\17.0.10-win32-x86_64\bin\vcruntime140_1.dll
0x00007ffff8130000 - 0x00007ffff81bd000 	c:\Users\ferna\.vscode\extensions\redhat.java-1.29.0-win32-x64\jre\17.0.10-win32-x86_64\bin\msvcp140.dll
0x00007fffa0d70000 - 0x00007fffa19d2000 	c:\Users\ferna\.vscode\extensions\redhat.java-1.29.0-win32-x64\jre\17.0.10-win32-x86_64\bin\server\jvm.dll
0x00007ff827ae0000 - 0x00007ff827b92000 	C:\WINDOWS\System32\ADVAPI32.dll
0x00007ff828740000 - 0x00007ff8287e8000 	C:\WINDOWS\System32\sechost.dll
0x00007ff8267f0000 - 0x00007ff826818000 	C:\WINDOWS\System32\bcrypt.dll
0x00007ff828cf0000 - 0x00007ff828e05000 	C:\WINDOWS\System32\RPCRT4.dll
0x00007ff825c80000 - 0x00007ff825ccd000 	C:\WINDOWS\SYSTEM32\POWRPROF.dll
0x00007ff808f40000 - 0x00007ff808f49000 	C:\WINDOWS\SYSTEM32\WSOCK32.dll
0x00007ff827890000 - 0x00007ff827901000 	C:\WINDOWS\System32\WS2_32.dll
0x00007ff81ca60000 - 0x00007ff81ca6a000 	C:\WINDOWS\SYSTEM32\VERSION.dll
0x00007ff81e840000 - 0x00007ff81e874000 	C:\WINDOWS\SYSTEM32\WINMM.dll
0x00007ff825c60000 - 0x00007ff825c73000 	C:\WINDOWS\SYSTEM32\UMPDC.dll
0x00007ff825410000 - 0x00007ff825428000 	C:\WINDOWS\SYSTEM32\kernel.appcore.dll
0x00007ff8218e0000 - 0x00007ff8218ea000 	c:\Users\ferna\.vscode\extensions\redhat.java-1.29.0-win32-x64\jre\17.0.10-win32-x86_64\bin\jimage.dll
0x00007ff81cc30000 - 0x00007ff81ce63000 	C:\WINDOWS\SYSTEM32\DBGHELP.DLL
0x00007ff826e70000 - 0x00007ff8271f8000 	C:\WINDOWS\System32\combase.dll
0x00007ff828c10000 - 0x00007ff828ce7000 	C:\WINDOWS\System32\OLEAUT32.dll
0x00007ff80a2d0000 - 0x00007ff80a302000 	C:\WINDOWS\SYSTEM32\dbgcore.DLL
0x00007ff8263d0000 - 0x00007ff826449000 	C:\WINDOWS\System32\bcryptPrimitives.dll
0x00007ff8112f0000 - 0x00007ff8112fe000 	c:\Users\ferna\.vscode\extensions\redhat.java-1.29.0-win32-x64\jre\17.0.10-win32-x86_64\bin\instrument.dll
0x00007ffffeca0000 - 0x00007ffffecc5000 	c:\Users\ferna\.vscode\extensions\redhat.java-1.29.0-win32-x64\jre\17.0.10-win32-x86_64\bin\java.dll
0x00007ff80ef30000 - 0x00007ff80ef48000 	c:\Users\ferna\.vscode\extensions\redhat.java-1.29.0-win32-x64\jre\17.0.10-win32-x86_64\bin\zip.dll
0x00007ff827d00000 - 0x00007ff82855c000 	C:\WINDOWS\System32\SHELL32.dll
0x00007ff824330000 - 0x00007ff824c29000 	C:\WINDOWS\SYSTEM32\windows.storage.dll
0x00007ff8241f0000 - 0x00007ff82432e000 	C:\WINDOWS\SYSTEM32\wintypes.dll
0x00007ff8289b0000 - 0x00007ff828aa3000 	C:\WINDOWS\System32\SHCORE.dll
0x00007ff827c50000 - 0x00007ff827cae000 	C:\WINDOWS\System32\shlwapi.dll
0x00007ff826300000 - 0x00007ff826321000 	C:\WINDOWS\SYSTEM32\profapi.dll
0x00007ff808500000 - 0x00007ff808519000 	C:\Users\ferna\.vscode\extensions\redhat.java-1.29.0-win32-x64\jre\17.0.10-win32-x86_64\bin\net.dll
0x00007ff820b30000 - 0x00007ff820c66000 	C:\WINDOWS\SYSTEM32\WINHTTP.dll
0x00007ff825880000 - 0x00007ff8258e9000 	C:\WINDOWS\system32\mswsock.dll
0x00007ff807650000 - 0x00007ff807666000 	C:\Users\ferna\.vscode\extensions\redhat.java-1.29.0-win32-x64\jre\17.0.10-win32-x86_64\bin\nio.dll
0x00007ff811170000 - 0x00007ff811180000 	c:\Users\ferna\.vscode\extensions\redhat.java-1.29.0-win32-x64\jre\17.0.10-win32-x86_64\bin\verify.dll

dbghelp: loaded successfully - version: 4.0.5 - missing functions: none
symbol engine: initialized successfully - sym options: 0x614 - pdb path: .;c:\Users\ferna\.vscode\extensions\redhat.java-1.29.0-win32-x64\jre\17.0.10-win32-x86_64\bin;C:\WINDOWS\SYSTEM32;C:\WINDOWS\WinSxS\amd64_microsoft.windows.common-controls_6595b64144ccf1df_6.0.22621.3235_none_270f74e173860f98;c:\Users\ferna\.vscode\extensions\redhat.java-1.29.0-win32-x64\jre\17.0.10-win32-x86_64\bin\server

VM Arguments:
jvm_args: --add-modules=ALL-SYSTEM --add-opens=java.base/java.util=ALL-UNNAMED --add-opens=java.base/java.lang=ALL-UNNAMED --add-opens=java.base/sun.nio.fs=ALL-UNNAMED -Declipse.application=org.eclipse.jdt.ls.core.id1 -Dosgi.bundles.defaultStartLevel=4 -Declipse.product=org.eclipse.jdt.ls.core.product -Djava.import.generatesMetadataFilesAtProjectRoot=false -DDetectVMInstallationsJob.disabled=true -Dfile.encoding=utf8 -XX:+UseParallelGC -XX:GCTimeRatio=4 -XX:AdaptiveSizePolicyWeight=90 -Dsun.zip.disableMemoryMapping=true -Xmx1G -Xms100m -Xlog:disable -javaagent:c:\Users\ferna\.vscode\extensions\redhat.java-1.29.0-win32-x64\lombok\lombok-1.18.32.jar -XX:+HeapDumpOnOutOfMemoryError -XX:HeapDumpPath=c:\Users\ferna\AppData\Roaming\Code\User\workspaceStorage\62be571db2466fc7fa80bd9412ada204\redhat.java -Daether.dependencyCollector.impl=bf 
java_command: c:\Users\ferna\.vscode\extensions\redhat.java-1.29.0-win32-x64\server\plugins\org.eclipse.equinox.launcher_1.6.800.v20240304-1850.jar -configuration c:\Users\ferna\AppData\Roaming\Code\User\globalStorage\redhat.java\1.29.0\config_win -data c:\Users\ferna\AppData\Roaming\Code\User\workspaceStorage\62be571db2466fc7fa80bd9412ada204\redhat.java\jdt_ws --stdio
java_class_path (initial): c:\Users\ferna\.vscode\extensions\redhat.java-1.29.0-win32-x64\server\plugins\org.eclipse.equinox.launcher_1.6.800.v20240304-1850.jar
Launcher Type: SUN_STANDARD

[Global flags]
    uintx AdaptiveSizePolicyWeight                 = 90                                        {product} {command line}
     intx CICompilerCount                          = 4                                         {product} {ergonomic}
    uintx GCTimeRatio                              = 4                                         {product} {command line}
     bool HeapDumpOnOutOfMemoryError               = true                                   {manageable} {command line}
    ccstr HeapDumpPath                             = c:\Users\ferna\AppData\Roaming\Code\User\workspaceStorage\62be571db2466fc7fa80bd9412ada204\redhat.java         {manageable} {command line}
   size_t InitialHeapSize                          = 104857600                                 {product} {command line}
   size_t MaxHeapSize                              = 1073741824                                {product} {command line}
   size_t MaxNewSize                               = 357564416                                 {product} {ergonomic}
   size_t MinHeapDeltaBytes                        = 524288                                    {product} {ergonomic}
   size_t MinHeapSize                              = 104857600                                 {product} {command line}
   size_t NewSize                                  = 34603008                                  {product} {ergonomic}
    uintx NonNMethodCodeHeapSize                   = 5839372                                {pd product} {ergonomic}
    uintx NonProfiledCodeHeapSize                  = 122909434                              {pd product} {ergonomic}
   size_t OldSize                                  = 70254592                                  {product} {ergonomic}
    uintx ProfiledCodeHeapSize                     = 122909434                              {pd product} {ergonomic}
    uintx ReservedCodeCacheSize                    = 251658240                              {pd product} {ergonomic}
     bool SegmentedCodeCache                       = true                                      {product} {ergonomic}
   size_t SoftMaxHeapSize                          = 1073741824                             {manageable} {ergonomic}
     bool UseCompressedClassPointers               = true                           {product lp64_product} {ergonomic}
     bool UseCompressedOops                        = true                           {product lp64_product} {ergonomic}
     bool UseLargePagesIndividualAllocation        = false                                  {pd product} {ergonomic}
     bool UseParallelGC                            = true                                      {product} {command line}

Logging:
Log output configuration:
 #0: stdout all=off uptime,level,tags
 #1: stderr all=off uptime,level,tags

Environment Variables:
JAVA_HOME=C:\Program Files\Java\jdk-21
PATH=C:\Program Files\MySQL\MySQL Shell 8.0\bin\;C:\Users\ferna\AppData\Local\Programs\Python\Python310\Scripts\;C:\Users\ferna\AppData\Local\Microsoft\WindowsApps;C:\Program Files\JetBrains\PyCharm 2021.3.1\bin;C:\Program Files\JetBrains\PyCharm Community Edition 2021.3.1\bin;C:\Users\ferna\AppData\Local\Programs\Microsoft VS Code\bin;C:\Users\ferna\.dotnet\tools;C:\MinGW\bin;C:\Program Files\Azure Data Studio\bin;C:\Program Files\Java\jdk-21\bin;C:\Program Files\Maven\apache-maven-3.9.4\bin;C:\WINDOWS\system32;C:\WINDOWS;C:\Program Files\nodejs\;C:\Program Files\HP\HP One Agent;C:\Program Files\Microsoft SQL Server\Client SDK\ODBC\170\Tools\Binn\;C:\Program Files\Microsoft SQL Server\160\DTS\Binn\;C:\Program Files (x86)\Microsoft SQL Server\150\Tools\Binn\;C:\Program Files\Microsoft SQL Server\150\Tools\Binn\;C:\Program Files (x86)\Microsoft SQL Server\150\DTS\Binn\;C:\Program Files\Microsoft SQL Server\150\DTS\Binn\;C:\Program Files\MySQL\MySQL Shell 8.0\bin\;C:\Users\ferna\AppData\Local\Programs\Python\Python310\Scripts\;C:\Users\ferna\AppData\Local\Programs\Python\Python310\;C:\Users\ferna\AppData\Local\Microsoft\WindowsApps;C:\Program Files\JetBrains\PyCharm 2021.3.1\bin;C:\Program Files\JetBrains\PyCharm Community Edition 2021.3.1\bin;C:\Users\ferna\AppData\Local\Programs\Microsoft VS Code\bin;C:\Users\ferna\.dotnet\tools;C:\MinGW\bin;C:\Program Files\Azure Data Studio\bin;C:\Users\ferna\AppData\Roaming\npm;C:\Users\ferna\AppData\Local\GitHubDesktop\bin
USERNAME=ferna
OS=Windows_NT
PROCESSOR_IDENTIFIER=AMD64 Family 23 Model 104 Stepping 1, AuthenticAMD
TMP=C:\Users\ferna\AppData\Local\Temp
TEMP=C:\Users\ferna\AppData\Local\Temp



Periodic native trim disabled


---------------  S Y S T E M  ---------------

OS:
 Windows 11 , 64 bit Build 22621 (10.0.22621.3374)
OS uptime: 0 days 2:52 hours

CPU: total 12 (initial active 12) (12 cores per cpu, 2 threads per core) family 23 model 104 stepping 1 microcode 0x0, cx8, cmov, fxsr, ht, mmx, 3dnowpref, sse, sse2, sse3, ssse3, sse4a, sse4.1, sse4.2, popcnt, lzcnt, tsc, tscinvbit, avx, avx2, aes, clmul, bmi1, bmi2, adx, sha, fma, vzeroupper, clflush, clflushopt
Processor Information for processor 0
  Max Mhz: 2100, Current Mhz: 2100, Mhz Limit: 2100
Processor Information for processor 1
  Max Mhz: 2100, Current Mhz: 1988, Mhz Limit: 2100
Processor Information for processor 2
  Max Mhz: 2100, Current Mhz: 2100, Mhz Limit: 2100
Processor Information for processor 3
  Max Mhz: 2100, Current Mhz: 1988, Mhz Limit: 2100
Processor Information for processor 4
  Max Mhz: 2100, Current Mhz: 1988, Mhz Limit: 2100
Processor Information for processor 5
  Max Mhz: 2100, Current Mhz: 2100, Mhz Limit: 2100
Processor Information for processor 6
  Max Mhz: 2100, Current Mhz: 2100, Mhz Limit: 2100
Processor Information for processor 7
  Max Mhz: 2100, Current Mhz: 1988, Mhz Limit: 2100
Processor Information for processor 8
  Max Mhz: 2100, Current Mhz: 2100, Mhz Limit: 2100
Processor Information for processor 9
  Max Mhz: 2100, Current Mhz: 1988, Mhz Limit: 2100
Processor Information for processor 10
  Max Mhz: 2100, Current Mhz: 2100, Mhz Limit: 2100
Processor Information for processor 11
  Max Mhz: 2100, Current Mhz: 2100, Mhz Limit: 2100

Memory: 4k page, system-wide physical 7502M (306M free)
TotalPageFile size 13563M (AvailPageFile size 3M)
current process WorkingSet (physical memory assigned to process): 69M, peak: 69M
current process commit charge ("private bytes"): 204M, peak: 204M

vm_info: OpenJDK 64-Bit Server VM (17.0.10+7) for windows-amd64 JRE (17.0.10+7), built on Jan 16 2024 23:25:11 by "admin" with MS VC++ 16.10 / 16.11 (VS2019)

END.
