#
# There is insufficient memory for the Java Runtime Environment to continue.
# Native memory allocation (malloc) failed to allocate 646496 bytes for Chunk::new
# Possible reasons:
#   The system is out of physical RAM or swap space
#   The process is running with CompressedOops enabled, and the Java Heap may be blocking the growth of the native heap
# Possible solutions:
#   Reduce memory load on the system
#   Increase physical memory or swap space
#   Check if swap backing store is full
#   Decrease Java heap size (-Xmx/-Xms)
#   Decrease number of Java threads
#   Decrease Java thread stack sizes (-Xss)
#   Set larger code cache with -XX:ReservedCodeCacheSize=
#   JVM is running with Unscaled Compressed Oops mode in which the Java heap is
#     placed in the first 4GB address space. The Java Heap base address is the
#     maximum limit for the native heap growth. Please use -XX:HeapBaseMinAddress
#     to set the Java Heap base and to place the Java Heap above 4GB virtual address.
# This output file may be truncated or incomplete.
#
#  Out of Memory Error (arena.cpp:191), pid=15936, tid=19092
#
# JRE version: OpenJDK Runtime Environment Temurin-17.0.10+7 (17.0.10+7) (build 17.0.10+7)
# Java VM: OpenJDK 64-Bit Server VM Temurin-17.0.10+7 (17.0.10+7, mixed mode, tiered, compressed oops, compressed class ptrs, parallel gc, windows-amd64)
# No core dump will be written. Minidumps are not enabled by default on client versions of Windows
#

---------------  S U M M A R Y ------------

Command Line: --add-modules=ALL-SYSTEM --add-opens=java.base/java.util=ALL-UNNAMED --add-opens=java.base/java.lang=ALL-UNNAMED --add-opens=java.base/sun.nio.fs=ALL-UNNAMED -Declipse.application=org.eclipse.jdt.ls.core.id1 -Dosgi.bundles.defaultStartLevel=4 -Declipse.product=org.eclipse.jdt.ls.core.product -Djava.import.generatesMetadataFilesAtProjectRoot=false -DDetectVMInstallationsJob.disabled=true -Dfile.encoding=utf8 -XX:+UseParallelGC -XX:GCTimeRatio=4 -XX:AdaptiveSizePolicyWeight=90 -Dsun.zip.disableMemoryMapping=true -Xmx1G -Xms100m -Xlog:disable -javaagent:c:\Users\ferna\.vscode\extensions\redhat.java-1.29.0-win32-x64\lombok\lombok-1.18.32.jar c:\Users\ferna\.vscode\extensions\redhat.java-1.29.0-win32-x64\server\plugins\org.eclipse.equinox.launcher_1.6.800.v20240304-1850.jar -configuration c:\Users\ferna\AppData\Roaming\Code\User\globalStorage\redhat.java\1.29.0\config_ss_win -data c:\Users\ferna\AppData\Roaming\Code\User\workspaceStorage\62be571db2466fc7fa80bd9412ada204\redhat.java\ss_ws --stdio

Host: AMD Ryzen 5 5500U with Radeon Graphics         , 12 cores, 7G,  Windows 11 , 64 bit Build 22621 (10.0.22621.3374)
Time: Wed Apr 24 22:48:33 2024 Hora estándar, América Central elapsed time: 1.899707 seconds (0d 0h 0m 1s)

---------------  T H R E A D  ---------------

Current thread (0x0000024cae823100):  JavaThread "C2 CompilerThread0" daemon [_thread_in_native, id=19092, stack(0x000000b8bfd00000,0x000000b8bfe00000)]


Current CompileTask:
C2:   1899 2241       4       org.lombokweb.asm.ClassReader::readMethod (1066 bytes)

Stack: [0x000000b8bfd00000,0x000000b8bfe00000]
Native frames: (J=compiled Java code, j=interpreted, Vv=VM code, C=native code)
V  [jvm.dll+0x67d2c9]
V  [jvm.dll+0x834afa]
V  [jvm.dll+0x8365be]
V  [jvm.dll+0x836c23]
V  [jvm.dll+0x2477ff]
V  [jvm.dll+0xac514]
V  [jvm.dll+0xacb5c]
V  [jvm.dll+0x2aed1f]
V  [jvm.dll+0x584b67]
V  [jvm.dll+0x2228a2]
V  [jvm.dll+0x21b942]
V  [jvm.dll+0x219201]
V  [jvm.dll+0x1a502d]
V  [jvm.dll+0x2290de]
V  [jvm.dll+0x2272ac]
V  [jvm.dll+0x7e9bb7]
V  [jvm.dll+0x7e3fba]
V  [jvm.dll+0x67c1b5]
C  [ucrtbase.dll+0x29333]
C  [KERNEL32.DLL+0x1257d]
C  [ntdll.dll+0x5aa48]


---------------  P R O C E S S  ---------------

Threads class SMR info:
_java_thread_list=0x0000024cb0c2cc20, length=20, elements={
0x0000024c957f4fd0, 0x0000024ca9677010, 0x0000024ca967aaa0, 0x0000024cae81bf20,
0x0000024cae81c8f0, 0x0000024cae81dca0, 0x0000024cae81ef10, 0x0000024cae823100,
0x0000024cae8241b0, 0x0000024cae834360, 0x0000024c95854f60, 0x0000024caeb36f90,
0x0000024cb00dcfe0, 0x0000024cb00df860, 0x0000024cb00dd4f0, 0x0000024cb00df350,
0x0000024cb00dfd70, 0x0000024cb00dc5c0, 0x0000024cb00de930, 0x0000024cb00dee40
}

Java Threads: ( => current thread )
  0x0000024c957f4fd0 JavaThread "main" [_thread_blocked, id=15704, stack(0x000000b8bf400000,0x000000b8bf500000)]
  0x0000024ca9677010 JavaThread "Reference Handler" daemon [_thread_blocked, id=17776, stack(0x000000b8bf700000,0x000000b8bf800000)]
  0x0000024ca967aaa0 JavaThread "Finalizer" daemon [_thread_blocked, id=16824, stack(0x000000b8bf800000,0x000000b8bf900000)]
  0x0000024cae81bf20 JavaThread "Signal Dispatcher" daemon [_thread_blocked, id=17836, stack(0x000000b8bf900000,0x000000b8bfa00000)]
  0x0000024cae81c8f0 JavaThread "Attach Listener" daemon [_thread_blocked, id=5708, stack(0x000000b8bfa00000,0x000000b8bfb00000)]
  0x0000024cae81dca0 JavaThread "Service Thread" daemon [_thread_blocked, id=6916, stack(0x000000b8bfb00000,0x000000b8bfc00000)]
  0x0000024cae81ef10 JavaThread "Monitor Deflation Thread" daemon [_thread_blocked, id=20468, stack(0x000000b8bfc00000,0x000000b8bfd00000)]
=>0x0000024cae823100 JavaThread "C2 CompilerThread0" daemon [_thread_in_native, id=19092, stack(0x000000b8bfd00000,0x000000b8bfe00000)]
  0x0000024cae8241b0 JavaThread "C1 CompilerThread0" daemon [_thread_in_native, id=20288, stack(0x000000b8bfe00000,0x000000b8bff00000)]
  0x0000024cae834360 JavaThread "Sweeper thread" daemon [_thread_blocked, id=8864, stack(0x000000b8bff00000,0x000000b8c0000000)]
  0x0000024c95854f60 JavaThread "Common-Cleaner" daemon [_thread_blocked, id=10144, stack(0x000000b8c0000000,0x000000b8c0100000)]
  0x0000024caeb36f90 JavaThread "Notification Thread" daemon [_thread_blocked, id=19724, stack(0x000000b8c0100000,0x000000b8c0200000)]
  0x0000024cb00dcfe0 JavaThread "Active Thread: Equinox Container: a56e99da-2d0c-4746-99dc-43463fa58ce2" [_thread_blocked, id=9600, stack(0x000000b8c0900000,0x000000b8c0a00000)]
  0x0000024cb00df860 JavaThread "Framework Event Dispatcher: Equinox Container: a56e99da-2d0c-4746-99dc-43463fa58ce2" daemon [_thread_blocked, id=6252, stack(0x000000b8c0a00000,0x000000b8c0b00000)]
  0x0000024cb00dd4f0 JavaThread "Start Level: Equinox Container: a56e99da-2d0c-4746-99dc-43463fa58ce2" daemon [_thread_in_vm, id=13576, stack(0x000000b8c0b00000,0x000000b8c0c00000)]
  0x0000024cb00df350 JavaThread "SCR Component Actor" daemon [_thread_blocked, id=21776, stack(0x000000b8c0c00000,0x000000b8c0d00000)]
  0x0000024cb00dfd70 JavaThread "SCR Component Registry" daemon [_thread_blocked, id=21468, stack(0x000000b8c0e00000,0x000000b8c0f00000)]
  0x0000024cb00dc5c0 JavaThread "Worker-JM" [_thread_blocked, id=20336, stack(0x000000b8c0f00000,0x000000b8c1000000)]
  0x0000024cb00de930 JavaThread "Worker-0" [_thread_blocked, id=16640, stack(0x000000b8c1200000,0x000000b8c1300000)]
  0x0000024cb00dee40 JavaThread "Worker-1" [_thread_blocked, id=13860, stack(0x000000b8c1300000,0x000000b8c1400000)]

Other Threads:
  0x0000024cae7f4870 VMThread "VM Thread" [stack: 0x000000b8bf600000,0x000000b8bf700000] [id=1712]
  0x0000024caeb39ac0 WatcherThread [stack: 0x000000b8c0200000,0x000000b8c0300000] [id=17644]
  0x0000024c958084d0 GCTaskThread "GC Thread#0" [stack: 0x000000b8bf500000,0x000000b8bf600000] [id=14512]
  0x0000024cb03e39c0 GCTaskThread "GC Thread#1" [stack: 0x000000b8c0300000,0x000000b8c0400000] [id=15960]
  0x0000024cb03e0df0 GCTaskThread "GC Thread#2" [stack: 0x000000b8c0400000,0x000000b8c0500000] [id=4700]
  0x0000024cb032d2a0 GCTaskThread "GC Thread#3" [stack: 0x000000b8c0500000,0x000000b8c0600000] [id=13360]
  0x0000024cb0591080 GCTaskThread "GC Thread#4" [stack: 0x000000b8c0600000,0x000000b8c0700000] [id=16448]
  0x0000024cb0591750 GCTaskThread "GC Thread#5" [stack: 0x000000b8c0700000,0x000000b8c0800000] [id=17076]
  0x0000024cb0591a10 GCTaskThread "GC Thread#6" [stack: 0x000000b8c0800000,0x000000b8c0900000] [id=16208]
  0x0000024cb032da00 GCTaskThread "GC Thread#7" [stack: 0x000000b8c0d00000,0x000000b8c0e00000] [id=20196]
  0x0000024cb069c080 GCTaskThread "GC Thread#8" [stack: 0x000000b8c1000000,0x000000b8c1100000] [id=1944]
  0x0000024cb0b0b4c0 GCTaskThread "GC Thread#9" [stack: 0x000000b8c1100000,0x000000b8c1200000] [id=12884]

Threads with active compile tasks:
C2 CompilerThread0     1915 2241       4       org.lombokweb.asm.ClassReader::readMethod (1066 bytes)
C1 CompilerThread0     1915 2261       3       org.lombokweb.asm.SymbolTable::<init> (536 bytes)

VM state: not at safepoint (normal execution)

VM Mutex/Monitor currently owned by a thread: None

Heap address: 0x00000000c0000000, size: 1024 MB, Compressed Oops mode: 32-bit

CDS archive(s) not mapped
Compressed class space mapped at: 0x0000000100000000-0x0000000140000000, reserved size: 1073741824
Narrow klass base: 0x0000000000000000, Narrow klass shift: 3, Narrow klass range: 0x140000000

GC Precious Log:
 CPUs: 12 total, 12 available
 Memory: 7502M
 Large Page Support: Disabled
 NUMA Support: Disabled
 Compressed Oops: Enabled (32-bit)
 Alignments: Space 512K, Generation 512K, Heap 2M
 Heap Min Capacity: 100M
 Heap Initial Capacity: 100M
 Heap Max Capacity: 1G
 Pre-touch: Disabled
 Parallel Workers: 10

Heap:
 PSYoungGen      total 26112K, used 10860K [0x00000000eab00000, 0x00000000ec880000, 0x0000000100000000)
  eden space 25088K, 40% used [0x00000000eab00000,0x00000000eb4e1250,0x00000000ec380000)
  from space 1024K, 72% used [0x00000000ec400000,0x00000000ec4ba188,0x00000000ec500000)
  to   space 2560K, 0% used [0x00000000ec600000,0x00000000ec600000,0x00000000ec880000)
 ParOldGen       total 68608K, used 6854K [0x00000000c0000000, 0x00000000c4300000, 0x00000000eab00000)
  object space 68608K, 9% used [0x00000000c0000000,0x00000000c06b1ad0,0x00000000c4300000)
 Metaspace       used 25556K, committed 25984K, reserved 1114112K
  class space    used 2511K, committed 2688K, reserved 1048576K

Card table byte_map: [0x0000024c95180000,0x0000024c95390000] _byte_map_base: 0x0000024c94b80000

Marking Bits: (ParMarkBitMap*) 0x00007fffa190d7d0
 Begin Bits: [0x0000024ca7480000, 0x0000024ca8480000)
 End Bits:   [0x0000024ca8480000, 0x0000024ca9480000)

Polling page: 0x0000024c93720000

Metaspace:

Usage:
  Non-class:     22.51 MB used.
      Class:      2.45 MB used.
       Both:     24.96 MB used.

Virtual space:
  Non-class space:       64.00 MB reserved,      22.75 MB ( 36%) committed,  1 nodes.
      Class space:        1.00 GB reserved,       2.62 MB ( <1%) committed,  1 nodes.
             Both:        1.06 GB reserved,      25.38 MB (  2%) committed. 

Chunk freelists:
   Non-Class:  9.02 MB
       Class:  13.39 MB
        Both:  22.41 MB

MaxMetaspaceSize: unlimited
CompressedClassSpaceSize: 1.00 GB
Initial GC threshold: 21.00 MB
Current GC threshold: 35.00 MB
CDS: off
MetaspaceReclaimPolicy: balanced
 - commit_granule_bytes: 65536.
 - commit_granule_words: 8192.
 - virtual_space_node_default_size: 8388608.
 - enlarge_chunks_in_place: 1.
 - new_chunks_are_fully_committed: 0.
 - uncommit_free_chunks: 1.
 - use_allocation_guard: 0.
 - handle_deallocations: 1.


Internal statistics:

num_allocs_failed_limit: 3.
num_arena_births: 260.
num_arena_deaths: 14.
num_vsnodes_births: 2.
num_vsnodes_deaths: 0.
num_space_committed: 406.
num_space_uncommitted: 0.
num_chunks_returned_to_freelist: 17.
num_chunks_taken_from_freelist: 928.
num_chunk_merges: 8.
num_chunk_splits: 606.
num_chunks_enlarged: 422.
num_inconsistent_stats: 0.

CodeHeap 'non-profiled nmethods': size=120000Kb used=855Kb max_used=855Kb free=119144Kb
 bounds [0x0000024c9ff50000, 0x0000024ca01c0000, 0x0000024ca7480000]
CodeHeap 'profiled nmethods': size=120000Kb used=4441Kb max_used=4441Kb free=115558Kb
 bounds [0x0000024c98480000, 0x0000024c988e0000, 0x0000024c9f9b0000]
CodeHeap 'non-nmethods': size=5760Kb used=1222Kb max_used=1222Kb free=4537Kb
 bounds [0x0000024c9f9b0000, 0x0000024c9fc20000, 0x0000024c9ff50000]
 total_blobs=2790 nmethods=2256 adapters=448
 compilation: enabled
              stopped_count=0, restarted_count=0
 full_count=0

Compilation events (20 events):
Event: 1.841 Thread 0x0000024cae8241b0 nmethod 2242 0x0000024c988c6410 code [0x0000024c988c65c0, 0x0000024c988c6778]
Event: 1.842 Thread 0x0000024cae823100 nmethod 2240 0x0000024ca0024a90 code [0x0000024ca0024c40, 0x0000024ca00253b8]
Event: 1.842 Thread 0x0000024cae823100 2241       4       org.lombokweb.asm.ClassReader::readMethod (1066 bytes)
Event: 1.844 Thread 0x0000024cae8241b0 2243       1       java.util.concurrent.atomic.AtomicLong::get (5 bytes)
Event: 1.845 Thread 0x0000024cae8241b0 nmethod 2243 0x0000024ca0025890 code [0x0000024ca0025a20, 0x0000024ca0025af8]
Event: 1.876 Thread 0x0000024cae8241b0 2246       3       lombok.patcher.scripts.AddFieldScript$1::visitField (35 bytes)
Event: 1.876 Thread 0x0000024cae8241b0 nmethod 2246 0x0000024c988c6890 code [0x0000024c988c6a40, 0x0000024c988c6cb8]
Event: 1.876 Thread 0x0000024cae8241b0 2247 %     3       org.lombokweb.asm.ClassReader::<init> @ 110 (371 bytes)
Event: 1.877 Thread 0x0000024cae8241b0 nmethod 2247% 0x0000024c988c6e10 code [0x0000024c988c7100, 0x0000024c988c8458]
Event: 1.877 Thread 0x0000024cae8241b0 2249       3       java.util.regex.Pattern$BmpCharPropertyGreedy::match (89 bytes)
Event: 1.878 Thread 0x0000024cae8241b0 nmethod 2249 0x0000024c988c8a10 code [0x0000024c988c8c00, 0x0000024c988c9248]
Event: 1.878 Thread 0x0000024cae8241b0 2248       3       java.util.regex.Pattern$GroupTail::match (111 bytes)
Event: 1.878 Thread 0x0000024cae8241b0 nmethod 2248 0x0000024c988c9490 code [0x0000024c988c9660, 0x0000024c988c9a08]
Event: 1.884 Thread 0x0000024cae8241b0 2251       3       java.util.ArrayDeque::circularClear (43 bytes)
Event: 1.884 Thread 0x0000024cae8241b0 nmethod 2251 0x0000024c988c9c10 code [0x0000024c988c9de0, 0x0000024c988ca1d8]
Event: 1.884 Thread 0x0000024cae8241b0 2250       3       java.util.ArrayDeque::clear (26 bytes)
Event: 1.884 Thread 0x0000024cae8241b0 nmethod 2250 0x0000024c988ca390 code [0x0000024c988ca520, 0x0000024c988ca688]
Event: 1.884 Thread 0x0000024cae8241b0 2252       3       java.util.ArrayDeque::toArray (99 bytes)
Event: 1.885 Thread 0x0000024cae8241b0 nmethod 2252 0x0000024c988ca710 code [0x0000024c988ca900, 0x0000024c988caed8]
Event: 1.897 Thread 0x0000024cae8241b0 2254 %     3       org.lombokweb.asm.SymbolTable::<init> @ 98 (536 bytes)

GC Heap History (12 events):
Event: 0.704 GC heap before
{Heap before GC invocations=1 (full 0):
 PSYoungGen      total 29696K, used 25600K [0x00000000eab00000, 0x00000000ecc00000, 0x0000000100000000)
  eden space 25600K, 100% used [0x00000000eab00000,0x00000000ec400000,0x00000000ec400000)
  from space 4096K, 0% used [0x00000000ec800000,0x00000000ec800000,0x00000000ecc00000)
  to   space 4096K, 0% used [0x00000000ec400000,0x00000000ec400000,0x00000000ec800000)
 ParOldGen       total 68608K, used 0K [0x00000000c0000000, 0x00000000c4300000, 0x00000000eab00000)
  object space 68608K, 0% used [0x00000000c0000000,0x00000000c0000000,0x00000000c4300000)
 Metaspace       used 11002K, committed 11200K, reserved 1114112K
  class space    used 1098K, committed 1216K, reserved 1048576K
}
Event: 0.711 GC heap after
{Heap after GC invocations=1 (full 0):
 PSYoungGen      total 29696K, used 3124K [0x00000000eab00000, 0x00000000ecc00000, 0x0000000100000000)
  eden space 25600K, 0% used [0x00000000eab00000,0x00000000eab00000,0x00000000ec400000)
  from space 4096K, 76% used [0x00000000ec400000,0x00000000ec70d278,0x00000000ec800000)
  to   space 4096K, 0% used [0x00000000ec800000,0x00000000ec800000,0x00000000ecc00000)
 ParOldGen       total 68608K, used 16K [0x00000000c0000000, 0x00000000c4300000, 0x00000000eab00000)
  object space 68608K, 0% used [0x00000000c0000000,0x00000000c0004000,0x00000000c4300000)
 Metaspace       used 11002K, committed 11200K, reserved 1114112K
  class space    used 1098K, committed 1216K, reserved 1048576K
}
Event: 1.147 GC heap before
{Heap before GC invocations=2 (full 0):
 PSYoungGen      total 29696K, used 28724K [0x00000000eab00000, 0x00000000ecc00000, 0x0000000100000000)
  eden space 25600K, 100% used [0x00000000eab00000,0x00000000ec400000,0x00000000ec400000)
  from space 4096K, 76% used [0x00000000ec400000,0x00000000ec70d278,0x00000000ec800000)
  to   space 4096K, 0% used [0x00000000ec800000,0x00000000ec800000,0x00000000ecc00000)
 ParOldGen       total 68608K, used 16K [0x00000000c0000000, 0x00000000c4300000, 0x00000000eab00000)
  object space 68608K, 0% used [0x00000000c0000000,0x00000000c0004000,0x00000000c4300000)
 Metaspace       used 14788K, committed 15104K, reserved 1114112K
  class space    used 1497K, committed 1664K, reserved 1048576K
}
Event: 1.151 GC heap after
{Heap after GC invocations=2 (full 0):
 PSYoungGen      total 29696K, used 4074K [0x00000000eab00000, 0x00000000ecc00000, 0x0000000100000000)
  eden space 25600K, 0% used [0x00000000eab00000,0x00000000eab00000,0x00000000ec400000)
  from space 4096K, 99% used [0x00000000ec800000,0x00000000ecbfaab8,0x00000000ecc00000)
  to   space 4096K, 0% used [0x00000000ec400000,0x00000000ec400000,0x00000000ec800000)
 ParOldGen       total 68608K, used 742K [0x00000000c0000000, 0x00000000c4300000, 0x00000000eab00000)
  object space 68608K, 1% used [0x00000000c0000000,0x00000000c00b9820,0x00000000c4300000)
 Metaspace       used 14788K, committed 15104K, reserved 1114112K
  class space    used 1497K, committed 1664K, reserved 1048576K
}
Event: 1.586 GC heap before
{Heap before GC invocations=3 (full 0):
 PSYoungGen      total 29696K, used 29672K [0x00000000eab00000, 0x00000000ecc00000, 0x0000000100000000)
  eden space 25600K, 99% used [0x00000000eab00000,0x00000000ec3ff8f0,0x00000000ec400000)
  from space 4096K, 99% used [0x00000000ec800000,0x00000000ecbfaab8,0x00000000ecc00000)
  to   space 4096K, 0% used [0x00000000ec400000,0x00000000ec400000,0x00000000ec800000)
 ParOldGen       total 68608K, used 742K [0x00000000c0000000, 0x00000000c4300000, 0x00000000eab00000)
  object space 68608K, 1% used [0x00000000c0000000,0x00000000c00b9820,0x00000000c4300000)
 Metaspace       used 19812K, committed 20160K, reserved 1114112K
  class space    used 2026K, committed 2176K, reserved 1048576K
}
Event: 1.591 GC heap after
{Heap after GC invocations=3 (full 0):
 PSYoungGen      total 29696K, used 4075K [0x00000000eab00000, 0x00000000ecc00000, 0x0000000100000000)
  eden space 25600K, 0% used [0x00000000eab00000,0x00000000eab00000,0x00000000ec400000)
  from space 4096K, 99% used [0x00000000ec400000,0x00000000ec7faed8,0x00000000ec800000)
  to   space 4096K, 0% used [0x00000000ec800000,0x00000000ec800000,0x00000000ecc00000)
 ParOldGen       total 68608K, used 2480K [0x00000000c0000000, 0x00000000c4300000, 0x00000000eab00000)
  object space 68608K, 3% used [0x00000000c0000000,0x00000000c026c230,0x00000000c4300000)
 Metaspace       used 19812K, committed 20160K, reserved 1114112K
  class space    used 2026K, committed 2176K, reserved 1048576K
}
Event: 1.662 GC heap before
{Heap before GC invocations=4 (full 0):
 PSYoungGen      total 29696K, used 11299K [0x00000000eab00000, 0x00000000ecc00000, 0x0000000100000000)
  eden space 25600K, 28% used [0x00000000eab00000,0x00000000eb20df88,0x00000000ec400000)
  from space 4096K, 99% used [0x00000000ec400000,0x00000000ec7faed8,0x00000000ec800000)
  to   space 4096K, 0% used [0x00000000ec800000,0x00000000ec800000,0x00000000ecc00000)
 ParOldGen       total 68608K, used 2480K [0x00000000c0000000, 0x00000000c4300000, 0x00000000eab00000)
  object space 68608K, 3% used [0x00000000c0000000,0x00000000c026c230,0x00000000c4300000)
 Metaspace       used 21132K, committed 21504K, reserved 1114112K
  class space    used 2171K, committed 2304K, reserved 1048576K
}
Event: 1.665 GC heap after
{Heap after GC invocations=4 (full 0):
 PSYoungGen      total 29696K, used 4066K [0x00000000eab00000, 0x00000000ecc00000, 0x0000000100000000)
  eden space 25600K, 0% used [0x00000000eab00000,0x00000000eab00000,0x00000000ec400000)
  from space 4096K, 99% used [0x00000000ec800000,0x00000000ecbf8810,0x00000000ecc00000)
  to   space 4096K, 0% used [0x00000000ec400000,0x00000000ec400000,0x00000000ec800000)
 ParOldGen       total 68608K, used 3003K [0x00000000c0000000, 0x00000000c4300000, 0x00000000eab00000)
  object space 68608K, 4% used [0x00000000c0000000,0x00000000c02eefe8,0x00000000c4300000)
 Metaspace       used 21132K, committed 21504K, reserved 1114112K
  class space    used 2171K, committed 2304K, reserved 1048576K
}
Event: 1.665 GC heap before
{Heap before GC invocations=5 (full 1):
 PSYoungGen      total 29696K, used 4066K [0x00000000eab00000, 0x00000000ecc00000, 0x0000000100000000)
  eden space 25600K, 0% used [0x00000000eab00000,0x00000000eab00000,0x00000000ec400000)
  from space 4096K, 99% used [0x00000000ec800000,0x00000000ecbf8810,0x00000000ecc00000)
  to   space 4096K, 0% used [0x00000000ec400000,0x00000000ec400000,0x00000000ec800000)
 ParOldGen       total 68608K, used 3003K [0x00000000c0000000, 0x00000000c4300000, 0x00000000eab00000)
  object space 68608K, 4% used [0x00000000c0000000,0x00000000c02eefe8,0x00000000c4300000)
 Metaspace       used 21132K, committed 21504K, reserved 1114112K
  class space    used 2171K, committed 2304K, reserved 1048576K
}
Event: 1.681 GC heap after
{Heap after GC invocations=5 (full 1):
 PSYoungGen      total 29696K, used 0K [0x00000000eab00000, 0x00000000ecc00000, 0x0000000100000000)
  eden space 25600K, 0% used [0x00000000eab00000,0x00000000eab00000,0x00000000ec400000)
  from space 4096K, 0% used [0x00000000ec800000,0x00000000ec800000,0x00000000ecc00000)
  to   space 4096K, 0% used [0x00000000ec400000,0x00000000ec400000,0x00000000ec800000)
 ParOldGen       total 68608K, used 6854K [0x00000000c0000000, 0x00000000c4300000, 0x00000000eab00000)
  object space 68608K, 9% used [0x00000000c0000000,0x00000000c06b1ad0,0x00000000c4300000)
 Metaspace       used 21118K, committed 21504K, reserved 1114112K
  class space    used 2167K, committed 2304K, reserved 1048576K
}
Event: 1.834 GC heap before
{Heap before GC invocations=6 (full 1):
 PSYoungGen      total 29696K, used 25600K [0x00000000eab00000, 0x00000000ecc00000, 0x0000000100000000)
  eden space 25600K, 100% used [0x00000000eab00000,0x00000000ec400000,0x00000000ec400000)
  from space 4096K, 0% used [0x00000000ec800000,0x00000000ec800000,0x00000000ecc00000)
  to   space 4096K, 0% used [0x00000000ec400000,0x00000000ec400000,0x00000000ec800000)
 ParOldGen       total 68608K, used 6854K [0x00000000c0000000, 0x00000000c4300000, 0x00000000eab00000)
  object space 68608K, 9% used [0x00000000c0000000,0x00000000c06b1ad0,0x00000000c4300000)
 Metaspace       used 24087K, committed 24512K, reserved 1114112K
  class space    used 2370K, committed 2560K, reserved 1048576K
}
Event: 1.836 GC heap after
{Heap after GC invocations=6 (full 1):
 PSYoungGen      total 26112K, used 744K [0x00000000eab00000, 0x00000000ec880000, 0x0000000100000000)
  eden space 25088K, 0% used [0x00000000eab00000,0x00000000eab00000,0x00000000ec380000)
  from space 1024K, 72% used [0x00000000ec400000,0x00000000ec4ba188,0x00000000ec500000)
  to   space 2560K, 0% used [0x00000000ec600000,0x00000000ec600000,0x00000000ec880000)
 ParOldGen       total 68608K, used 6854K [0x00000000c0000000, 0x00000000c4300000, 0x00000000eab00000)
  object space 68608K, 9% used [0x00000000c0000000,0x00000000c06b1ad0,0x00000000c4300000)
 Metaspace       used 24087K, committed 24512K, reserved 1114112K
  class space    used 2370K, committed 2560K, reserved 1048576K
}

Dll operation events (9 events):
Event: 0.010 Loaded shared library c:\Users\ferna\.vscode\extensions\redhat.java-1.29.0-win32-x64\jre\17.0.10-win32-x86_64\bin\java.dll
Event: 0.161 Loaded shared library c:\Users\ferna\.vscode\extensions\redhat.java-1.29.0-win32-x64\jre\17.0.10-win32-x86_64\bin\zip.dll
Event: 0.164 Loaded shared library C:\Users\ferna\.vscode\extensions\redhat.java-1.29.0-win32-x64\jre\17.0.10-win32-x86_64\bin\instrument.dll
Event: 0.178 Loaded shared library C:\Users\ferna\.vscode\extensions\redhat.java-1.29.0-win32-x64\jre\17.0.10-win32-x86_64\bin\net.dll
Event: 0.181 Loaded shared library C:\Users\ferna\.vscode\extensions\redhat.java-1.29.0-win32-x64\jre\17.0.10-win32-x86_64\bin\nio.dll
Event: 0.187 Loaded shared library C:\Users\ferna\.vscode\extensions\redhat.java-1.29.0-win32-x64\jre\17.0.10-win32-x86_64\bin\zip.dll
Event: 0.201 Loaded shared library C:\Users\ferna\.vscode\extensions\redhat.java-1.29.0-win32-x64\jre\17.0.10-win32-x86_64\bin\jimage.dll
Event: 0.254 Loaded shared library c:\Users\ferna\.vscode\extensions\redhat.java-1.29.0-win32-x64\jre\17.0.10-win32-x86_64\bin\verify.dll
Event: 1.071 Loaded shared library C:\Users\ferna\AppData\Roaming\Code\User\globalStorage\redhat.java\1.29.0\config_ss_win\org.eclipse.equinox.launcher\org.eclipse.equinox.launcher.win32.win32.x86_64_1.2.900.v20240213-1244\eclipse_11900.dll

Deoptimization events (20 events):
Event: 1.391 Thread 0x0000024cb00dd4f0 Uncommon trap: trap_request=0xffffffc6 fr.pc=0x0000024c9fff573c relative=0x0000000000000d7c
Event: 1.391 Thread 0x0000024cb00dd4f0 Uncommon trap: reason=bimorphic_or_optimized_type_check action=maybe_recompile pc=0x0000024c9fff573c method=java.io.DataInputStream.readInt()I @ 6 c2
Event: 1.391 Thread 0x0000024cb00dd4f0 DEOPT PACKING pc=0x0000024c9fff573c sp=0x000000b8c0bf8a00
Event: 1.391 Thread 0x0000024cb00dd4f0 DEOPT UNPACKING pc=0x0000024c9fa066a3 sp=0x000000b8c0bf89b8 mode 2
Event: 1.391 Thread 0x0000024cb00dd4f0 Uncommon trap: trap_request=0xffffffc6 fr.pc=0x0000024c9fff573c relative=0x0000000000000d7c
Event: 1.391 Thread 0x0000024cb00dd4f0 Uncommon trap: reason=bimorphic_or_optimized_type_check action=maybe_recompile pc=0x0000024c9fff573c method=java.io.DataInputStream.readInt()I @ 6 c2
Event: 1.391 Thread 0x0000024cb00dd4f0 DEOPT PACKING pc=0x0000024c9fff573c sp=0x000000b8c0bf8990
Event: 1.391 Thread 0x0000024cb00dd4f0 DEOPT UNPACKING pc=0x0000024c9fa066a3 sp=0x000000b8c0bf8948 mode 2
Event: 1.568 Thread 0x0000024cb00dd4f0 Uncommon trap: trap_request=0xffffff45 fr.pc=0x0000024ca0004b24 relative=0x0000000000000f04
Event: 1.568 Thread 0x0000024cb00dd4f0 Uncommon trap: reason=unstable_if action=reinterpret pc=0x0000024ca0004b24 method=java.util.Properties.loadConvert([CIILjava/lang/StringBuilder;)Ljava/lang/String; @ 491 c2
Event: 1.568 Thread 0x0000024cb00dd4f0 DEOPT PACKING pc=0x0000024ca0004b24 sp=0x000000b8c0bf7c80
Event: 1.568 Thread 0x0000024cb00dd4f0 DEOPT UNPACKING pc=0x0000024c9fa066a3 sp=0x000000b8c0bf7c60 mode 2
Event: 1.627 Thread 0x0000024cb00dd4f0 Uncommon trap: trap_request=0xffffff45 fr.pc=0x0000024c9ffa0274 relative=0x0000000000000074
Event: 1.627 Thread 0x0000024cb00dd4f0 Uncommon trap: reason=unstable_if action=reinterpret pc=0x0000024c9ffa0274 method=jdk.internal.misc.Unsafe.convEndian(ZJ)J @ 4 c2
Event: 1.627 Thread 0x0000024cb00dd4f0 DEOPT PACKING pc=0x0000024c9ffa0274 sp=0x000000b8c0bf7cc0
Event: 1.627 Thread 0x0000024cb00dd4f0 DEOPT UNPACKING pc=0x0000024c9fa066a3 sp=0x000000b8c0bf7be8 mode 2
Event: 1.638 Thread 0x0000024cb00dd4f0 Uncommon trap: trap_request=0xffffff45 fr.pc=0x0000024c9ff7a748 relative=0x0000000000000048
Event: 1.638 Thread 0x0000024cb00dd4f0 Uncommon trap: reason=unstable_if action=reinterpret pc=0x0000024c9ff7a748 method=java.lang.CharacterData.of(I)Ljava/lang/CharacterData; @ 4 c2
Event: 1.638 Thread 0x0000024cb00dd4f0 DEOPT PACKING pc=0x0000024c9ff7a748 sp=0x000000b8c0bf8c30
Event: 1.638 Thread 0x0000024cb00dd4f0 DEOPT UNPACKING pc=0x0000024c9fa066a3 sp=0x000000b8c0bf8bc8 mode 2

Classes unloaded (7 events):
Event: 1.667 Thread 0x0000024cae7f4870 Unloading class 0x000000010021a400 'java/lang/invoke/LambdaForm$MH+0x000000010021a400'
Event: 1.667 Thread 0x0000024cae7f4870 Unloading class 0x000000010021a000 'java/lang/invoke/LambdaForm$MH+0x000000010021a000'
Event: 1.667 Thread 0x0000024cae7f4870 Unloading class 0x0000000100219c00 'java/lang/invoke/LambdaForm$MH+0x0000000100219c00'
Event: 1.667 Thread 0x0000024cae7f4870 Unloading class 0x0000000100219800 'java/lang/invoke/LambdaForm$MH+0x0000000100219800'
Event: 1.667 Thread 0x0000024cae7f4870 Unloading class 0x0000000100219400 'java/lang/invoke/LambdaForm$BMH+0x0000000100219400'
Event: 1.668 Thread 0x0000024cae7f4870 Unloading class 0x0000000100219000 'java/lang/invoke/LambdaForm$DMH+0x0000000100219000'
Event: 1.668 Thread 0x0000024cae7f4870 Unloading class 0x0000000100214400 'java/lang/invoke/LambdaForm$DMH+0x0000000100214400'

Classes redefined (0 events):
No events

Internal exceptions (20 events):
Event: 1.517 Thread 0x0000024cb00dd4f0 Exception <a 'java/lang/NoSuchMethodError'{0x00000000ec066eb8}: 'java.lang.Object java.lang.invoke.DelegatingMethodHandle$Holder.reinvoke_L(java.lang.Object, java.lang.Object, java.lang.Object, java.lang.Object, int, int)'> (0x00000000ec066eb8) 
thrown [s\src\hotspot\share\interpreter\linkResolver.cpp, line 759]
Event: 1.520 Thread 0x0000024cb00dd4f0 Exception <a 'java/lang/NoSuchMethodError'{0x00000000ec07b7b0}: 'java.lang.Object java.lang.invoke.Invokers$Holder.invokeExact_MT(java.lang.Object, java.lang.Object, java.lang.Object, java.lang.Object)'> (0x00000000ec07b7b0) 
thrown [s\src\hotspot\share\interpreter\linkResolver.cpp, line 759]
Event: 1.561 Thread 0x0000024cb00dd4f0 Exception <a 'java/io/FileNotFoundException'{0x00000000ec1e59e8}> (0x00000000ec1e59e8) 
thrown [s\src\hotspot\share\prims\jni.cpp, line 516]
Event: 1.562 Thread 0x0000024cb00dd4f0 Exception <a 'java/io/FileNotFoundException'{0x00000000ec1ec698}> (0x00000000ec1ec698) 
thrown [s\src\hotspot\share\prims\jni.cpp, line 516]
Event: 1.603 Thread 0x0000024cb00dd4f0 Exception <a 'java/lang/NoSuchMethodError'{0x00000000eabf5a70}: 'java.lang.Object java.lang.invoke.DirectMethodHandle$Holder.newInvokeSpecial(java.lang.Object, java.lang.Object, java.lang.Object, java.lang.Object, java.lang.Object)'> (0x00000000eabf5a70) 
thrown [s\src\hotspot\share\interpreter\linkResolver.cpp, line 759]
Event: 1.614 Thread 0x0000024cb00dd4f0 Exception <a 'java/lang/NoSuchMethodError'{0x00000000eacd6028}: 'java.lang.Object java.lang.invoke.DirectMethodHandle$Holder.invokeSpecial(java.lang.Object, java.lang.Object, java.lang.Object, long, java.lang.Object)'> (0x00000000eacd6028) 
thrown [s\src\hotspot\share\interpreter\linkResolver.cpp, line 759]
Event: 1.615 Thread 0x0000024cb00dd4f0 Exception <a 'java/lang/NoSuchMethodError'{0x00000000eacde1e0}: 'java.lang.Object java.lang.invoke.DirectMethodHandle$Holder.newInvokeSpecial(java.lang.Object, java.lang.Object, java.lang.Object, long)'> (0x00000000eacde1e0) 
thrown [s\src\hotspot\share\interpreter\linkResolver.cpp, line 759]
Event: 1.615 Thread 0x0000024cb00dd4f0 Exception <a 'java/lang/NoSuchMethodError'{0x00000000eace2780}: 'java.lang.Object java.lang.invoke.DirectMethodHandle$Holder.invokeSpecial(java.lang.Object, java.lang.Object, java.lang.Object, java.lang.Object, long)'> (0x00000000eace2780) 
thrown [s\src\hotspot\share\interpreter\linkResolver.cpp, line 759]
Event: 1.615 Thread 0x0000024cb00dd4f0 Exception <a 'java/lang/NoSuchMethodError'{0x00000000eace65f8}: 'java.lang.Object java.lang.invoke.Invokers$Holder.linkToTargetMethod(java.lang.Object, java.lang.Object, long, java.lang.Object)'> (0x00000000eace65f8) 
thrown [s\src\hotspot\share\interpreter\linkResolver.cpp, line 759]
Event: 1.646 Thread 0x0000024cb00dd4f0 Exception <a 'java/lang/IncompatibleClassChangeError'{0x00000000eafe6e70}: Found class java.lang.Object, but interface was expected> (0x00000000eafe6e70) 
thrown [s\src\hotspot\share\interpreter\linkResolver.cpp, line 826]
Event: 1.647 Thread 0x0000024cb00dd4f0 Exception <a 'java/lang/NoSuchMethodError'{0x00000000eafead10}: 'java.lang.Object java.lang.invoke.DirectMethodHandle$Holder.invokeSpecial(java.lang.Object, java.lang.Object, java.lang.Object, int, java.lang.Object, java.lang.Object)'> (0x00000000eafead10) 
thrown [s\src\hotspot\share\interpreter\linkResolver.cpp, line 759]
Event: 1.647 Thread 0x0000024cb00dd4f0 Exception <a 'java/lang/NoSuchMethodError'{0x00000000eaff3498}: 'java.lang.Object java.lang.invoke.DirectMethodHandle$Holder.newInvokeSpecial(java.lang.Object, java.lang.Object, java.lang.Object, int, java.lang.Object)'> (0x00000000eaff3498) 
thrown [s\src\hotspot\share\interpreter\linkResolver.cpp, line 759]
Event: 1.648 Thread 0x0000024cb00dd4f0 Exception <a 'java/lang/NoSuchMethodError'{0x00000000eaff78f0}: 'java.lang.Object java.lang.invoke.DirectMethodHandle$Holder.invokeSpecial(java.lang.Object, java.lang.Object, java.lang.Object, java.lang.Object, int, java.lang.Object)'> (0x00000000eaff78f0) 
thrown [s\src\hotspot\share\interpreter\linkResolver.cpp, line 759]
Event: 1.649 Thread 0x0000024cb00de930 Exception <a 'java/lang/NoSuchMethodError'{0x00000000ead1d1f0}: 'java.lang.Object java.lang.invoke.DirectMethodHandle$Holder.invokeSpecial(java.lang.Object, java.lang.Object, int, java.lang.Object, java.lang.Object)'> (0x00000000ead1d1f0) 
thrown [s\src\hotspot\share\interpreter\linkResolver.cpp, line 759]
Event: 1.649 Thread 0x0000024cb00de930 Exception <a 'java/lang/NoSuchMethodError'{0x00000000ead248c0}: 'java.lang.Object java.lang.invoke.DirectMethodHandle$Holder.newInvokeSpecial(java.lang.Object, java.lang.Object, int, java.lang.Object)'> (0x00000000ead248c0) 
thrown [s\src\hotspot\share\interpreter\linkResolver.cpp, line 759]
Event: 1.649 Thread 0x0000024cb00de930 Exception <a 'java/lang/NoSuchMethodError'{0x00000000ead283d0}: 'java.lang.Object java.lang.invoke.DirectMethodHandle$Holder.invokeSpecial(java.lang.Object, java.lang.Object, java.lang.Object, int, java.lang.Object)'> (0x00000000ead283d0) 
thrown [s\src\hotspot\share\interpreter\linkResolver.cpp, line 759]
Event: 1.773 Thread 0x0000024cb00dd4f0 Exception <a 'java/io/FileNotFoundException'{0x00000000ebd70118}> (0x00000000ebd70118) 
thrown [s\src\hotspot\share\prims\jni.cpp, line 516]
Event: 1.773 Thread 0x0000024cb00dd4f0 Exception <a 'java/io/FileNotFoundException'{0x00000000ebd70f70}> (0x00000000ebd70f70) 
thrown [s\src\hotspot\share\prims\jni.cpp, line 516]
Event: 1.773 Thread 0x0000024cb00dd4f0 Exception <a 'java/io/FileNotFoundException'{0x00000000ebd71f08}> (0x00000000ebd71f08) 
thrown [s\src\hotspot\share\prims\jni.cpp, line 516]
Event: 1.866 Thread 0x0000024cb00dd4f0 Exception <a 'java/lang/NoSuchMethodError'{0x00000000eadccaf0}: 'int java.lang.invoke.DirectMethodHandle$Holder.invokeStaticInit(java.lang.Object, java.lang.Object, java.lang.Object)'> (0x00000000eadccaf0) 
thrown [s\src\hotspot\share\interpreter\linkResolver.cpp, line 759]

VM Operations (20 events):
Event: 1.123 Executing VM operation: HandshakeAllThreads
Event: 1.123 Executing VM operation: HandshakeAllThreads done
Event: 1.146 Executing VM operation: ParallelGCFailedAllocation
Event: 1.151 Executing VM operation: ParallelGCFailedAllocation done
Event: 1.392 Executing VM operation: HandshakeAllThreads
Event: 1.392 Executing VM operation: HandshakeAllThreads done
Event: 1.508 Executing VM operation: HandshakeAllThreads
Event: 1.508 Executing VM operation: HandshakeAllThreads done
Event: 1.586 Executing VM operation: ParallelGCFailedAllocation
Event: 1.591 Executing VM operation: ParallelGCFailedAllocation done
Event: 1.627 Executing VM operation: HandshakeAllThreads
Event: 1.627 Executing VM operation: HandshakeAllThreads done
Event: 1.638 Executing VM operation: HandshakeAllThreads
Event: 1.638 Executing VM operation: HandshakeAllThreads done
Event: 1.656 Executing VM operation: HandshakeAllThreads
Event: 1.656 Executing VM operation: HandshakeAllThreads done
Event: 1.662 Executing VM operation: CollectForMetadataAllocation
Event: 1.681 Executing VM operation: CollectForMetadataAllocation done
Event: 1.834 Executing VM operation: ParallelGCFailedAllocation
Event: 1.836 Executing VM operation: ParallelGCFailedAllocation done

Events (20 events):
Event: 1.711 loading class java/io/StringReader
Event: 1.711 loading class java/io/StringReader done
Event: 1.715 loading class java/util/zip/GZIPInputStream
Event: 1.715 loading class java/util/zip/GZIPInputStream done
Event: 1.717 loading class java/net/SocketTimeoutException
Event: 1.717 loading class java/io/InterruptedIOException
Event: 1.717 loading class java/io/InterruptedIOException done
Event: 1.717 loading class java/net/SocketTimeoutException done
Event: 1.718 loading class java/net/SocketException
Event: 1.718 loading class java/net/SocketException done
Event: 1.718 loading class java/net/UnknownHostException
Event: 1.718 loading class java/net/UnknownHostException done
Event: 1.718 loading class java/net/ProtocolException
Event: 1.718 loading class java/net/ProtocolException done
Event: 1.728 loading class java/lang/ThreadLocal$SuppliedThreadLocal
Event: 1.728 loading class java/lang/ThreadLocal$SuppliedThreadLocal done
Event: 1.733 loading class java/io/FileWriter
Event: 1.733 loading class java/io/FileWriter done
Event: 1.733 loading class java/lang/NegativeArraySizeException
Event: 1.733 loading class java/lang/NegativeArraySizeException done


Dynamic libraries:
0x00007ff6b9f50000 - 0x00007ff6b9f5e000 	c:\Users\ferna\.vscode\extensions\redhat.java-1.29.0-win32-x64\jre\17.0.10-win32-x86_64\bin\java.exe
0x00007ff8290b0000 - 0x00007ff8292c6000 	C:\WINDOWS\SYSTEM32\ntdll.dll
0x00007ff828ab0000 - 0x00007ff828b74000 	C:\WINDOWS\System32\KERNEL32.DLL
0x00007ff826820000 - 0x00007ff826bc7000 	C:\WINDOWS\System32\KERNELBASE.dll
0x00007ff826660000 - 0x00007ff826771000 	C:\WINDOWS\System32\ucrtbase.dll
0x00007ff80f5e0000 - 0x00007ff80f5f7000 	c:\Users\ferna\.vscode\extensions\redhat.java-1.29.0-win32-x64\jre\17.0.10-win32-x86_64\bin\jli.dll
0x00007ff80f570000 - 0x00007ff80f58b000 	c:\Users\ferna\.vscode\extensions\redhat.java-1.29.0-win32-x64\jre\17.0.10-win32-x86_64\bin\VCRUNTIME140.dll
0x00007ff8276a0000 - 0x00007ff82784e000 	C:\WINDOWS\System32\USER32.dll
0x00007ff826bd0000 - 0x00007ff826bf6000 	C:\WINDOWS\System32\win32u.dll
0x00007ff809fb0000 - 0x00007ff80a243000 	C:\WINDOWS\WinSxS\amd64_microsoft.windows.common-controls_6595b64144ccf1df_6.0.22621.3235_none_270f74e173860f98\COMCTL32.dll
0x00007ff827850000 - 0x00007ff827879000 	C:\WINDOWS\System32\GDI32.dll
0x00007ff8285c0000 - 0x00007ff828667000 	C:\WINDOWS\System32\msvcrt.dll
0x00007ff826c00000 - 0x00007ff826d19000 	C:\WINDOWS\System32\gdi32full.dll
0x00007ff826450000 - 0x00007ff8264ea000 	C:\WINDOWS\System32\msvcp_win.dll
0x00007ff827cc0000 - 0x00007ff827cf1000 	C:\WINDOWS\System32\IMM32.DLL
0x00007ff821940000 - 0x00007ff82194c000 	c:\Users\ferna\.vscode\extensions\redhat.java-1.29.0-win32-x64\jre\17.0.10-win32-x86_64\bin\vcruntime140_1.dll
0x00007ffff8130000 - 0x00007ffff81bd000 	c:\Users\ferna\.vscode\extensions\redhat.java-1.29.0-win32-x64\jre\17.0.10-win32-x86_64\bin\msvcp140.dll
0x00007fffa0d70000 - 0x00007fffa19d2000 	c:\Users\ferna\.vscode\extensions\redhat.java-1.29.0-win32-x64\jre\17.0.10-win32-x86_64\bin\server\jvm.dll
0x00007ff827ae0000 - 0x00007ff827b92000 	C:\WINDOWS\System32\ADVAPI32.dll
0x00007ff828740000 - 0x00007ff8287e8000 	C:\WINDOWS\System32\sechost.dll
0x00007ff8267f0000 - 0x00007ff826818000 	C:\WINDOWS\System32\bcrypt.dll
0x00007ff828cf0000 - 0x00007ff828e05000 	C:\WINDOWS\System32\RPCRT4.dll
0x00007ff825c80000 - 0x00007ff825ccd000 	C:\WINDOWS\SYSTEM32\POWRPROF.dll
0x00007ff81e840000 - 0x00007ff81e874000 	C:\WINDOWS\SYSTEM32\WINMM.dll
0x00007ff808f40000 - 0x00007ff808f49000 	C:\WINDOWS\SYSTEM32\WSOCK32.dll
0x00007ff81ca60000 - 0x00007ff81ca6a000 	C:\WINDOWS\SYSTEM32\VERSION.dll
0x00007ff827890000 - 0x00007ff827901000 	C:\WINDOWS\System32\WS2_32.dll
0x00007ff825c60000 - 0x00007ff825c73000 	C:\WINDOWS\SYSTEM32\UMPDC.dll
0x00007ff825410000 - 0x00007ff825428000 	C:\WINDOWS\SYSTEM32\kernel.appcore.dll
0x00007ff8218e0000 - 0x00007ff8218ea000 	c:\Users\ferna\.vscode\extensions\redhat.java-1.29.0-win32-x64\jre\17.0.10-win32-x86_64\bin\jimage.dll
0x00007ff81cc30000 - 0x00007ff81ce63000 	C:\WINDOWS\SYSTEM32\DBGHELP.DLL
0x00007ff826e70000 - 0x00007ff8271f8000 	C:\WINDOWS\System32\combase.dll
0x00007ff828c10000 - 0x00007ff828ce7000 	C:\WINDOWS\System32\OLEAUT32.dll
0x00007ff80a2d0000 - 0x00007ff80a302000 	C:\WINDOWS\SYSTEM32\dbgcore.DLL
0x00007ff8263d0000 - 0x00007ff826449000 	C:\WINDOWS\System32\bcryptPrimitives.dll
0x00007ff8112f0000 - 0x00007ff8112fe000 	c:\Users\ferna\.vscode\extensions\redhat.java-1.29.0-win32-x64\jre\17.0.10-win32-x86_64\bin\instrument.dll
0x00007ffffeca0000 - 0x00007ffffecc5000 	c:\Users\ferna\.vscode\extensions\redhat.java-1.29.0-win32-x64\jre\17.0.10-win32-x86_64\bin\java.dll
0x00007ff80ef30000 - 0x00007ff80ef48000 	c:\Users\ferna\.vscode\extensions\redhat.java-1.29.0-win32-x64\jre\17.0.10-win32-x86_64\bin\zip.dll
0x00007ff827d00000 - 0x00007ff82855c000 	C:\WINDOWS\System32\SHELL32.dll
0x00007ff824330000 - 0x00007ff824c29000 	C:\WINDOWS\SYSTEM32\windows.storage.dll
0x00007ff8241f0000 - 0x00007ff82432e000 	C:\WINDOWS\SYSTEM32\wintypes.dll
0x00007ff8289b0000 - 0x00007ff828aa3000 	C:\WINDOWS\System32\SHCORE.dll
0x00007ff827c50000 - 0x00007ff827cae000 	C:\WINDOWS\System32\shlwapi.dll
0x00007ff826300000 - 0x00007ff826321000 	C:\WINDOWS\SYSTEM32\profapi.dll
0x00007ff808500000 - 0x00007ff808519000 	C:\Users\ferna\.vscode\extensions\redhat.java-1.29.0-win32-x64\jre\17.0.10-win32-x86_64\bin\net.dll
0x00007ff820b30000 - 0x00007ff820c66000 	C:\WINDOWS\SYSTEM32\WINHTTP.dll
0x00007ff825880000 - 0x00007ff8258e9000 	C:\WINDOWS\system32\mswsock.dll
0x00007ff807650000 - 0x00007ff807666000 	C:\Users\ferna\.vscode\extensions\redhat.java-1.29.0-win32-x64\jre\17.0.10-win32-x86_64\bin\nio.dll
0x00007ff811170000 - 0x00007ff811180000 	c:\Users\ferna\.vscode\extensions\redhat.java-1.29.0-win32-x64\jre\17.0.10-win32-x86_64\bin\verify.dll
0x00007ffff97c0000 - 0x00007ffff97fe000 	C:\Users\ferna\AppData\Roaming\Code\User\globalStorage\redhat.java\1.29.0\config_ss_win\org.eclipse.equinox.launcher\org.eclipse.equinox.launcher.win32.win32.x86_64_1.2.900.v20240213-1244\eclipse_11900.dll
0x00007ff827910000 - 0x00007ff827ab5000 	C:\WINDOWS\System32\ole32.dll

dbghelp: loaded successfully - version: 4.0.5 - missing functions: none
symbol engine: initialized successfully - sym options: 0x614 - pdb path: .;c:\Users\ferna\.vscode\extensions\redhat.java-1.29.0-win32-x64\jre\17.0.10-win32-x86_64\bin;C:\WINDOWS\SYSTEM32;C:\WINDOWS\WinSxS\amd64_microsoft.windows.common-controls_6595b64144ccf1df_6.0.22621.3235_none_270f74e173860f98;c:\Users\ferna\.vscode\extensions\redhat.java-1.29.0-win32-x64\jre\17.0.10-win32-x86_64\bin\server;C:\Users\ferna\AppData\Roaming\Code\User\globalStorage\redhat.java\1.29.0\config_ss_win\org.eclipse.equinox.launcher\org.eclipse.equinox.launcher.win32.win32.x86_64_1.2.900.v20240213-1244

VM Arguments:
jvm_args: --add-modules=ALL-SYSTEM --add-opens=java.base/java.util=ALL-UNNAMED --add-opens=java.base/java.lang=ALL-UNNAMED --add-opens=java.base/sun.nio.fs=ALL-UNNAMED -Declipse.application=org.eclipse.jdt.ls.core.id1 -Dosgi.bundles.defaultStartLevel=4 -Declipse.product=org.eclipse.jdt.ls.core.product -Djava.import.generatesMetadataFilesAtProjectRoot=false -DDetectVMInstallationsJob.disabled=true -Dfile.encoding=utf8 -XX:+UseParallelGC -XX:GCTimeRatio=4 -XX:AdaptiveSizePolicyWeight=90 -Dsun.zip.disableMemoryMapping=true -Xmx1G -Xms100m -Xlog:disable -javaagent:c:\Users\ferna\.vscode\extensions\redhat.java-1.29.0-win32-x64\lombok\lombok-1.18.32.jar 
java_command: c:\Users\ferna\.vscode\extensions\redhat.java-1.29.0-win32-x64\server\plugins\org.eclipse.equinox.launcher_1.6.800.v20240304-1850.jar -configuration c:\Users\ferna\AppData\Roaming\Code\User\globalStorage\redhat.java\1.29.0\config_ss_win -data c:\Users\ferna\AppData\Roaming\Code\User\workspaceStorage\62be571db2466fc7fa80bd9412ada204\redhat.java\ss_ws --stdio
java_class_path (initial): c:\Users\ferna\.vscode\extensions\redhat.java-1.29.0-win32-x64\server\plugins\org.eclipse.equinox.launcher_1.6.800.v20240304-1850.jar
Launcher Type: SUN_STANDARD

[Global flags]
    uintx AdaptiveSizePolicyWeight                 = 90                                        {product} {command line}
     intx CICompilerCount                          = 4                                         {product} {ergonomic}
    uintx GCTimeRatio                              = 4                                         {product} {command line}
   size_t InitialHeapSize                          = 104857600                                 {product} {command line}
   size_t MaxHeapSize                              = 1073741824                                {product} {command line}
   size_t MaxNewSize                               = 357564416                                 {product} {ergonomic}
   size_t MinHeapDeltaBytes                        = 524288                                    {product} {ergonomic}
   size_t MinHeapSize                              = 104857600                                 {product} {command line}
   size_t NewSize                                  = 34603008                                  {product} {ergonomic}
    uintx NonNMethodCodeHeapSize                   = 5839372                                {pd product} {ergonomic}
    uintx NonProfiledCodeHeapSize                  = 122909434                              {pd product} {ergonomic}
   size_t OldSize                                  = 70254592                                  {product} {ergonomic}
    uintx ProfiledCodeHeapSize                     = 122909434                              {pd product} {ergonomic}
    uintx ReservedCodeCacheSize                    = 251658240                              {pd product} {ergonomic}
     bool SegmentedCodeCache                       = true                                      {product} {ergonomic}
   size_t SoftMaxHeapSize                          = 1073741824                             {manageable} {ergonomic}
     bool UseCompressedClassPointers               = true                           {product lp64_product} {ergonomic}
     bool UseCompressedOops                        = true                           {product lp64_product} {ergonomic}
     bool UseLargePagesIndividualAllocation        = false                                  {pd product} {ergonomic}
     bool UseParallelGC                            = true                                      {product} {command line}

Logging:
Log output configuration:
 #0: stdout all=off uptime,level,tags
 #1: stderr all=off uptime,level,tags

Environment Variables:
JAVA_HOME=C:\Program Files\Java\jdk-21
PATH=C:\Program Files\MySQL\MySQL Shell 8.0\bin\;C:\Users\ferna\AppData\Local\Programs\Python\Python310\Scripts\;C:\Users\ferna\AppData\Local\Microsoft\WindowsApps;C:\Program Files\JetBrains\PyCharm 2021.3.1\bin;C:\Program Files\JetBrains\PyCharm Community Edition 2021.3.1\bin;C:\Users\ferna\AppData\Local\Programs\Microsoft VS Code\bin;C:\Users\ferna\.dotnet\tools;C:\MinGW\bin;C:\Program Files\Azure Data Studio\bin;C:\Program Files\Java\jdk-21\bin;C:\Program Files\Maven\apache-maven-3.9.4\bin;C:\WINDOWS\system32;C:\WINDOWS;C:\Program Files\nodejs\;C:\Program Files\HP\HP One Agent;C:\Program Files\Microsoft SQL Server\Client SDK\ODBC\170\Tools\Binn\;C:\Program Files\Microsoft SQL Server\160\DTS\Binn\;C:\Program Files (x86)\Microsoft SQL Server\150\Tools\Binn\;C:\Program Files\Microsoft SQL Server\150\Tools\Binn\;C:\Program Files (x86)\Microsoft SQL Server\150\DTS\Binn\;C:\Program Files\Microsoft SQL Server\150\DTS\Binn\;C:\Program Files\MySQL\MySQL Shell 8.0\bin\;C:\Users\ferna\AppData\Local\Programs\Python\Python310\Scripts\;C:\Users\ferna\AppData\Local\Programs\Python\Python310\;C:\Users\ferna\AppData\Local\Microsoft\WindowsApps;C:\Program Files\JetBrains\PyCharm 2021.3.1\bin;C:\Program Files\JetBrains\PyCharm Community Edition 2021.3.1\bin;C:\Users\ferna\AppData\Local\Programs\Microsoft VS Code\bin;C:\Users\ferna\.dotnet\tools;C:\MinGW\bin;C:\Program Files\Azure Data Studio\bin;C:\Users\ferna\AppData\Roaming\npm;C:\Users\ferna\AppData\Local\GitHubDesktop\bin
USERNAME=ferna
OS=Windows_NT
PROCESSOR_IDENTIFIER=AMD64 Family 23 Model 104 Stepping 1, AuthenticAMD
TMP=C:\Users\ferna\AppData\Local\Temp
TEMP=C:\Users\ferna\AppData\Local\Temp



Periodic native trim disabled


---------------  S Y S T E M  ---------------

OS:
 Windows 11 , 64 bit Build 22621 (10.0.22621.3374)
OS uptime: 0 days 2:52 hours

CPU: total 12 (initial active 12) (12 cores per cpu, 2 threads per core) family 23 model 104 stepping 1 microcode 0x0, cx8, cmov, fxsr, ht, mmx, 3dnowpref, sse, sse2, sse3, ssse3, sse4a, sse4.1, sse4.2, popcnt, lzcnt, tsc, tscinvbit, avx, avx2, aes, clmul, bmi1, bmi2, adx, sha, fma, vzeroupper, clflush, clflushopt
Processor Information for processor 0
  Max Mhz: 2100, Current Mhz: 2100, Mhz Limit: 2100
Processor Information for processor 1
  Max Mhz: 2100, Current Mhz: 1988, Mhz Limit: 2100
Processor Information for processor 2
  Max Mhz: 2100, Current Mhz: 2100, Mhz Limit: 2100
Processor Information for processor 3
  Max Mhz: 2100, Current Mhz: 2100, Mhz Limit: 2100
Processor Information for processor 4
  Max Mhz: 2100, Current Mhz: 1988, Mhz Limit: 2100
Processor Information for processor 5
  Max Mhz: 2100, Current Mhz: 2100, Mhz Limit: 2100
Processor Information for processor 6
  Max Mhz: 2100, Current Mhz: 2100, Mhz Limit: 2100
Processor Information for processor 7
  Max Mhz: 2100, Current Mhz: 1988, Mhz Limit: 2100
Processor Information for processor 8
  Max Mhz: 2100, Current Mhz: 2100, Mhz Limit: 2100
Processor Information for processor 9
  Max Mhz: 2100, Current Mhz: 1988, Mhz Limit: 2100
Processor Information for processor 10
  Max Mhz: 2100, Current Mhz: 1988, Mhz Limit: 2100
Processor Information for processor 11
  Max Mhz: 2100, Current Mhz: 2100, Mhz Limit: 2100

Memory: 4k page, system-wide physical 7502M (341M free)
TotalPageFile size 13563M (AvailPageFile size 204M)
current process WorkingSet (physical memory assigned to process): 118M, peak: 118M
current process commit charge ("private bytes"): 232M, peak: 232M

vm_info: OpenJDK 64-Bit Server VM (17.0.10+7) for windows-amd64 JRE (17.0.10+7), built on Jan 16 2024 23:25:11 by "admin" with MS VC++ 16.10 / 16.11 (VS2019)

END.
