#
# There is insufficient memory for the Java Runtime Environment to continue.
# Native memory allocation (malloc) failed to allocate 722256 bytes for Chunk::new
# Possible reasons:
#   The system is out of physical RAM or swap space
#   The process is running with CompressedOops enabled, and the Java Heap may be blocking the growth of the native heap
# Possible solutions:
#   Reduce memory load on the system
#   Increase physical memory or swap space
#   Check if swap backing store is full
#   Decrease Java heap size (-Xmx/-Xms)
#   Decrease number of Java threads
#   Decrease Java thread stack sizes (-Xss)
#   Set larger code cache with -XX:ReservedCodeCacheSize=
#   JVM is running with Unscaled Compressed Oops mode in which the Java heap is
#     placed in the first 4GB address space. The Java Heap base address is the
#     maximum limit for the native heap growth. Please use -XX:HeapBaseMinAddress
#     to set the Java Heap base and to place the Java Heap above 4GB virtual address.
# This output file may be truncated or incomplete.
#
#  Out of Memory Error (arena.cpp:191), pid=19584, tid=19084
#
# JRE version: OpenJDK Runtime Environment Temurin-17.0.10+7 (17.0.10+7) (build 17.0.10+7)
# Java VM: OpenJDK 64-Bit Server VM Temurin-17.0.10+7 (17.0.10+7, mixed mode, tiered, compressed oops, compressed class ptrs, parallel gc, windows-amd64)
# No core dump will be written. Minidumps are not enabled by default on client versions of Windows
#

---------------  S U M M A R Y ------------

Command Line: --add-modules=ALL-SYSTEM --add-opens=java.base/java.util=ALL-UNNAMED --add-opens=java.base/java.lang=ALL-UNNAMED --add-opens=java.base/sun.nio.fs=ALL-UNNAMED -Declipse.application=org.eclipse.jdt.ls.core.id1 -Dosgi.bundles.defaultStartLevel=4 -Declipse.product=org.eclipse.jdt.ls.core.product -Djava.import.generatesMetadataFilesAtProjectRoot=false -DDetectVMInstallationsJob.disabled=true -Dfile.encoding=utf8 -XX:+UseParallelGC -XX:GCTimeRatio=4 -XX:AdaptiveSizePolicyWeight=90 -Dsun.zip.disableMemoryMapping=true -Xmx1G -Xms100m -Xlog:disable -javaagent:c:\Users\ferna\.vscode\extensions\redhat.java-1.29.0-win32-x64\lombok\lombok-1.18.32.jar -XX:+HeapDumpOnOutOfMemoryError -XX:HeapDumpPath=c:\Users\ferna\AppData\Roaming\Code\User\workspaceStorage\62be571db2466fc7fa80bd9412ada204\redhat.java -Daether.dependencyCollector.impl=bf c:\Users\ferna\.vscode\extensions\redhat.java-1.29.0-win32-x64\server\plugins\org.eclipse.equinox.launcher_1.6.800.v20240304-1850.jar -configuration c:\Users\ferna\AppData\Roaming\Code\User\globalStorage\redhat.java\1.29.0\config_win -data c:\Users\ferna\AppData\Roaming\Code\User\workspaceStorage\62be571db2466fc7fa80bd9412ada204\redhat.java\jdt_ws --stdio

Host: AMD Ryzen 5 5500U with Radeon Graphics         , 12 cores, 7G,  Windows 11 , 64 bit Build 22621 (10.0.22621.3374)
Time: Wed Apr 24 22:48:32 2024 Hora estándar, América Central elapsed time: 2.771231 seconds (0d 0h 0m 2s)

---------------  T H R E A D  ---------------

Current thread (0x000001a1412e8ef0):  JavaThread "C2 CompilerThread0" daemon [_thread_in_native, id=19084, stack(0x0000004e8ca00000,0x0000004e8cb00000)]


Current CompileTask:
C2:   2771 3201   !   4       java.util.jar.Attributes::read (498 bytes)

Stack: [0x0000004e8ca00000,0x0000004e8cb00000]
Native frames: (J=compiled Java code, j=interpreted, Vv=VM code, C=native code)
V  [jvm.dll+0x67d2c9]
V  [jvm.dll+0x834afa]
V  [jvm.dll+0x8365be]
V  [jvm.dll+0x836c23]
V  [jvm.dll+0x2477ff]
V  [jvm.dll+0xac514]
V  [jvm.dll+0xacb5c]
V  [jvm.dll+0x366782]
V  [jvm.dll+0x330bfa]
V  [jvm.dll+0x33009a]
V  [jvm.dll+0x219ef1]
V  [jvm.dll+0x219311]
V  [jvm.dll+0x1a502d]
V  [jvm.dll+0x2290de]
V  [jvm.dll+0x2272ac]
V  [jvm.dll+0x7e9bb7]
V  [jvm.dll+0x7e3fba]
V  [jvm.dll+0x67c1b5]
C  [ucrtbase.dll+0x29333]
C  [KERNEL32.DLL+0x1257d]
C  [ntdll.dll+0x5aa48]


---------------  P R O C E S S  ---------------

Threads class SMR info:
_java_thread_list=0x000001a1439fffd0, length=21, elements={
0x000001a1263d0da0, 0x000001a13c1a3020, 0x000001a13c1a9260, 0x000001a1412d8320,
0x000001a1412d91a0, 0x000001a1412da7c0, 0x000001a1412db380, 0x000001a1412e8ef0,
0x000001a1412ee830, 0x000001a1412efb40, 0x000001a1413dc020, 0x000001a1416283f0,
0x000001a143506720, 0x000001a143115560, 0x000001a1432814b0, 0x000001a143695e70,
0x000001a143797100, 0x000001a143a55db0, 0x000001a143691480, 0x000001a143694210,
0x000001a143694c30
}

Java Threads: ( => current thread )
  0x000001a1263d0da0 JavaThread "main" [_thread_blocked, id=6392, stack(0x0000004e8c100000,0x0000004e8c200000)]
  0x000001a13c1a3020 JavaThread "Reference Handler" daemon [_thread_blocked, id=21160, stack(0x0000004e8c400000,0x0000004e8c500000)]
  0x000001a13c1a9260 JavaThread "Finalizer" daemon [_thread_blocked, id=8228, stack(0x0000004e8c500000,0x0000004e8c600000)]
  0x000001a1412d8320 JavaThread "Signal Dispatcher" daemon [_thread_blocked, id=18016, stack(0x0000004e8c600000,0x0000004e8c700000)]
  0x000001a1412d91a0 JavaThread "Attach Listener" daemon [_thread_blocked, id=13456, stack(0x0000004e8c700000,0x0000004e8c800000)]
  0x000001a1412da7c0 JavaThread "Service Thread" daemon [_thread_blocked, id=18756, stack(0x0000004e8c800000,0x0000004e8c900000)]
  0x000001a1412db380 JavaThread "Monitor Deflation Thread" daemon [_thread_blocked, id=20372, stack(0x0000004e8c900000,0x0000004e8ca00000)]
=>0x000001a1412e8ef0 JavaThread "C2 CompilerThread0" daemon [_thread_in_native, id=19084, stack(0x0000004e8ca00000,0x0000004e8cb00000)]
  0x000001a1412ee830 JavaThread "C1 CompilerThread0" daemon [_thread_blocked, id=3388, stack(0x0000004e8cb00000,0x0000004e8cc00000)]
  0x000001a1412efb40 JavaThread "Sweeper thread" daemon [_thread_blocked, id=13124, stack(0x0000004e8cc00000,0x0000004e8cd00000)]
  0x000001a1413dc020 JavaThread "Common-Cleaner" daemon [_thread_blocked, id=21972, stack(0x0000004e8cd00000,0x0000004e8ce00000)]
  0x000001a1416283f0 JavaThread "Notification Thread" daemon [_thread_blocked, id=22064, stack(0x0000004e8ce00000,0x0000004e8cf00000)]
  0x000001a143506720 JavaThread "Active Thread: Equinox Container: 3d1cd6cd-3393-41dc-95a4-6829dcf0c3a7" [_thread_blocked, id=8140, stack(0x0000004e8d600000,0x0000004e8d700000)]
  0x000001a143115560 JavaThread "Framework Event Dispatcher: Equinox Container: 3d1cd6cd-3393-41dc-95a4-6829dcf0c3a7" daemon [_thread_blocked, id=21288, stack(0x0000004e8d700000,0x0000004e8d800000)]
  0x000001a1432814b0 JavaThread "Start Level: Equinox Container: 3d1cd6cd-3393-41dc-95a4-6829dcf0c3a7" daemon [_thread_in_Java, id=2424, stack(0x0000004e8d800000,0x0000004e8d900000)]
  0x000001a143695e70 JavaThread "Bundle File Closer" daemon [_thread_blocked, id=16184, stack(0x0000004e8da00000,0x0000004e8db00000)]
  0x000001a143797100 JavaThread "SCR Component Actor" daemon [_thread_blocked, id=7584, stack(0x0000004e8db00000,0x0000004e8dc00000)]
  0x000001a143a55db0 JavaThread "SCR Component Registry" daemon [_thread_blocked, id=4660, stack(0x0000004e8de00000,0x0000004e8df00000)]
  0x000001a143691480 JavaThread "Worker-JM" [_thread_blocked, id=6848, stack(0x0000004e8df00000,0x0000004e8e000000)]
  0x000001a143694210 JavaThread "Worker-0: Checking project encoding" [_thread_blocked, id=12272, stack(0x0000004e8e000000,0x0000004e8e100000)]
  0x000001a143694c30 JavaThread "Worker-1" [_thread_blocked, id=4024, stack(0x0000004e8e100000,0x0000004e8e200000)]

Other Threads:
  0x000001a12647ecc0 VMThread "VM Thread" [stack: 0x0000004e8c300000,0x0000004e8c400000] [id=7280]
  0x000001a141621d20 WatcherThread [stack: 0x0000004e8cf00000,0x0000004e8d000000] [id=7320]
  0x000001a1263e4560 GCTaskThread "GC Thread#0" [stack: 0x0000004e8c200000,0x0000004e8c300000] [id=15652]
  0x000001a142ba7ab0 GCTaskThread "GC Thread#1" [stack: 0x0000004e8d000000,0x0000004e8d100000] [id=22292]
  0x000001a143284220 GCTaskThread "GC Thread#2" [stack: 0x0000004e8d100000,0x0000004e8d200000] [id=19496]
  0x000001a1432844e0 GCTaskThread "GC Thread#3" [stack: 0x0000004e8d200000,0x0000004e8d300000] [id=16680]
  0x000001a142ba9560 GCTaskThread "GC Thread#4" [stack: 0x0000004e8d300000,0x0000004e8d400000] [id=8020]
  0x000001a142ba9820 GCTaskThread "GC Thread#5" [stack: 0x0000004e8d400000,0x0000004e8d500000] [id=10116]
  0x000001a142ba9ae0 GCTaskThread "GC Thread#6" [stack: 0x0000004e8d500000,0x0000004e8d600000] [id=20764]
  0x000001a143799070 GCTaskThread "GC Thread#7" [stack: 0x0000004e8d900000,0x0000004e8da00000] [id=8624]
  0x000001a14393c030 GCTaskThread "GC Thread#8" [stack: 0x0000004e8dc00000,0x0000004e8dd00000] [id=20828]
  0x000001a1438a2320 GCTaskThread "GC Thread#9" [stack: 0x0000004e8dd00000,0x0000004e8de00000] [id=4112]

Threads with active compile tasks:
C2 CompilerThread0     2783 3201   !   4       java.util.jar.Attributes::read (498 bytes)
C1 CompilerThread0     2783 3361       1       org.apache.felix.scr.impl.config.ScrConfigurationImpl::lockTimeout (5 bytes)

VM state: not at safepoint (normal execution)

VM Mutex/Monitor currently owned by a thread: None

Heap address: 0x00000000c0000000, size: 1024 MB, Compressed Oops mode: 32-bit

CDS archive(s) not mapped
Compressed class space mapped at: 0x0000000100000000-0x0000000140000000, reserved size: 1073741824
Narrow klass base: 0x0000000000000000, Narrow klass shift: 3, Narrow klass range: 0x140000000

GC Precious Log:
 CPUs: 12 total, 12 available
 Memory: 7502M
 Large Page Support: Disabled
 NUMA Support: Disabled
 Compressed Oops: Enabled (32-bit)
 Alignments: Space 512K, Generation 512K, Heap 2M
 Heap Min Capacity: 100M
 Heap Initial Capacity: 100M
 Heap Max Capacity: 1G
 Pre-touch: Disabled
 Parallel Workers: 10

Heap:
 PSYoungGen      total 26624K, used 16869K [0x00000000eab00000, 0x00000000eca80000, 0x0000000100000000)
  eden space 25088K, 61% used [0x00000000eab00000,0x00000000eba03340,0x00000000ec380000)
  from space 1536K, 97% used [0x00000000ec900000,0x00000000eca764b8,0x00000000eca80000)
  to   space 3072K, 0% used [0x00000000ec480000,0x00000000ec480000,0x00000000ec780000)
 ParOldGen       total 68608K, used 10808K [0x00000000c0000000, 0x00000000c4300000, 0x00000000eab00000)
  object space 68608K, 15% used [0x00000000c0000000,0x00000000c0a8e1a0,0x00000000c4300000)
 Metaspace       used 25933K, committed 26496K, reserved 1114112K
  class space    used 2665K, committed 2880K, reserved 1048576K

Card table byte_map: [0x000001a139a20000,0x000001a139c30000] _byte_map_base: 0x000001a139420000

Marking Bits: (ParMarkBitMap*) 0x00007fffa190d7d0
 Begin Bits: [0x000001a139d90000, 0x000001a13ad90000)
 End Bits:   [0x000001a13ad90000, 0x000001a13bd90000)

Polling page: 0x000001a12a810000

Metaspace:

Usage:
  Non-class:     22.72 MB used.
      Class:      2.60 MB used.
       Both:     25.33 MB used.

Virtual space:
  Non-class space:       64.00 MB reserved,      23.06 MB ( 36%) committed,  1 nodes.
      Class space:        1.00 GB reserved,       2.81 MB ( <1%) committed,  1 nodes.
             Both:        1.06 GB reserved,      25.88 MB (  2%) committed. 

Chunk freelists:
   Non-Class:  8.27 MB
       Class:  13.22 MB
        Both:  21.48 MB

MaxMetaspaceSize: unlimited
CompressedClassSpaceSize: 1.00 GB
Initial GC threshold: 21.00 MB
Current GC threshold: 35.00 MB
CDS: off
MetaspaceReclaimPolicy: balanced
 - commit_granule_bytes: 65536.
 - commit_granule_words: 8192.
 - virtual_space_node_default_size: 8388608.
 - enlarge_chunks_in_place: 1.
 - new_chunks_are_fully_committed: 0.
 - uncommit_free_chunks: 1.
 - use_allocation_guard: 0.
 - handle_deallocations: 1.


Internal statistics:

num_allocs_failed_limit: 3.
num_arena_births: 312.
num_arena_deaths: 0.
num_vsnodes_births: 2.
num_vsnodes_deaths: 0.
num_space_committed: 414.
num_space_uncommitted: 0.
num_chunks_returned_to_freelist: 3.
num_chunks_taken_from_freelist: 969.
num_chunk_merges: 0.
num_chunk_splits: 641.
num_chunks_enlarged: 453.
num_inconsistent_stats: 0.

CodeHeap 'non-profiled nmethods': size=120000Kb used=1231Kb max_used=1231Kb free=118768Kb
 bounds [0x000001a132300000, 0x000001a132570000, 0x000001a139830000]
CodeHeap 'profiled nmethods': size=120000Kb used=7042Kb max_used=7042Kb free=112957Kb
 bounds [0x000001a12a830000, 0x000001a12af20000, 0x000001a131d60000]
CodeHeap 'non-nmethods': size=5760Kb used=1211Kb max_used=1228Kb free=4548Kb
 bounds [0x000001a131d60000, 0x000001a131fd0000, 0x000001a132300000]
 total_blobs=3859 nmethods=3345 adapters=427
 compilation: enabled
              stopped_count=0, restarted_count=0
 full_count=0

Compilation events (20 events):
Event: 2.754 Thread 0x000001a1412ee830 nmethod 3318 0x000001a12af01410 code [0x000001a12af015c0, 0x000001a12af017f8]
Event: 2.754 Thread 0x000001a1412ee830 3319       3       java.lang.reflect.Field::acquireFieldAccessor (59 bytes)
Event: 2.754 Thread 0x000001a1412ee830 nmethod 3319 0x000001a12af01910 code [0x000001a12af01b00, 0x000001a12af02018]
Event: 2.758 Thread 0x000001a1412ee830 3320       1       org.apache.felix.scr.impl.metadata.ReferenceMetadata::isStatic (5 bytes)
Event: 2.758 Thread 0x000001a1412ee830 nmethod 3320 0x000001a132430b90 code [0x000001a132430d20, 0x000001a132430df8]
Event: 2.760 Thread 0x000001a1412ee830 3322       1       org.apache.felix.scr.impl.inject.RefPair::isFailed (5 bytes)
Event: 2.760 Thread 0x000001a1412ee830 nmethod 3322 0x000001a132431290 code [0x000001a132431420, 0x000001a1324314f8]
Event: 2.761 Thread 0x000001a1412ee830 3323       3       java.lang.Class$ReflectionData::<init> (10 bytes)
Event: 2.761 Thread 0x000001a1412ee830 nmethod 3323 0x000001a12af02190 code [0x000001a12af02320, 0x000001a12af02498]
Event: 2.761 Thread 0x000001a1412ee830 3326       3       java.lang.reflect.Array::newInstance (6 bytes)
Event: 2.761 Thread 0x000001a1412ee830 nmethod 3326 0x000001a12af02590 code [0x000001a12af02720, 0x000001a12af02828]
Event: 2.761 Thread 0x000001a1412ee830 3325   !   3       org.eclipse.osgi.framework.util.SecureAction::start (61 bytes)
Event: 2.762 Thread 0x000001a1412ee830 nmethod 3325 0x000001a12af02910 code [0x000001a12af02b40, 0x000001a12af03498]
Event: 2.762 Thread 0x000001a1412ee830 3324       3       java.lang.Class$Atomic::casReflectionData (13 bytes)
Event: 2.762 Thread 0x000001a1412ee830 nmethod 3324 0x000001a12af03790 code [0x000001a12af03920, 0x000001a12af03a38]
Event: 2.764 Thread 0x000001a1412ee830 3327       3       java.lang.Class::privateGetDeclaredConstructors (79 bytes)
Event: 2.764 Thread 0x000001a1412ee830 nmethod 3327 0x000001a12af03b10 code [0x000001a12af03d00, 0x000001a12af041a8]
Event: 2.766 Thread 0x000001a1412ee830 3328       1       org.apache.felix.scr.impl.inject.BindParameters::getRefPair (5 bytes)
Event: 2.766 Thread 0x000001a1412ee830 nmethod 3328 0x000001a132431590 code [0x000001a132431720, 0x000001a1324317f8]
Event: 2.769 Thread 0x000001a1412ee830 3329       3       jdk.internal.reflect.ReflectionFactory::copyConstructor (11 bytes)

GC Heap History (14 events):
Event: 0.754 GC heap before
{Heap before GC invocations=1 (full 0):
 PSYoungGen      total 29696K, used 25600K [0x00000000eab00000, 0x00000000ecc00000, 0x0000000100000000)
  eden space 25600K, 100% used [0x00000000eab00000,0x00000000ec400000,0x00000000ec400000)
  from space 4096K, 0% used [0x00000000ec800000,0x00000000ec800000,0x00000000ecc00000)
  to   space 4096K, 0% used [0x00000000ec400000,0x00000000ec400000,0x00000000ec800000)
 ParOldGen       total 68608K, used 0K [0x00000000c0000000, 0x00000000c4300000, 0x00000000eab00000)
  object space 68608K, 0% used [0x00000000c0000000,0x00000000c0000000,0x00000000c4300000)
 Metaspace       used 11010K, committed 11200K, reserved 1114112K
  class space    used 1098K, committed 1216K, reserved 1048576K
}
Event: 0.758 GC heap after
{Heap after GC invocations=1 (full 0):
 PSYoungGen      total 29696K, used 3156K [0x00000000eab00000, 0x00000000ecc00000, 0x0000000100000000)
  eden space 25600K, 0% used [0x00000000eab00000,0x00000000eab00000,0x00000000ec400000)
  from space 4096K, 77% used [0x00000000ec400000,0x00000000ec715298,0x00000000ec800000)
  to   space 4096K, 0% used [0x00000000ec800000,0x00000000ec800000,0x00000000ecc00000)
 ParOldGen       total 68608K, used 16K [0x00000000c0000000, 0x00000000c4300000, 0x00000000eab00000)
  object space 68608K, 0% used [0x00000000c0000000,0x00000000c0004000,0x00000000c4300000)
 Metaspace       used 11010K, committed 11200K, reserved 1114112K
  class space    used 1098K, committed 1216K, reserved 1048576K
}
Event: 1.233 GC heap before
{Heap before GC invocations=2 (full 0):
 PSYoungGen      total 29696K, used 28756K [0x00000000eab00000, 0x00000000ecc00000, 0x0000000100000000)
  eden space 25600K, 100% used [0x00000000eab00000,0x00000000ec400000,0x00000000ec400000)
  from space 4096K, 77% used [0x00000000ec400000,0x00000000ec715298,0x00000000ec800000)
  to   space 4096K, 0% used [0x00000000ec800000,0x00000000ec800000,0x00000000ecc00000)
 ParOldGen       total 68608K, used 16K [0x00000000c0000000, 0x00000000c4300000, 0x00000000eab00000)
  object space 68608K, 0% used [0x00000000c0000000,0x00000000c0004000,0x00000000c4300000)
 Metaspace       used 14619K, committed 14912K, reserved 1114112K
  class space    used 1463K, committed 1600K, reserved 1048576K
}
Event: 1.238 GC heap after
{Heap after GC invocations=2 (full 0):
 PSYoungGen      total 29696K, used 4068K [0x00000000eab00000, 0x00000000ecc00000, 0x0000000100000000)
  eden space 25600K, 0% used [0x00000000eab00000,0x00000000eab00000,0x00000000ec400000)
  from space 4096K, 99% used [0x00000000ec800000,0x00000000ecbf9288,0x00000000ecc00000)
  to   space 4096K, 0% used [0x00000000ec400000,0x00000000ec400000,0x00000000ec800000)
 ParOldGen       total 68608K, used 1312K [0x00000000c0000000, 0x00000000c4300000, 0x00000000eab00000)
  object space 68608K, 1% used [0x00000000c0000000,0x00000000c0148020,0x00000000c4300000)
 Metaspace       used 14619K, committed 14912K, reserved 1114112K
  class space    used 1463K, committed 1600K, reserved 1048576K
}
Event: 1.778 GC heap before
{Heap before GC invocations=3 (full 0):
 PSYoungGen      total 29696K, used 29668K [0x00000000eab00000, 0x00000000ecc00000, 0x0000000100000000)
  eden space 25600K, 100% used [0x00000000eab00000,0x00000000ec400000,0x00000000ec400000)
  from space 4096K, 99% used [0x00000000ec800000,0x00000000ecbf9288,0x00000000ecc00000)
  to   space 4096K, 0% used [0x00000000ec400000,0x00000000ec400000,0x00000000ec800000)
 ParOldGen       total 68608K, used 1312K [0x00000000c0000000, 0x00000000c4300000, 0x00000000eab00000)
  object space 68608K, 1% used [0x00000000c0000000,0x00000000c0148020,0x00000000c4300000)
 Metaspace       used 16350K, committed 16576K, reserved 1114112K
  class space    used 1640K, committed 1728K, reserved 1048576K
}
Event: 1.784 GC heap after
{Heap after GC invocations=3 (full 0):
 PSYoungGen      total 29696K, used 4089K [0x00000000eab00000, 0x00000000ecc00000, 0x0000000100000000)
  eden space 25600K, 0% used [0x00000000eab00000,0x00000000eab00000,0x00000000ec400000)
  from space 4096K, 99% used [0x00000000ec400000,0x00000000ec7fe6c8,0x00000000ec800000)
  to   space 4096K, 0% used [0x00000000ec800000,0x00000000ec800000,0x00000000ecc00000)
 ParOldGen       total 68608K, used 5268K [0x00000000c0000000, 0x00000000c4300000, 0x00000000eab00000)
  object space 68608K, 7% used [0x00000000c0000000,0x00000000c05252f8,0x00000000c4300000)
 Metaspace       used 16350K, committed 16576K, reserved 1114112K
  class space    used 1640K, committed 1728K, reserved 1048576K
}
Event: 2.180 GC heap before
{Heap before GC invocations=4 (full 0):
 PSYoungGen      total 29696K, used 29689K [0x00000000eab00000, 0x00000000ecc00000, 0x0000000100000000)
  eden space 25600K, 100% used [0x00000000eab00000,0x00000000ec400000,0x00000000ec400000)
  from space 4096K, 99% used [0x00000000ec400000,0x00000000ec7fe6c8,0x00000000ec800000)
  to   space 4096K, 0% used [0x00000000ec800000,0x00000000ec800000,0x00000000ecc00000)
 ParOldGen       total 68608K, used 5268K [0x00000000c0000000, 0x00000000c4300000, 0x00000000eab00000)
  object space 68608K, 7% used [0x00000000c0000000,0x00000000c05252f8,0x00000000c4300000)
 Metaspace       used 19932K, committed 20416K, reserved 1114112K
  class space    used 2012K, committed 2240K, reserved 1048576K
}
Event: 2.185 GC heap after
{Heap after GC invocations=4 (full 0):
 PSYoungGen      total 29696K, used 4092K [0x00000000eab00000, 0x00000000ecc00000, 0x0000000100000000)
  eden space 25600K, 0% used [0x00000000eab00000,0x00000000eab00000,0x00000000ec400000)
  from space 4096K, 99% used [0x00000000ec800000,0x00000000ecbff050,0x00000000ecc00000)
  to   space 4096K, 0% used [0x00000000ec400000,0x00000000ec400000,0x00000000ec800000)
 ParOldGen       total 68608K, used 6819K [0x00000000c0000000, 0x00000000c4300000, 0x00000000eab00000)
  object space 68608K, 9% used [0x00000000c0000000,0x00000000c06a8ee8,0x00000000c4300000)
 Metaspace       used 19932K, committed 20416K, reserved 1114112K
  class space    used 2012K, committed 2240K, reserved 1048576K
}
Event: 2.265 GC heap before
{Heap before GC invocations=5 (full 0):
 PSYoungGen      total 29696K, used 10941K [0x00000000eab00000, 0x00000000ecc00000, 0x0000000100000000)
  eden space 25600K, 26% used [0x00000000eab00000,0x00000000eb1b05f8,0x00000000ec400000)
  from space 4096K, 99% used [0x00000000ec800000,0x00000000ecbff050,0x00000000ecc00000)
  to   space 4096K, 0% used [0x00000000ec400000,0x00000000ec400000,0x00000000ec800000)
 ParOldGen       total 68608K, used 6819K [0x00000000c0000000, 0x00000000c4300000, 0x00000000eab00000)
  object space 68608K, 9% used [0x00000000c0000000,0x00000000c06a8ee8,0x00000000c4300000)
 Metaspace       used 21142K, committed 21504K, reserved 1114112K
  class space    used 2132K, committed 2304K, reserved 1048576K
}
Event: 2.268 GC heap after
{Heap after GC invocations=5 (full 0):
 PSYoungGen      total 29696K, used 4072K [0x00000000eab00000, 0x00000000ece00000, 0x0000000100000000)
  eden space 25600K, 0% used [0x00000000eab00000,0x00000000eab00000,0x00000000ec400000)
  from space 4096K, 99% used [0x00000000ec400000,0x00000000ec7fa2a8,0x00000000ec800000)
  to   space 5120K, 0% used [0x00000000ec900000,0x00000000ec900000,0x00000000ece00000)
 ParOldGen       total 68608K, used 7229K [0x00000000c0000000, 0x00000000c4300000, 0x00000000eab00000)
  object space 68608K, 10% used [0x00000000c0000000,0x00000000c070f790,0x00000000c4300000)
 Metaspace       used 21142K, committed 21504K, reserved 1114112K
  class space    used 2132K, committed 2304K, reserved 1048576K
}
Event: 2.268 GC heap before
{Heap before GC invocations=6 (full 1):
 PSYoungGen      total 29696K, used 4072K [0x00000000eab00000, 0x00000000ece00000, 0x0000000100000000)
  eden space 25600K, 0% used [0x00000000eab00000,0x00000000eab00000,0x00000000ec400000)
  from space 4096K, 99% used [0x00000000ec400000,0x00000000ec7fa2a8,0x00000000ec800000)
  to   space 5120K, 0% used [0x00000000ec900000,0x00000000ec900000,0x00000000ece00000)
 ParOldGen       total 68608K, used 7229K [0x00000000c0000000, 0x00000000c4300000, 0x00000000eab00000)
  object space 68608K, 10% used [0x00000000c0000000,0x00000000c070f790,0x00000000c4300000)
 Metaspace       used 21142K, committed 21504K, reserved 1114112K
  class space    used 2132K, committed 2304K, reserved 1048576K
}
Event: 2.288 GC heap after
{Heap after GC invocations=6 (full 1):
 PSYoungGen      total 29696K, used 0K [0x00000000eab00000, 0x00000000ece00000, 0x0000000100000000)
  eden space 25600K, 0% used [0x00000000eab00000,0x00000000eab00000,0x00000000ec400000)
  from space 4096K, 0% used [0x00000000ec400000,0x00000000ec400000,0x00000000ec800000)
  to   space 5120K, 0% used [0x00000000ec900000,0x00000000ec900000,0x00000000ece00000)
 ParOldGen       total 68608K, used 10800K [0x00000000c0000000, 0x00000000c4300000, 0x00000000eab00000)
  object space 68608K, 15% used [0x00000000c0000000,0x00000000c0a8c1a0,0x00000000c4300000)
 Metaspace       used 21142K, committed 21504K, reserved 1114112K
  class space    used 2132K, committed 2304K, reserved 1048576K
}
Event: 2.639 GC heap before
{Heap before GC invocations=7 (full 1):
 PSYoungGen      total 29696K, used 25600K [0x00000000eab00000, 0x00000000ece00000, 0x0000000100000000)
  eden space 25600K, 100% used [0x00000000eab00000,0x00000000ec400000,0x00000000ec400000)
  from space 4096K, 0% used [0x00000000ec400000,0x00000000ec400000,0x00000000ec800000)
  to   space 5120K, 0% used [0x00000000ec900000,0x00000000ec900000,0x00000000ece00000)
 ParOldGen       total 68608K, used 10800K [0x00000000c0000000, 0x00000000c4300000, 0x00000000eab00000)
  object space 68608K, 15% used [0x00000000c0000000,0x00000000c0a8c1a0,0x00000000c4300000)
 Metaspace       used 24322K, committed 24832K, reserved 1114112K
  class space    used 2479K, committed 2688K, reserved 1048576K
}
Event: 2.640 GC heap after
{Heap after GC invocations=7 (full 1):
 PSYoungGen      total 26624K, used 1497K [0x00000000eab00000, 0x00000000eca80000, 0x0000000100000000)
  eden space 25088K, 0% used [0x00000000eab00000,0x00000000eab00000,0x00000000ec380000)
  from space 1536K, 97% used [0x00000000ec900000,0x00000000eca764b8,0x00000000eca80000)
  to   space 3072K, 0% used [0x00000000ec480000,0x00000000ec480000,0x00000000ec780000)
 ParOldGen       total 68608K, used 10808K [0x00000000c0000000, 0x00000000c4300000, 0x00000000eab00000)
  object space 68608K, 15% used [0x00000000c0000000,0x00000000c0a8e1a0,0x00000000c4300000)
 Metaspace       used 24322K, committed 24832K, reserved 1114112K
  class space    used 2479K, committed 2688K, reserved 1048576K
}

Dll operation events (11 events):
Event: 0.009 Loaded shared library c:\Users\ferna\.vscode\extensions\redhat.java-1.29.0-win32-x64\jre\17.0.10-win32-x86_64\bin\java.dll
Event: 0.164 Loaded shared library c:\Users\ferna\.vscode\extensions\redhat.java-1.29.0-win32-x64\jre\17.0.10-win32-x86_64\bin\zip.dll
Event: 0.167 Loaded shared library C:\Users\ferna\.vscode\extensions\redhat.java-1.29.0-win32-x64\jre\17.0.10-win32-x86_64\bin\instrument.dll
Event: 0.179 Loaded shared library C:\Users\ferna\.vscode\extensions\redhat.java-1.29.0-win32-x64\jre\17.0.10-win32-x86_64\bin\net.dll
Event: 0.181 Loaded shared library C:\Users\ferna\.vscode\extensions\redhat.java-1.29.0-win32-x64\jre\17.0.10-win32-x86_64\bin\nio.dll
Event: 0.187 Loaded shared library C:\Users\ferna\.vscode\extensions\redhat.java-1.29.0-win32-x64\jre\17.0.10-win32-x86_64\bin\zip.dll
Event: 0.203 Loaded shared library C:\Users\ferna\.vscode\extensions\redhat.java-1.29.0-win32-x64\jre\17.0.10-win32-x86_64\bin\jimage.dll
Event: 0.258 Loaded shared library c:\Users\ferna\.vscode\extensions\redhat.java-1.29.0-win32-x64\jre\17.0.10-win32-x86_64\bin\verify.dll
Event: 1.181 Loaded shared library C:\Users\ferna\AppData\Roaming\Code\User\globalStorage\redhat.java\1.29.0\config_win\org.eclipse.equinox.launcher\org.eclipse.equinox.launcher.win32.win32.x86_64_1.2.900.v20240213-1244\eclipse_11900.dll
Event: 2.323 Loaded shared library C:\Users\ferna\.vscode\extensions\redhat.java-1.29.0-win32-x64\jre\17.0.10-win32-x86_64\bin\management.dll
Event: 2.325 Loaded shared library C:\Users\ferna\.vscode\extensions\redhat.java-1.29.0-win32-x64\jre\17.0.10-win32-x86_64\bin\management_ext.dll

Deoptimization events (20 events):
Event: 2.662 Thread 0x000001a1432814b0 DEOPT PACKING pc=0x000001a12a950c09 sp=0x0000004e8d8f17f0
Event: 2.662 Thread 0x000001a1432814b0 DEOPT UNPACKING pc=0x000001a131db6e43 sp=0x0000004e8d8f0c78 mode 0
Event: 2.662 Thread 0x000001a1432814b0 DEOPT PACKING pc=0x000001a12a950c09 sp=0x0000004e8d8f17f0
Event: 2.662 Thread 0x000001a1432814b0 DEOPT UNPACKING pc=0x000001a131db6e43 sp=0x0000004e8d8f0c78 mode 0
Event: 2.699 Thread 0x000001a1432814b0 DEOPT PACKING pc=0x000001a12ab912ce sp=0x0000004e8d8f1fd0
Event: 2.699 Thread 0x000001a1432814b0 DEOPT UNPACKING pc=0x000001a131db6e43 sp=0x0000004e8d8f14e0 mode 0
Event: 2.703 Thread 0x000001a1432814b0 DEOPT PACKING pc=0x000001a12ab912ce sp=0x0000004e8d8f20a0
Event: 2.703 Thread 0x000001a1432814b0 DEOPT UNPACKING pc=0x000001a131db6e43 sp=0x0000004e8d8f15b0 mode 0
Event: 2.706 Thread 0x000001a1432814b0 Uncommon trap: trap_request=0xffffff45 fr.pc=0x000001a132319f74 relative=0x0000000000000354
Event: 2.706 Thread 0x000001a1432814b0 Uncommon trap: reason=unstable_if action=reinterpret pc=0x000001a132319f74 method=java.lang.StringLatin1.canEncode(I)Z @ 4 c2
Event: 2.706 Thread 0x000001a1432814b0 DEOPT PACKING pc=0x000001a132319f74 sp=0x0000004e8d8f2a00
Event: 2.706 Thread 0x000001a1432814b0 DEOPT UNPACKING pc=0x000001a131db66a3 sp=0x0000004e8d8f2928 mode 2
Event: 2.706 Thread 0x000001a1432814b0 Uncommon trap: trap_request=0xffffff45 fr.pc=0x000001a1323539a0 relative=0x0000000000000300
Event: 2.706 Thread 0x000001a1432814b0 Uncommon trap: reason=unstable_if action=reinterpret pc=0x000001a1323539a0 method=java.lang.AbstractStringBuilder.isLatin1()Z @ 10 c2
Event: 2.706 Thread 0x000001a1432814b0 DEOPT PACKING pc=0x000001a1323539a0 sp=0x0000004e8d8f2a00
Event: 2.706 Thread 0x000001a1432814b0 DEOPT UNPACKING pc=0x000001a131db66a3 sp=0x0000004e8d8f2990 mode 2
Event: 2.709 Thread 0x000001a1432814b0 Uncommon trap: trap_request=0xffffff45 fr.pc=0x000001a132320bb8 relative=0x0000000000000038
Event: 2.709 Thread 0x000001a1432814b0 Uncommon trap: reason=unstable_if action=reinterpret pc=0x000001a132320bb8 method=java.lang.StringLatin1.canEncode(I)Z @ 4 c2
Event: 2.709 Thread 0x000001a1432814b0 DEOPT PACKING pc=0x000001a132320bb8 sp=0x0000004e8d8f2990
Event: 2.709 Thread 0x000001a1432814b0 DEOPT UNPACKING pc=0x000001a131db66a3 sp=0x0000004e8d8f2920 mode 2

Classes unloaded (0 events):
No events

Classes redefined (0 events):
No events

Internal exceptions (20 events):
Event: 2.289 Thread 0x000001a1432814b0 Exception <a 'java/lang/NoSuchMethodError'{0x00000000eab0bff8}: 'int java.lang.invoke.DirectMethodHandle$Holder.invokeSpecial(java.lang.Object, java.lang.Object, java.lang.Object, int)'> (0x00000000eab0bff8) 
thrown [s\src\hotspot\share\interpreter\linkResolver.cpp, line 759]
Event: 2.291 Thread 0x000001a1432814b0 Exception <a 'java/lang/NoSuchMethodError'{0x00000000eab27300}: 'java.lang.Object java.lang.invoke.DirectMethodHandle$Holder.invokeStatic(java.lang.Object, java.lang.Object, java.lang.Object, java.lang.Object, int)'> (0x00000000eab27300) 
thrown [s\src\hotspot\share\interpreter\linkResolver.cpp, line 759]
Event: 2.291 Thread 0x000001a1432814b0 Exception <a 'java/lang/NoSuchMethodError'{0x00000000eab33388}: 'java.lang.Object java.lang.invoke.DelegatingMethodHandle$Holder.reinvoke_L(java.lang.Object, java.lang.Object, java.lang.Object, java.lang.Object, int, int)'> (0x00000000eab33388) 
thrown [s\src\hotspot\share\interpreter\linkResolver.cpp, line 759]
Event: 2.293 Thread 0x000001a1432814b0 Exception <a 'java/lang/NoSuchMethodError'{0x00000000eab47c80}: 'java.lang.Object java.lang.invoke.Invokers$Holder.invokeExact_MT(java.lang.Object, java.lang.Object, java.lang.Object, java.lang.Object)'> (0x00000000eab47c80) 
thrown [s\src\hotspot\share\interpreter\linkResolver.cpp, line 759]
Event: 2.318 Thread 0x000001a1432814b0 Exception <a 'java/io/FileNotFoundException'{0x00000000eacca9b0}> (0x00000000eacca9b0) 
thrown [s\src\hotspot\share\prims\jni.cpp, line 516]
Event: 2.321 Thread 0x000001a1432814b0 Exception <a 'java/io/FileNotFoundException'{0x00000000eaceb2d0}> (0x00000000eaceb2d0) 
thrown [s\src\hotspot\share\prims\jni.cpp, line 516]
Event: 2.321 Thread 0x000001a1432814b0 Exception <a 'java/io/FileNotFoundException'{0x00000000eacf2508}> (0x00000000eacf2508) 
thrown [s\src\hotspot\share\prims\jni.cpp, line 516]
Event: 2.376 Thread 0x000001a1432814b0 Exception <a 'java/lang/NoSuchMethodError'{0x00000000eb1167a8}: 'java.lang.Object java.lang.invoke.DirectMethodHandle$Holder.newInvokeSpecial(java.lang.Object, java.lang.Object, java.lang.Object, java.lang.Object, java.lang.Object)'> (0x00000000eb1167a8) 
thrown [s\src\hotspot\share\interpreter\linkResolver.cpp, line 759]
Event: 2.387 Thread 0x000001a1432814b0 Exception <a 'java/lang/NoSuchMethodError'{0x00000000eb211f18}: 'java.lang.Object java.lang.invoke.DirectMethodHandle$Holder.invokeSpecial(java.lang.Object, java.lang.Object, java.lang.Object, long, java.lang.Object)'> (0x00000000eb211f18) 
thrown [s\src\hotspot\share\interpreter\linkResolver.cpp, line 759]
Event: 2.388 Thread 0x000001a1432814b0 Exception <a 'java/lang/NoSuchMethodError'{0x00000000eb21a0d0}: 'java.lang.Object java.lang.invoke.DirectMethodHandle$Holder.newInvokeSpecial(java.lang.Object, java.lang.Object, java.lang.Object, long)'> (0x00000000eb21a0d0) 
thrown [s\src\hotspot\share\interpreter\linkResolver.cpp, line 759]
Event: 2.388 Thread 0x000001a1432814b0 Exception <a 'java/lang/NoSuchMethodError'{0x00000000eb21e670}: 'java.lang.Object java.lang.invoke.DirectMethodHandle$Holder.invokeSpecial(java.lang.Object, java.lang.Object, java.lang.Object, java.lang.Object, long)'> (0x00000000eb21e670) 
thrown [s\src\hotspot\share\interpreter\linkResolver.cpp, line 759]
Event: 2.388 Thread 0x000001a1432814b0 Exception <a 'java/lang/NoSuchMethodError'{0x00000000eb2224e8}: 'java.lang.Object java.lang.invoke.Invokers$Holder.linkToTargetMethod(java.lang.Object, java.lang.Object, long, java.lang.Object)'> (0x00000000eb2224e8) 
thrown [s\src\hotspot\share\interpreter\linkResolver.cpp, line 759]
Event: 2.407 Thread 0x000001a1432814b0 Exception <a 'java/lang/IncompatibleClassChangeError'{0x00000000eb3677b8}: Found class java.lang.Object, but interface was expected> (0x00000000eb3677b8) 
thrown [s\src\hotspot\share\interpreter\linkResolver.cpp, line 826]
Event: 2.408 Thread 0x000001a1432814b0 Exception <a 'java/lang/NoSuchMethodError'{0x00000000eb36b560}: 'java.lang.Object java.lang.invoke.DirectMethodHandle$Holder.invokeSpecial(java.lang.Object, java.lang.Object, java.lang.Object, int, java.lang.Object, java.lang.Object)'> (0x00000000eb36b560) 
thrown [s\src\hotspot\share\interpreter\linkResolver.cpp, line 759]
Event: 2.409 Thread 0x000001a1432814b0 Exception <a 'java/lang/NoSuchMethodError'{0x00000000eb373c58}: 'java.lang.Object java.lang.invoke.DirectMethodHandle$Holder.newInvokeSpecial(java.lang.Object, java.lang.Object, java.lang.Object, int, java.lang.Object)'> (0x00000000eb373c58) 
thrown [s\src\hotspot\share\interpreter\linkResolver.cpp, line 759]
Event: 2.409 Thread 0x000001a1432814b0 Exception <a 'java/lang/NoSuchMethodError'{0x00000000eb3780b0}: 'java.lang.Object java.lang.invoke.DirectMethodHandle$Holder.invokeSpecial(java.lang.Object, java.lang.Object, java.lang.Object, java.lang.Object, int, java.lang.Object)'> (0x00000000eb3780b0) 
thrown [s\src\hotspot\share\interpreter\linkResolver.cpp, line 759]
Event: 2.410 Thread 0x000001a143694210 Exception <a 'java/lang/NoSuchMethodError'{0x00000000eb2521f8}: 'java.lang.Object java.lang.invoke.DirectMethodHandle$Holder.invokeSpecial(java.lang.Object, java.lang.Object, int, java.lang.Object, java.lang.Object)'> (0x00000000eb2521f8) 
thrown [s\src\hotspot\share\interpreter\linkResolver.cpp, line 759]
Event: 2.610 Thread 0x000001a1432814b0 Exception <a 'java/lang/NoSuchMethodError'{0x00000000ec127fa0}: 'java.lang.Object java.lang.invoke.Invokers$Holder.linkToTargetMethod(java.lang.Object, long, java.lang.Object, java.lang.Object)'> (0x00000000ec127fa0) 
thrown [s\src\hotspot\share\interpreter\linkResolver.cpp, line 759]
Event: 2.672 Thread 0x000001a1432814b0 Exception <a 'java/io/FileNotFoundException'{0x00000000eaf8aa30}> (0x00000000eaf8aa30) 
thrown [s\src\hotspot\share\prims\jni.cpp, line 516]
Event: 2.673 Thread 0x000001a1432814b0 Exception <a 'java/lang/NoSuchMethodError'{0x00000000eaf938f8}: 'java.lang.Object java.lang.invoke.DirectMethodHandle$Holder.newInvokeSpecial(java.lang.Object, int, java.lang.Object, java.lang.Object)'> (0x00000000eaf938f8) 
thrown [s\src\hotspot\share\interpreter\linkResolver.cpp, line 759]

VM Operations (20 events):
Event: 2.166 Executing VM operation: ICBufferFull
Event: 2.166 Executing VM operation: ICBufferFull done
Event: 2.180 Executing VM operation: ParallelGCFailedAllocation
Event: 2.185 Executing VM operation: ParallelGCFailedAllocation done
Event: 2.263 Executing VM operation: HandshakeAllThreads
Event: 2.263 Executing VM operation: HandshakeAllThreads done
Event: 2.265 Executing VM operation: CollectForMetadataAllocation
Event: 2.288 Executing VM operation: CollectForMetadataAllocation done
Event: 2.357 Executing VM operation: HandshakeAllThreads
Event: 2.357 Executing VM operation: HandshakeAllThreads done
Event: 2.421 Executing VM operation: HandshakeAllThreads
Event: 2.421 Executing VM operation: HandshakeAllThreads done
Event: 2.481 Executing VM operation: HandshakeAllThreads
Event: 2.481 Executing VM operation: HandshakeAllThreads done
Event: 2.511 Executing VM operation: HandshakeAllThreads
Event: 2.512 Executing VM operation: HandshakeAllThreads done
Event: 2.518 Executing VM operation: HandshakeAllThreads
Event: 2.518 Executing VM operation: HandshakeAllThreads done
Event: 2.638 Executing VM operation: ParallelGCFailedAllocation
Event: 2.640 Executing VM operation: ParallelGCFailedAllocation done

Events (20 events):
Event: 2.709 loading class java/text/DigitList
Event: 2.709 loading class java/text/DigitList done
Event: 2.709 loading class java/math/RoundingMode
Event: 2.709 loading class java/math/RoundingMode done
Event: 2.738 loading class java/io/InvalidObjectException
Event: 2.738 loading class java/io/ObjectStreamException
Event: 2.738 loading class java/io/ObjectStreamException done
Event: 2.738 loading class java/io/InvalidObjectException done
Event: 2.744 loading class java/util/function/BiPredicate
Event: 2.744 loading class java/util/function/BiPredicate done
Event: 2.749 loading class java/util/concurrent/atomic/AtomicReferenceArray
Event: 2.749 loading class java/util/concurrent/atomic/AtomicReferenceArray done
Event: 2.749 loading class java/lang/invoke/VarHandleReferences$Array
Event: 2.749 loading class java/lang/invoke/VarHandleReferences$Array done
Event: 2.766 loading class org/w3c/dom/Node
Event: 2.766 loading class org/w3c/dom/Node done
Event: 2.766 loading class javax/xml/transform/Result
Event: 2.766 loading class javax/xml/transform/Result done
Event: 2.766 loading class javax/xml/transform/Source
Event: 2.766 loading class javax/xml/transform/Source done


Dynamic libraries:
0x00007ff6b9f50000 - 0x00007ff6b9f5e000 	c:\Users\ferna\.vscode\extensions\redhat.java-1.29.0-win32-x64\jre\17.0.10-win32-x86_64\bin\java.exe
0x00007ff8290b0000 - 0x00007ff8292c6000 	C:\WINDOWS\SYSTEM32\ntdll.dll
0x00007ff828ab0000 - 0x00007ff828b74000 	C:\WINDOWS\System32\KERNEL32.DLL
0x00007ff826820000 - 0x00007ff826bc7000 	C:\WINDOWS\System32\KERNELBASE.dll
0x00007ff826660000 - 0x00007ff826771000 	C:\WINDOWS\System32\ucrtbase.dll
0x00007ff80f570000 - 0x00007ff80f58b000 	c:\Users\ferna\.vscode\extensions\redhat.java-1.29.0-win32-x64\jre\17.0.10-win32-x86_64\bin\VCRUNTIME140.dll
0x00007ff80f5e0000 - 0x00007ff80f5f7000 	c:\Users\ferna\.vscode\extensions\redhat.java-1.29.0-win32-x64\jre\17.0.10-win32-x86_64\bin\jli.dll
0x00007ff8276a0000 - 0x00007ff82784e000 	C:\WINDOWS\System32\USER32.dll
0x00007ff826bd0000 - 0x00007ff826bf6000 	C:\WINDOWS\System32\win32u.dll
0x00007ff809fb0000 - 0x00007ff80a243000 	C:\WINDOWS\WinSxS\amd64_microsoft.windows.common-controls_6595b64144ccf1df_6.0.22621.3235_none_270f74e173860f98\COMCTL32.dll
0x00007ff8285c0000 - 0x00007ff828667000 	C:\WINDOWS\System32\msvcrt.dll
0x00007ff827850000 - 0x00007ff827879000 	C:\WINDOWS\System32\GDI32.dll
0x00007ff826c00000 - 0x00007ff826d19000 	C:\WINDOWS\System32\gdi32full.dll
0x00007ff826450000 - 0x00007ff8264ea000 	C:\WINDOWS\System32\msvcp_win.dll
0x00007ff827cc0000 - 0x00007ff827cf1000 	C:\WINDOWS\System32\IMM32.DLL
0x00007ff821940000 - 0x00007ff82194c000 	c:\Users\ferna\.vscode\extensions\redhat.java-1.29.0-win32-x64\jre\17.0.10-win32-x86_64\bin\vcruntime140_1.dll
0x00007ffff8130000 - 0x00007ffff81bd000 	c:\Users\ferna\.vscode\extensions\redhat.java-1.29.0-win32-x64\jre\17.0.10-win32-x86_64\bin\msvcp140.dll
0x00007fffa0d70000 - 0x00007fffa19d2000 	c:\Users\ferna\.vscode\extensions\redhat.java-1.29.0-win32-x64\jre\17.0.10-win32-x86_64\bin\server\jvm.dll
0x00007ff827ae0000 - 0x00007ff827b92000 	C:\WINDOWS\System32\ADVAPI32.dll
0x00007ff828740000 - 0x00007ff8287e8000 	C:\WINDOWS\System32\sechost.dll
0x00007ff8267f0000 - 0x00007ff826818000 	C:\WINDOWS\System32\bcrypt.dll
0x00007ff828cf0000 - 0x00007ff828e05000 	C:\WINDOWS\System32\RPCRT4.dll
0x00007ff825c80000 - 0x00007ff825ccd000 	C:\WINDOWS\SYSTEM32\POWRPROF.dll
0x00007ff808f40000 - 0x00007ff808f49000 	C:\WINDOWS\SYSTEM32\WSOCK32.dll
0x00007ff827890000 - 0x00007ff827901000 	C:\WINDOWS\System32\WS2_32.dll
0x00007ff81e840000 - 0x00007ff81e874000 	C:\WINDOWS\SYSTEM32\WINMM.dll
0x00007ff81ca60000 - 0x00007ff81ca6a000 	C:\WINDOWS\SYSTEM32\VERSION.dll
0x00007ff825c60000 - 0x00007ff825c73000 	C:\WINDOWS\SYSTEM32\UMPDC.dll
0x00007ff825410000 - 0x00007ff825428000 	C:\WINDOWS\SYSTEM32\kernel.appcore.dll
0x00007ff8218e0000 - 0x00007ff8218ea000 	c:\Users\ferna\.vscode\extensions\redhat.java-1.29.0-win32-x64\jre\17.0.10-win32-x86_64\bin\jimage.dll
0x00007ff81cc30000 - 0x00007ff81ce63000 	C:\WINDOWS\SYSTEM32\DBGHELP.DLL
0x00007ff826e70000 - 0x00007ff8271f8000 	C:\WINDOWS\System32\combase.dll
0x00007ff828c10000 - 0x00007ff828ce7000 	C:\WINDOWS\System32\OLEAUT32.dll
0x00007ff80a2d0000 - 0x00007ff80a302000 	C:\WINDOWS\SYSTEM32\dbgcore.DLL
0x00007ff8263d0000 - 0x00007ff826449000 	C:\WINDOWS\System32\bcryptPrimitives.dll
0x00007ff8112f0000 - 0x00007ff8112fe000 	c:\Users\ferna\.vscode\extensions\redhat.java-1.29.0-win32-x64\jre\17.0.10-win32-x86_64\bin\instrument.dll
0x00007ffffeca0000 - 0x00007ffffecc5000 	c:\Users\ferna\.vscode\extensions\redhat.java-1.29.0-win32-x64\jre\17.0.10-win32-x86_64\bin\java.dll
0x00007ff80ef30000 - 0x00007ff80ef48000 	c:\Users\ferna\.vscode\extensions\redhat.java-1.29.0-win32-x64\jre\17.0.10-win32-x86_64\bin\zip.dll
0x00007ff827d00000 - 0x00007ff82855c000 	C:\WINDOWS\System32\SHELL32.dll
0x00007ff824330000 - 0x00007ff824c29000 	C:\WINDOWS\SYSTEM32\windows.storage.dll
0x00007ff8241f0000 - 0x00007ff82432e000 	C:\WINDOWS\SYSTEM32\wintypes.dll
0x00007ff8289b0000 - 0x00007ff828aa3000 	C:\WINDOWS\System32\SHCORE.dll
0x00007ff827c50000 - 0x00007ff827cae000 	C:\WINDOWS\System32\shlwapi.dll
0x00007ff826300000 - 0x00007ff826321000 	C:\WINDOWS\SYSTEM32\profapi.dll
0x00007ff808500000 - 0x00007ff808519000 	C:\Users\ferna\.vscode\extensions\redhat.java-1.29.0-win32-x64\jre\17.0.10-win32-x86_64\bin\net.dll
0x00007ff820b30000 - 0x00007ff820c66000 	C:\WINDOWS\SYSTEM32\WINHTTP.dll
0x00007ff825880000 - 0x00007ff8258e9000 	C:\WINDOWS\system32\mswsock.dll
0x00007ff807650000 - 0x00007ff807666000 	C:\Users\ferna\.vscode\extensions\redhat.java-1.29.0-win32-x64\jre\17.0.10-win32-x86_64\bin\nio.dll
0x00007ff811170000 - 0x00007ff811180000 	c:\Users\ferna\.vscode\extensions\redhat.java-1.29.0-win32-x64\jre\17.0.10-win32-x86_64\bin\verify.dll
0x00007ff80efb0000 - 0x00007ff80efee000 	C:\Users\ferna\AppData\Roaming\Code\User\globalStorage\redhat.java\1.29.0\config_win\org.eclipse.equinox.launcher\org.eclipse.equinox.launcher.win32.win32.x86_64_1.2.900.v20240213-1244\eclipse_11900.dll
0x00007ff827910000 - 0x00007ff827ab5000 	C:\WINDOWS\System32\ole32.dll
0x00007ff8219a0000 - 0x00007ff8219a9000 	C:\Users\ferna\.vscode\extensions\redhat.java-1.29.0-win32-x64\jre\17.0.10-win32-x86_64\bin\management.dll
0x00007ff80f610000 - 0x00007ff80f61b000 	C:\Users\ferna\.vscode\extensions\redhat.java-1.29.0-win32-x64\jre\17.0.10-win32-x86_64\bin\management_ext.dll
0x00007ff828b80000 - 0x00007ff828b88000 	C:\WINDOWS\System32\PSAPI.DLL

dbghelp: loaded successfully - version: 4.0.5 - missing functions: none
symbol engine: initialized successfully - sym options: 0x614 - pdb path: .;c:\Users\ferna\.vscode\extensions\redhat.java-1.29.0-win32-x64\jre\17.0.10-win32-x86_64\bin;C:\WINDOWS\SYSTEM32;C:\WINDOWS\WinSxS\amd64_microsoft.windows.common-controls_6595b64144ccf1df_6.0.22621.3235_none_270f74e173860f98;c:\Users\ferna\.vscode\extensions\redhat.java-1.29.0-win32-x64\jre\17.0.10-win32-x86_64\bin\server;C:\Users\ferna\AppData\Roaming\Code\User\globalStorage\redhat.java\1.29.0\config_win\org.eclipse.equinox.launcher\org.eclipse.equinox.launcher.win32.win32.x86_64_1.2.900.v20240213-1244

VM Arguments:
jvm_args: --add-modules=ALL-SYSTEM --add-opens=java.base/java.util=ALL-UNNAMED --add-opens=java.base/java.lang=ALL-UNNAMED --add-opens=java.base/sun.nio.fs=ALL-UNNAMED -Declipse.application=org.eclipse.jdt.ls.core.id1 -Dosgi.bundles.defaultStartLevel=4 -Declipse.product=org.eclipse.jdt.ls.core.product -Djava.import.generatesMetadataFilesAtProjectRoot=false -DDetectVMInstallationsJob.disabled=true -Dfile.encoding=utf8 -XX:+UseParallelGC -XX:GCTimeRatio=4 -XX:AdaptiveSizePolicyWeight=90 -Dsun.zip.disableMemoryMapping=true -Xmx1G -Xms100m -Xlog:disable -javaagent:c:\Users\ferna\.vscode\extensions\redhat.java-1.29.0-win32-x64\lombok\lombok-1.18.32.jar -XX:+HeapDumpOnOutOfMemoryError -XX:HeapDumpPath=c:\Users\ferna\AppData\Roaming\Code\User\workspaceStorage\62be571db2466fc7fa80bd9412ada204\redhat.java -Daether.dependencyCollector.impl=bf 
java_command: c:\Users\ferna\.vscode\extensions\redhat.java-1.29.0-win32-x64\server\plugins\org.eclipse.equinox.launcher_1.6.800.v20240304-1850.jar -configuration c:\Users\ferna\AppData\Roaming\Code\User\globalStorage\redhat.java\1.29.0\config_win -data c:\Users\ferna\AppData\Roaming\Code\User\workspaceStorage\62be571db2466fc7fa80bd9412ada204\redhat.java\jdt_ws --stdio
java_class_path (initial): c:\Users\ferna\.vscode\extensions\redhat.java-1.29.0-win32-x64\server\plugins\org.eclipse.equinox.launcher_1.6.800.v20240304-1850.jar
Launcher Type: SUN_STANDARD

[Global flags]
    uintx AdaptiveSizePolicyWeight                 = 90                                        {product} {command line}
     intx CICompilerCount                          = 4                                         {product} {ergonomic}
    uintx GCTimeRatio                              = 4                                         {product} {command line}
     bool HeapDumpOnOutOfMemoryError               = true                                   {manageable} {command line}
    ccstr HeapDumpPath                             = c:\Users\ferna\AppData\Roaming\Code\User\workspaceStorage\62be571db2466fc7fa80bd9412ada204\redhat.java         {manageable} {command line}
   size_t InitialHeapSize                          = 104857600                                 {product} {command line}
   size_t MaxHeapSize                              = 1073741824                                {product} {command line}
   size_t MaxNewSize                               = 357564416                                 {product} {ergonomic}
   size_t MinHeapDeltaBytes                        = 524288                                    {product} {ergonomic}
   size_t MinHeapSize                              = 104857600                                 {product} {command line}
   size_t NewSize                                  = 34603008                                  {product} {ergonomic}
    uintx NonNMethodCodeHeapSize                   = 5839372                                {pd product} {ergonomic}
    uintx NonProfiledCodeHeapSize                  = 122909434                              {pd product} {ergonomic}
   size_t OldSize                                  = 70254592                                  {product} {ergonomic}
    uintx ProfiledCodeHeapSize                     = 122909434                              {pd product} {ergonomic}
    uintx ReservedCodeCacheSize                    = 251658240                              {pd product} {ergonomic}
     bool SegmentedCodeCache                       = true                                      {product} {ergonomic}
   size_t SoftMaxHeapSize                          = 1073741824                             {manageable} {ergonomic}
     bool UseCompressedClassPointers               = true                           {product lp64_product} {ergonomic}
     bool UseCompressedOops                        = true                           {product lp64_product} {ergonomic}
     bool UseLargePagesIndividualAllocation        = false                                  {pd product} {ergonomic}
     bool UseParallelGC                            = true                                      {product} {command line}

Logging:
Log output configuration:
 #0: stdout all=off uptime,level,tags
 #1: stderr all=off uptime,level,tags

Environment Variables:
JAVA_HOME=C:\Program Files\Java\jdk-21
PATH=C:\Program Files\MySQL\MySQL Shell 8.0\bin\;C:\Users\ferna\AppData\Local\Programs\Python\Python310\Scripts\;C:\Users\ferna\AppData\Local\Microsoft\WindowsApps;C:\Program Files\JetBrains\PyCharm 2021.3.1\bin;C:\Program Files\JetBrains\PyCharm Community Edition 2021.3.1\bin;C:\Users\ferna\AppData\Local\Programs\Microsoft VS Code\bin;C:\Users\ferna\.dotnet\tools;C:\MinGW\bin;C:\Program Files\Azure Data Studio\bin;C:\Program Files\Java\jdk-21\bin;C:\Program Files\Maven\apache-maven-3.9.4\bin;C:\WINDOWS\system32;C:\WINDOWS;C:\Program Files\nodejs\;C:\Program Files\HP\HP One Agent;C:\Program Files\Microsoft SQL Server\Client SDK\ODBC\170\Tools\Binn\;C:\Program Files\Microsoft SQL Server\160\DTS\Binn\;C:\Program Files (x86)\Microsoft SQL Server\150\Tools\Binn\;C:\Program Files\Microsoft SQL Server\150\Tools\Binn\;C:\Program Files (x86)\Microsoft SQL Server\150\DTS\Binn\;C:\Program Files\Microsoft SQL Server\150\DTS\Binn\;C:\Program Files\MySQL\MySQL Shell 8.0\bin\;C:\Users\ferna\AppData\Local\Programs\Python\Python310\Scripts\;C:\Users\ferna\AppData\Local\Programs\Python\Python310\;C:\Users\ferna\AppData\Local\Microsoft\WindowsApps;C:\Program Files\JetBrains\PyCharm 2021.3.1\bin;C:\Program Files\JetBrains\PyCharm Community Edition 2021.3.1\bin;C:\Users\ferna\AppData\Local\Programs\Microsoft VS Code\bin;C:\Users\ferna\.dotnet\tools;C:\MinGW\bin;C:\Program Files\Azure Data Studio\bin;C:\Users\ferna\AppData\Roaming\npm;C:\Users\ferna\AppData\Local\GitHubDesktop\bin
USERNAME=ferna
OS=Windows_NT
PROCESSOR_IDENTIFIER=AMD64 Family 23 Model 104 Stepping 1, AuthenticAMD
TMP=C:\Users\ferna\AppData\Local\Temp
TEMP=C:\Users\ferna\AppData\Local\Temp



Periodic native trim disabled


---------------  S Y S T E M  ---------------

OS:
 Windows 11 , 64 bit Build 22621 (10.0.22621.3374)
OS uptime: 0 days 2:52 hours

CPU: total 12 (initial active 12) (12 cores per cpu, 2 threads per core) family 23 model 104 stepping 1 microcode 0x0, cx8, cmov, fxsr, ht, mmx, 3dnowpref, sse, sse2, sse3, ssse3, sse4a, sse4.1, sse4.2, popcnt, lzcnt, tsc, tscinvbit, avx, avx2, aes, clmul, bmi1, bmi2, adx, sha, fma, vzeroupper, clflush, clflushopt
Processor Information for processor 0
  Max Mhz: 2100, Current Mhz: 2100, Mhz Limit: 2100
Processor Information for processor 1
  Max Mhz: 2100, Current Mhz: 1988, Mhz Limit: 2100
Processor Information for processor 2
  Max Mhz: 2100, Current Mhz: 2100, Mhz Limit: 2100
Processor Information for processor 3
  Max Mhz: 2100, Current Mhz: 1988, Mhz Limit: 2100
Processor Information for processor 4
  Max Mhz: 2100, Current Mhz: 2100, Mhz Limit: 2100
Processor Information for processor 5
  Max Mhz: 2100, Current Mhz: 1988, Mhz Limit: 2100
Processor Information for processor 6
  Max Mhz: 2100, Current Mhz: 2100, Mhz Limit: 2100
Processor Information for processor 7
  Max Mhz: 2100, Current Mhz: 1988, Mhz Limit: 2100
Processor Information for processor 8
  Max Mhz: 2100, Current Mhz: 1988, Mhz Limit: 2100
Processor Information for processor 9
  Max Mhz: 2100, Current Mhz: 1988, Mhz Limit: 2100
Processor Information for processor 10
  Max Mhz: 2100, Current Mhz: 1988, Mhz Limit: 2100
Processor Information for processor 11
  Max Mhz: 2100, Current Mhz: 2100, Mhz Limit: 2100

Memory: 4k page, system-wide physical 7502M (294M free)
TotalPageFile size 13563M (AvailPageFile size 9M)
current process WorkingSet (physical memory assigned to process): 126M, peak: 126M
current process commit charge ("private bytes"): 235M, peak: 235M

vm_info: OpenJDK 64-Bit Server VM (17.0.10+7) for windows-amd64 JRE (17.0.10+7), built on Jan 16 2024 23:25:11 by "admin" with MS VC++ 16.10 / 16.11 (VS2019)

END.
